<?xml version="1.0" encoding="UTF-8"?>
<coverage generated="1770796879585" clover="3.2.0">
  <project timestamp="1770796879585" name="All files">
    <metrics statements="10057" coveredstatements="1184" conditionals="8690" coveredconditionals="691" methods="1744" coveredmethods="170" elements="20491" coveredelements="2045" complexity="0" loc="10057" ncloc="10057" packages="5" files="54" classes="54"/>
    <package name="src">
      <metrics statements="52" coveredstatements="47" conditionals="118" coveredconditionals="82" methods="10" coveredmethods="9"/>
      <file name="config.js" path="D:\Projects\mirachpos\api\src\config.js">
        <metrics statements="21" coveredstatements="18" conditionals="102" coveredconditionals="71" methods="6" coveredmethods="5"/>
        <line num="1" count="24" type="stmt"/>
        <line num="3" count="24" type="stmt"/>
        <line num="7" count="24" type="cond" truecount="1" falsecount="1"/>
        <line num="8" count="24" type="stmt"/>
        <line num="9" count="24" type="stmt"/>
        <line num="11" count="0" type="stmt"/>
        <line num="14" count="24" type="stmt"/>
        <line num="15" count="48" type="cond" truecount="2" falsecount="0"/>
        <line num="17" count="72" type="stmt"/>
        <line num="20" count="24" type="stmt"/>
        <line num="21" count="24" type="stmt"/>
        <line num="23" count="24" type="stmt"/>
        <line num="30" count="24" type="stmt"/>
        <line num="31" count="24" type="cond" truecount="1" falsecount="1"/>
        <line num="32" count="24" type="cond" truecount="1" falsecount="1"/>
        <line num="33" count="24" type="stmt"/>
        <line num="59" count="24" type="cond" truecount="1" falsecount="1"/>
        <line num="60" count="24" type="cond" truecount="1" falsecount="1"/>
        <line num="61" count="0" type="cond" truecount="0" falsecount="2"/>
        <line num="62" count="0" type="stmt"/>
        <line num="94" count="24" type="stmt"/>
      </file>
      <file name="metrics.js" path="D:\Projects\mirachpos\api\src\metrics.js">
        <metrics statements="31" coveredstatements="29" conditionals="16" coveredconditionals="11" methods="4" coveredmethods="4"/>
        <line num="1" count="22" type="stmt"/>
        <line num="3" count="22" type="stmt"/>
        <line num="4" count="22" type="stmt"/>
        <line num="6" count="22" type="stmt"/>
        <line num="14" count="22" type="stmt"/>
        <line num="21" count="22" type="stmt"/>
        <line num="28" count="22" type="stmt"/>
        <line num="29" count="557" type="cond" truecount="2" falsecount="0"/>
        <line num="30" count="557" type="cond" truecount="2" falsecount="0"/>
        <line num="31" count="557" type="stmt"/>
        <line num="33" count="557" type="cond" truecount="1" falsecount="1"/>
        <line num="34" count="0" type="cond" truecount="0" falsecount="2"/>
        <line num="35" count="0" type="stmt"/>
        <line num="38" count="22" type="stmt"/>
        <line num="39" count="557" type="stmt"/>
        <line num="41" count="557" type="stmt"/>
        <line num="42" count="557" type="stmt"/>
        <line num="43" count="557" type="stmt"/>
        <line num="45" count="557" type="cond" truecount="1" falsecount="1"/>
        <line num="46" count="557" type="stmt"/>
        <line num="47" count="557" type="cond" truecount="1" falsecount="1"/>
        <line num="49" count="557" type="stmt"/>
        <line num="50" count="557" type="stmt"/>
        <line num="52" count="557" type="cond" truecount="2" falsecount="0"/>
        <line num="53" count="528" type="cond" truecount="2" falsecount="0"/>
        <line num="54" count="528" type="stmt"/>
        <line num="58" count="557" type="stmt"/>
        <line num="61" count="22" type="stmt"/>
        <line num="62" count="2" type="stmt"/>
        <line num="63" count="2" type="stmt"/>
        <line num="66" count="22" type="stmt"/>
      </file>
    </package>
    <package name="src.middleware">
      <metrics statements="606" coveredstatements="386" conditionals="507" coveredconditionals="227" methods="80" coveredmethods="47"/>
      <file name="auth.js" path="D:\Projects\mirachpos\api\src\middleware\auth.js">
        <metrics statements="43" coveredstatements="34" conditionals="83" coveredconditionals="63" methods="5" coveredmethods="5"/>
        <line num="1" count="23" type="stmt"/>
        <line num="3" count="23" type="stmt"/>
        <line num="5" count="23" type="stmt"/>
        <line num="7" count="340" type="cond" truecount="8" falsecount="0"/>
        <line num="11" count="340" type="stmt"/>
        <line num="13" count="340" type="cond" truecount="5" falsecount="0"/>
        <line num="16" count="340" type="cond" truecount="2" falsecount="0"/>
        <line num="17" count="5" type="cond" truecount="4" falsecount="1"/>
        <line num="18" count="0" type="stmt"/>
        <line num="21" count="335" type="stmt"/>
        <line num="22" count="335" type="cond" truecount="1" falsecount="1"/>
        <line num="23" count="0" type="stmt"/>
        <line num="24" count="0" type="cond" truecount="0" falsecount="2"/>
        <line num="28" count="0" type="cond" truecount="0" falsecount="5"/>
        <line num="29" count="0" type="stmt"/>
        <line num="34" count="0" type="stmt"/>
        <line num="36" count="335" type="stmt"/>
        <line num="37" count="335" type="stmt"/>
        <line num="38" count="31" type="stmt"/>
        <line num="39" count="31" type="stmt"/>
        <line num="41" count="304" type="stmt"/>
        <line num="42" count="304" type="cond" truecount="1" falsecount="1"/>
        <line num="46" count="304" type="cond" truecount="5" falsecount="0"/>
        <line num="47" count="1" type="stmt"/>
        <line num="51" count="23" type="stmt"/>
        <line num="52" count="2" type="cond" truecount="1" falsecount="1"/>
        <line num="53" count="2" type="cond" truecount="1" falsecount="1"/>
        <line num="54" count="2" type="cond" truecount="4" falsecount="0"/>
        <line num="55" count="1" type="cond" truecount="4" falsecount="1"/>
        <line num="56" count="0" type="stmt"/>
        <line num="59" count="23" type="stmt"/>
        <line num="60" count="3" type="cond" truecount="1" falsecount="1"/>
        <line num="61" count="3" type="stmt"/>
        <line num="62" count="3" type="cond" truecount="1" falsecount="1"/>
        <line num="63" count="3" type="cond" truecount="1" falsecount="1"/>
        <line num="64" count="3" type="cond" truecount="2" falsecount="0"/>
        <line num="66" count="3" type="cond" truecount="6" falsecount="0"/>
        <line num="67" count="1" type="cond" truecount="4" falsecount="1"/>
        <line num="68" count="0" type="stmt"/>
        <line num="71" count="2" type="cond" truecount="4" falsecount="0"/>
        <line num="72" count="1" type="cond" truecount="4" falsecount="1"/>
        <line num="73" count="0" type="stmt"/>
        <line num="76" count="23" type="stmt"/>
      </file>
      <file name="branchScope.js" path="D:\Projects\mirachpos\api\src\middleware\branchScope.js">
        <metrics statements="33" coveredstatements="6" conditionals="52" coveredconditionals="0" methods="7" coveredmethods="2"/>
        <line num="1" count="22" type="stmt"/>
        <line num="2" count="0" type="cond" truecount="0" falsecount="2"/>
        <line num="3" count="0" type="cond" truecount="0" falsecount="2"/>
        <line num="4" count="0" type="cond" truecount="0" falsecount="2"/>
        <line num="5" count="0" type="cond" truecount="0" falsecount="4"/>
        <line num="6" count="0" type="stmt"/>
        <line num="9" count="22" type="stmt"/>
        <line num="10" count="0" type="cond" truecount="0" falsecount="2"/>
        <line num="11" count="0" type="stmt"/>
        <line num="12" count="0" type="cond" truecount="0" falsecount="2"/>
        <line num="14" count="0" type="cond" truecount="0" falsecount="6"/>
        <line num="15" count="0" type="cond" truecount="0" falsecount="2"/>
        <line num="18" count="0" type="stmt"/>
        <line num="21" count="22" type="stmt"/>
        <line num="22" count="0" type="cond" truecount="0" falsecount="2"/>
        <line num="23" count="0" type="stmt"/>
        <line num="24" count="0" type="cond" truecount="0" falsecount="2"/>
        <line num="26" count="0" type="cond" truecount="0" falsecount="5"/>
        <line num="28" count="0" type="cond" truecount="0" falsecount="6"/>
        <line num="29" count="0" type="cond" truecount="0" falsecount="3"/>
        <line num="32" count="0" type="stmt"/>
        <line num="35" count="1416" type="stmt"/>
        <line num="36" count="0" type="stmt"/>
        <line num="37" count="0" type="cond" truecount="0" falsecount="4"/>
        <line num="38" count="0" type="stmt"/>
        <line num="39" count="0" type="stmt"/>
        <line num="42" count="48" type="stmt"/>
        <line num="43" count="0" type="cond" truecount="0" falsecount="4"/>
        <line num="44" count="0" type="stmt"/>
        <line num="45" count="0" type="cond" truecount="0" falsecount="4"/>
        <line num="46" count="0" type="stmt"/>
        <line num="47" count="0" type="stmt"/>
        <line num="50" count="22" type="stmt"/>
      </file>
      <file name="deviceTracking.js" path="D:\Projects\mirachpos\api\src\middleware\deviceTracking.js">
        <metrics statements="28" coveredstatements="0" conditionals="23" coveredconditionals="0" methods="4" coveredmethods="0"/>
        <line num="6" count="0" type="stmt"/>
        <line num="7" count="0" type="stmt"/>
        <line num="13" count="0" type="cond" truecount="0" falsecount="2"/>
        <line num="14" count="0" type="cond" truecount="0" falsecount="3"/>
        <line num="17" count="0" type="stmt"/>
        <line num="23" count="0" type="stmt"/>
        <line num="30" count="0" type="stmt"/>
        <line num="31" count="0" type="stmt"/>
        <line num="32" count="0" type="cond" truecount="0" falsecount="4"/>
        <line num="33" count="0" type="stmt"/>
        <line num="36" count="0" type="stmt"/>
        <line num="37" count="0" type="stmt"/>
        <line num="40" count="0" type="stmt"/>
        <line num="60" count="0" type="stmt"/>
        <line num="61" count="0" type="stmt"/>
        <line num="63" count="0" type="stmt"/>
        <line num="65" count="0" type="stmt"/>
        <line num="66" count="0" type="stmt"/>
        <line num="74" count="0" type="stmt"/>
        <line num="76" count="0" type="cond" truecount="0" falsecount="2"/>
        <line num="77" count="0" type="cond" truecount="0" falsecount="5"/>
        <line num="78" count="0" type="cond" truecount="0" falsecount="4"/>
        <line num="79" count="0" type="stmt"/>
        <line num="86" count="0" type="stmt"/>
        <line num="87" count="0" type="stmt"/>
        <line num="91" count="0" type="stmt"/>
        <line num="93" count="0" type="stmt"/>
        <line num="97" count="0" type="stmt"/>
      </file>
      <file name="entitlements.js" path="D:\Projects\mirachpos\api\src\middleware\entitlements.js">
        <metrics statements="113" coveredstatements="88" conditionals="120" coveredconditionals="63" methods="14" coveredmethods="9"/>
        <line num="1" count="22" type="stmt"/>
        <line num="7" count="22" type="stmt"/>
        <line num="8" count="22" type="stmt"/>
        <line num="10" count="22" type="stmt"/>
        <line num="11" count="45" type="stmt"/>
        <line num="12" count="45" type="cond" truecount="2" falsecount="0"/>
        <line num="13" count="30" type="stmt"/>
        <line num="14" count="30" type="cond" truecount="1" falsecount="1"/>
        <line num="16" count="0" type="stmt"/>
        <line num="20" count="22" type="stmt"/>
        <line num="21" count="0" type="cond" truecount="0" falsecount="2"/>
        <line num="22" count="0" type="cond" truecount="0" falsecount="2"/>
        <line num="23" count="0" type="cond" truecount="0" falsecount="2"/>
        <line num="24" count="0" type="cond" truecount="0" falsecount="2"/>
        <line num="27" count="22" type="stmt"/>
        <line num="28" count="0" type="cond" truecount="0" falsecount="2"/>
        <line num="29" count="0" type="stmt"/>
        <line num="32" count="22" type="stmt"/>
        <line num="33" count="22" type="cond" truecount="1" falsecount="1"/>
        <line num="34" count="22" type="cond" truecount="2" falsecount="0"/>
        <line num="37" count="22" type="stmt"/>
        <line num="38" count="2" type="stmt"/>
        <line num="39" count="2" type="cond" truecount="1" falsecount="1"/>
        <line num="40" count="2" type="stmt"/>
        <line num="42" count="0" type="stmt"/>
        <line num="46" count="22" type="stmt"/>
        <line num="47" count="21" type="stmt"/>
        <line num="52" count="21" type="cond" truecount="2" falsecount="0"/>
        <line num="54" count="17" type="cond" truecount="1" falsecount="1"/>
        <line num="55" count="17" type="cond" truecount="2" falsecount="0"/>
        <line num="57" count="2" type="stmt"/>
        <line num="58" count="2" type="cond" truecount="1" falsecount="1"/>
        <line num="59" count="2" type="stmt"/>
        <line num="60" count="2" type="cond" truecount="1" falsecount="1"/>
        <line num="61" count="2" type="cond" truecount="1" falsecount="1"/>
        <line num="63" count="2" type="cond" truecount="1" falsecount="1"/>
        <line num="64" count="2" type="stmt"/>
        <line num="66" count="2" type="stmt"/>
        <line num="68" count="2" type="stmt"/>
        <line num="75" count="2" type="stmt"/>
        <line num="76" count="2" type="stmt"/>
        <line num="91" count="2" type="stmt"/>
        <line num="94" count="22" type="stmt"/>
        <line num="95" count="21" type="stmt"/>
        <line num="97" count="21" type="cond" truecount="3" falsecount="1"/>
        <line num="99" count="21" type="cond" truecount="3" falsecount="1"/>
        <line num="100" count="0" type="stmt"/>
        <line num="109" count="0" type="stmt"/>
        <line num="112" count="21" type="stmt"/>
        <line num="115" count="21" type="stmt"/>
        <line num="116" count="21" type="cond" truecount="2" falsecount="0"/>
        <line num="117" count="2" type="stmt"/>
        <line num="118" count="2" type="cond" truecount="1" falsecount="1"/>
        <line num="119" count="2" type="stmt"/>
        <line num="120" count="2" type="stmt"/>
        <line num="124" count="19" type="stmt"/>
        <line num="130" count="19" type="cond" truecount="2" falsecount="0"/>
        <line num="131" count="15" type="stmt"/>
        <line num="132" count="15" type="stmt"/>
        <line num="133" count="15" type="stmt"/>
        <line num="135" count="15" type="stmt"/>
        <line num="147" count="15" type="stmt"/>
        <line num="151" count="4" type="stmt"/>
        <line num="152" count="4" type="cond" truecount="1" falsecount="1"/>
        <line num="153" count="4" type="stmt"/>
        <line num="154" count="4" type="stmt"/>
        <line num="156" count="0" type="stmt"/>
        <line num="160" count="22" type="stmt"/>
        <line num="161" count="22" type="cond" truecount="1" falsecount="1"/>
        <line num="162" count="22" type="cond" truecount="4" falsecount="0"/>
        <line num="164" count="2" type="cond" truecount="1" falsecount="1"/>
        <line num="165" count="2" type="cond" truecount="1" falsecount="1"/>
        <line num="166" count="2" type="stmt"/>
        <line num="167" count="2" type="cond" truecount="1" falsecount="1"/>
        <line num="168" count="2" type="stmt"/>
        <line num="171" count="4008" type="stmt"/>
        <line num="172" count="21" type="stmt"/>
        <line num="173" count="21" type="stmt"/>
        <line num="174" count="21" type="cond" truecount="1" falsecount="1"/>
        <line num="176" count="21" type="cond" truecount="3" falsecount="1"/>
        <line num="178" count="21" type="cond" truecount="1" falsecount="1"/>
        <line num="179" count="21" type="cond" truecount="2" falsecount="0"/>
        <line num="181" count="19" type="cond" truecount="1" falsecount="1"/>
        <line num="182" count="19" type="cond" truecount="2" falsecount="0"/>
        <line num="183" count="17" type="stmt"/>
        <line num="185" count="0" type="stmt"/>
        <line num="189" count="22" type="stmt"/>
        <line num="190" count="0" type="stmt"/>
        <line num="191" count="0" type="stmt"/>
        <line num="192" count="0" type="cond" truecount="0" falsecount="2"/>
        <line num="194" count="0" type="cond" truecount="0" falsecount="2"/>
        <line num="195" count="0" type="cond" truecount="0" falsecount="2"/>
        <line num="197" count="0" type="stmt"/>
        <line num="198" count="0" type="cond" truecount="0" falsecount="4"/>
        <line num="200" count="0" type="stmt"/>
        <line num="201" count="0" type="cond" truecount="0" falsecount="6"/>
        <line num="204" count="0" type="cond" truecount="0" falsecount="2"/>
        <line num="205" count="0" type="stmt"/>
        <line num="207" count="0" type="stmt"/>
        <line num="211" count="22" type="stmt"/>
        <line num="212" count="1" type="stmt"/>
        <line num="213" count="1" type="stmt"/>
        <line num="214" count="1" type="cond" truecount="1" falsecount="1"/>
        <line num="216" count="1" type="cond" truecount="1" falsecount="1"/>
        <line num="217" count="1" type="cond" truecount="1" falsecount="1"/>
        <line num="219" count="1" type="stmt"/>
        <line num="220" count="1" type="cond" truecount="3" falsecount="1"/>
        <line num="222" count="1" type="stmt"/>
        <line num="223" count="1" type="cond" truecount="6" falsecount="0"/>
        <line num="225" count="1" type="cond" truecount="1" falsecount="1"/>
        <line num="226" count="1" type="stmt"/>
        <line num="228" count="0" type="stmt"/>
        <line num="232" count="22" type="stmt"/>
      </file>
      <file name="paymentIdempotency.js" path="D:\Projects\mirachpos\api\src\middleware\paymentIdempotency.js">
        <metrics statements="56" coveredstatements="0" conditionals="28" coveredconditionals="0" methods="7" coveredmethods="0"/>
        <line num="8" count="0" type="stmt"/>
        <line num="9" count="0" type="stmt"/>
        <line num="10" count="0" type="stmt"/>
        <line num="12" count="0" type="stmt"/>
        <line num="15" count="0" type="stmt"/>
        <line num="16" count="0" type="stmt"/>
        <line num="19" count="0" type="stmt"/>
        <line num="20" count="0" type="stmt"/>
        <line num="21" count="0" type="stmt"/>
        <line num="22" count="0" type="cond" truecount="0" falsecount="2"/>
        <line num="23" count="0" type="stmt"/>
        <line num="33" count="0" type="stmt"/>
        <line num="35" count="0" type="cond" truecount="0" falsecount="2"/>
        <line num="36" count="0" type="stmt"/>
        <line num="37" count="0" type="cond" truecount="0" falsecount="2"/>
        <line num="38" count="0" type="stmt"/>
        <line num="40" count="0" type="stmt"/>
        <line num="44" count="0" type="stmt"/>
        <line num="50" count="0" type="cond" truecount="0" falsecount="2"/>
        <line num="51" count="0" type="cond" truecount="0" falsecount="2"/>
        <line num="53" count="0" type="stmt"/>
        <line num="54" count="0" type="stmt"/>
        <line num="57" count="0" type="stmt"/>
        <line num="66" count="0" type="stmt"/>
        <line num="67" count="0" type="stmt"/>
        <line num="69" count="0" type="stmt"/>
        <line num="70" count="0" type="stmt"/>
        <line num="79" count="0" type="stmt"/>
        <line num="82" count="0" type="cond" truecount="0" falsecount="4"/>
        <line num="83" count="0" type="stmt"/>
        <line num="91" count="0" type="stmt"/>
        <line num="92" count="0" type="stmt"/>
        <line num="95" count="0" type="cond" truecount="0" falsecount="4"/>
        <line num="97" count="0" type="stmt"/>
        <line num="98" count="0" type="stmt"/>
        <line num="100" count="0" type="cond" truecount="0" falsecount="2"/>
        <line num="101" count="0" type="stmt"/>
        <line num="102" count="0" type="stmt"/>
        <line num="106" count="0" type="stmt"/>
        <line num="109" count="0" type="stmt"/>
        <line num="110" count="0" type="stmt"/>
        <line num="112" count="0" type="cond" truecount="0" falsecount="4"/>
        <line num="113" count="0" type="stmt"/>
        <line num="115" count="0" type="stmt"/>
        <line num="118" count="0" type="stmt"/>
        <line num="120" count="0" type="stmt"/>
        <line num="122" count="0" type="stmt"/>
        <line num="130" count="0" type="stmt"/>
        <line num="131" count="0" type="stmt"/>
        <line num="133" count="0" type="cond" truecount="0" falsecount="2"/>
        <line num="134" count="0" type="stmt"/>
        <line num="135" count="0" type="stmt"/>
        <line num="136" count="0" type="cond" truecount="0" falsecount="2"/>
        <line num="137" count="0" type="stmt"/>
        <line num="144" count="0" type="stmt"/>
        <line num="147" count="0" type="stmt"/>
      </file>
      <file name="permissions.js" path="D:\Projects\mirachpos\api\src\middleware\permissions.js">
        <metrics statements="59" coveredstatements="50" conditionals="85" coveredconditionals="50" methods="11" coveredmethods="11"/>
        <line num="1" count="22" type="stmt"/>
        <line num="2" count="22" type="stmt"/>
        <line num="3" count="22" type="stmt"/>
        <line num="5" count="22" type="stmt"/>
        <line num="6" count="1" type="stmt"/>
        <line num="7" count="1" type="cond" truecount="1" falsecount="1"/>
        <line num="8" count="1" type="stmt"/>
        <line num="9" count="1" type="cond" truecount="1" falsecount="1"/>
        <line num="11" count="0" type="stmt"/>
        <line num="15" count="22" type="stmt"/>
        <line num="16" count="15" type="stmt"/>
        <line num="17" count="15" type="stmt"/>
        <line num="33" count="22" type="stmt"/>
        <line num="34" count="1" type="stmt"/>
        <line num="35" count="1" type="cond" truecount="1" falsecount="1"/>
        <line num="38" count="22" type="stmt"/>
        <line num="39" count="16" type="cond" truecount="1" falsecount="1"/>
        <line num="40" count="16" type="cond" truecount="1" falsecount="1"/>
        <line num="41" count="16" type="cond" truecount="3" falsecount="1"/>
        <line num="43" count="16" type="stmt"/>
        <line num="44" count="16" type="cond" truecount="2" falsecount="0"/>
        <line num="45" count="1" type="stmt"/>
        <line num="48" count="22" type="stmt"/>
        <line num="49" count="15" type="stmt"/>
        <line num="64" count="15" type="stmt"/>
        <line num="67" count="22" type="stmt"/>
        <line num="68" count="45" type="cond" truecount="3" falsecount="1"/>
        <line num="69" count="0" type="stmt"/>
        <line num="70" count="0" type="stmt"/>
        <line num="72" count="45" type="cond" truecount="3" falsecount="1"/>
        <line num="73" count="0" type="stmt"/>
        <line num="74" count="0" type="stmt"/>
        <line num="76" count="45" type="cond" truecount="1" falsecount="1"/>
        <line num="77" count="0" type="stmt"/>
        <line num="78" count="0" type="stmt"/>
        <line num="80" count="45" type="stmt"/>
        <line num="83" count="4200" type="stmt"/>
        <line num="84" count="29" type="stmt"/>
        <line num="85" count="29" type="cond" truecount="1" falsecount="1"/>
        <line num="87" count="29" type="cond" truecount="3" falsecount="1"/>
        <line num="89" count="29" type="cond" truecount="1" falsecount="1"/>
        <line num="90" count="102" type="stmt"/>
        <line num="91" count="29" type="cond" truecount="1" falsecount="1"/>
        <line num="93" count="29" type="stmt"/>
        <line num="95" count="0" type="stmt"/>
        <line num="99" count="3336" type="stmt"/>
        <line num="100" count="16" type="stmt"/>
        <line num="101" count="16" type="cond" truecount="1" falsecount="1"/>
        <line num="103" count="16" type="cond" truecount="3" falsecount="1"/>
        <line num="105" count="16" type="cond" truecount="1" falsecount="1"/>
        <line num="106" count="16" type="cond" truecount="1" falsecount="1"/>
        <line num="108" count="16" type="cond" truecount="1" falsecount="1"/>
        <line num="109" count="16" type="cond" truecount="1" falsecount="1"/>
        <line num="111" count="16" type="stmt"/>
        <line num="112" count="16" type="cond" truecount="2" falsecount="0"/>
        <line num="113" count="16" type="cond" truecount="2" falsecount="0"/>
        <line num="115" count="1" type="stmt"/>
        <line num="117" count="0" type="stmt"/>
        <line num="121" count="22" type="stmt"/>
      </file>
      <file name="rateLimiter.js" path="D:\Projects\mirachpos\api\src\middleware\rateLimiter.js">
        <metrics statements="18" coveredstatements="15" conditionals="4" coveredconditionals="2" methods="6" coveredmethods="5"/>
        <line num="10" count="23" type="stmt"/>
        <line num="11" count="23" type="stmt"/>
        <line num="14" count="23" type="stmt"/>
        <line num="15" count="706" type="stmt"/>
        <line num="18" count="23" type="stmt"/>
        <line num="19" count="115" type="stmt"/>
        <line num="20" count="0" type="stmt"/>
        <line num="21" count="0" type="cond" truecount="0" falsecount="2"/>
        <line num="25" count="0" type="stmt"/>
        <line num="30" count="23" type="stmt"/>
        <line num="48" count="550" type="cond" truecount="2" falsecount="0"/>
        <line num="53" count="23" type="stmt"/>
        <line num="69" count="52" type="stmt"/>
        <line num="72" count="52" type="stmt"/>
        <line num="76" count="23" type="stmt"/>
        <line num="95" count="23" type="stmt"/>
        <line num="114" count="23" type="stmt"/>
        <line num="132" count="23" type="stmt"/>
      </file>
      <file name="requestId.js" path="D:\Projects\mirachpos\api\src\middleware\requestId.js">
        <metrics statements="25" coveredstatements="23" conditionals="19" coveredconditionals="15" methods="5" coveredmethods="5"/>
        <line num="7" count="22" type="stmt"/>
        <line num="9" count="22" type="stmt"/>
        <line num="10" count="557" type="stmt"/>
        <line num="11" count="557" type="stmt"/>
        <line num="12" count="557" type="stmt"/>
        <line num="15" count="22" type="stmt"/>
        <line num="18" count="557" type="cond" truecount="2" falsecount="0"/>
        <line num="19" count="557" type="stmt"/>
        <line num="23" count="22" type="stmt"/>
        <line num="24" count="557" type="stmt"/>
        <line num="25" count="557" type="stmt"/>
        <line num="28" count="22" type="stmt"/>
        <line num="29" count="557" type="stmt"/>
        <line num="30" count="557" type="stmt"/>
        <line num="31" count="542" type="stmt"/>
        <line num="32" count="542" type="cond" truecount="3" falsecount="1"/>
        <line num="33" count="542" type="cond" truecount="1" falsecount="1"/>
        <line num="34" count="542" type="cond" truecount="1" falsecount="1"/>
        <line num="35" count="542" type="cond" truecount="4" falsecount="1"/>
        <line num="36" count="542" type="cond" truecount="4" falsecount="0"/>
        <line num="37" count="486" type="stmt"/>
        <line num="39" count="0" type="stmt"/>
        <line num="41" count="0" type="stmt"/>
        <line num="44" count="557" type="stmt"/>
        <line num="47" count="22" type="stmt"/>
      </file>
      <file name="subscriptionEnforcement.js" path="D:\Projects\mirachpos\api\src\middleware\subscriptionEnforcement.js">
        <metrics statements="30" coveredstatements="0" conditionals="14" coveredconditionals="0" methods="3" coveredmethods="0"/>
        <line num="10" count="0" type="stmt"/>
        <line num="11" count="0" type="stmt"/>
        <line num="16" count="0" type="stmt"/>
        <line num="24" count="0" type="stmt"/>
        <line num="31" count="0" type="stmt"/>
        <line num="38" count="0" type="stmt"/>
        <line num="45" count="0" type="stmt"/>
        <line num="50" count="0" type="stmt"/>
        <line num="55" count="0" type="stmt"/>
        <line num="60" count="0" type="stmt"/>
        <line num="65" count="0" type="stmt"/>
        <line num="70" count="0" type="stmt"/>
        <line num="76" count="0" type="stmt"/>
        <line num="77" count="0" type="cond" truecount="0" falsecount="2"/>
        <line num="78" count="0" type="cond" truecount="0" falsecount="2"/>
        <line num="79" count="0" type="stmt"/>
        <line num="82" count="0" type="stmt"/>
        <line num="85" count="0" type="cond" truecount="0" falsecount="2"/>
        <line num="86" count="0" type="stmt"/>
        <line num="87" count="0" type="cond" truecount="0" falsecount="2"/>
        <line num="90" count="0" type="cond" truecount="0" falsecount="2"/>
        <line num="91" count="0" type="stmt"/>
        <line num="92" count="0" type="cond" truecount="0" falsecount="2"/>
        <line num="93" count="0" type="stmt"/>
        <line num="95" count="0" type="cond" truecount="0" falsecount="2"/>
        <line num="96" count="0" type="stmt"/>
        <line num="101" count="0" type="stmt"/>
        <line num="102" count="0" type="stmt"/>
        <line num="104" count="0" type="stmt"/>
        <line num="108" count="0" type="stmt"/>
      </file>
      <file name="superadminAuth.js" path="D:\Projects\mirachpos\api\src\middleware\superadminAuth.js">
        <metrics statements="21" coveredstatements="21" conditionals="22" coveredconditionals="15" methods="1" coveredmethods="1"/>
        <line num="1" count="22" type="stmt"/>
        <line num="3" count="22" type="stmt"/>
        <line num="4" count="22" type="stmt"/>
        <line num="6" count="22" type="stmt"/>
        <line num="7" count="86" type="cond" truecount="2" falsecount="0"/>
        <line num="8" count="86" type="stmt"/>
        <line num="9" count="86" type="cond" truecount="2" falsecount="0"/>
        <line num="10" count="86" type="cond" truecount="2" falsecount="0"/>
        <line num="12" count="85" type="cond" truecount="1" falsecount="1"/>
        <line num="14" count="85" type="stmt"/>
        <line num="15" count="85" type="stmt"/>
        <line num="16" count="3" type="cond" truecount="3" falsecount="1"/>
        <line num="18" count="3" type="cond" truecount="1" falsecount="1"/>
        <line num="19" count="3" type="cond" truecount="1" falsecount="1"/>
        <line num="21" count="3" type="stmt"/>
        <line num="22" count="3" type="cond" truecount="1" falsecount="1"/>
        <line num="23" count="3" type="cond" truecount="2" falsecount="2"/>
        <line num="25" count="3" type="stmt"/>
        <line num="26" count="3" type="stmt"/>
        <line num="28" count="82" type="stmt"/>
        <line num="32" count="22" type="stmt"/>
      </file>
      <file name="tenant.js" path="D:\Projects\mirachpos\api\src\middleware\tenant.js">
        <metrics statements="19" coveredstatements="18" conditionals="21" coveredconditionals="15" methods="3" coveredmethods="3"/>
        <line num="1" count="22" type="stmt"/>
        <line num="3" count="22" type="stmt"/>
        <line num="4" count="386" type="stmt"/>
        <line num="5" count="386" type="cond" truecount="2" falsecount="0"/>
        <line num="8" count="22" type="stmt"/>
        <line num="10" count="43" type="cond" truecount="4" falsecount="1"/>
        <line num="13" count="43" type="cond" truecount="1" falsecount="1"/>
        <line num="16" count="22" type="stmt"/>
        <line num="17" count="386" type="stmt"/>
        <line num="18" count="386" type="cond" truecount="2" falsecount="0"/>
        <line num="19" count="386" type="cond" truecount="2" falsecount="0"/>
        <line num="20" count="43" type="stmt"/>
        <line num="23" count="343" type="stmt"/>
        <line num="29" count="343" type="cond" truecount="1" falsecount="1"/>
        <line num="30" count="343" type="cond" truecount="1" falsecount="1"/>
        <line num="32" count="343" type="stmt"/>
        <line num="33" count="343" type="stmt"/>
        <line num="35" count="0" type="stmt"/>
        <line num="39" count="22" type="stmt"/>
      </file>
      <file name="uploadSecurity.js" path="D:\Projects\mirachpos\api\src\middleware\uploadSecurity.js">
        <metrics statements="19" coveredstatements="6" conditionals="16" coveredconditionals="0" methods="1" coveredmethods="0"/>
        <line num="1" count="22" type="stmt"/>
        <line num="2" count="22" type="stmt"/>
        <line num="4" count="22" type="stmt"/>
        <line num="13" count="22" type="stmt"/>
        <line num="15" count="22" type="stmt"/>
        <line num="16" count="0" type="cond" truecount="0" falsecount="4"/>
        <line num="17" count="0" type="cond" truecount="0" falsecount="2"/>
        <line num="19" count="0" type="stmt"/>
        <line num="20" count="0" type="cond" truecount="0" falsecount="4"/>
        <line num="21" count="0" type="stmt"/>
        <line num="27" count="0" type="stmt"/>
        <line num="28" count="0" type="cond" truecount="0" falsecount="2"/>
        <line num="29" count="0" type="stmt"/>
        <line num="35" count="0" type="cond" truecount="0" falsecount="2"/>
        <line num="36" count="0" type="cond" truecount="0" falsecount="2"/>
        <line num="37" count="0" type="stmt"/>
        <line num="43" count="0" type="stmt"/>
        <line num="46" count="0" type="stmt"/>
        <line num="49" count="22" type="stmt"/>
      </file>
      <file name="validators.js" path="D:\Projects\mirachpos\api\src\middleware\validators.js">
        <metrics statements="142" coveredstatements="125" conditionals="20" coveredconditionals="4" methods="13" coveredmethods="6"/>
        <line num="8" count="22" type="stmt"/>
        <line num="9" count="22" type="stmt"/>
        <line num="16" count="22" type="stmt"/>
        <line num="28" count="22" type="stmt"/>
        <line num="39" count="22" type="stmt"/>
        <line num="47" count="22" type="stmt"/>
        <line num="66" count="22" type="stmt"/>
        <line num="94" count="22" type="stmt"/>
        <line num="99" count="22" type="stmt"/>
        <line num="105" count="22" type="stmt"/>
        <line num="116" count="22" type="stmt"/>
        <line num="124" count="22" type="stmt"/>
        <line num="132" count="22" type="stmt"/>
        <line num="139" count="22" type="stmt"/>
        <line num="144" count="22" type="stmt"/>
        <line num="163" count="22" type="stmt"/>
        <line num="168" count="22" type="stmt"/>
        <line num="174" count="22" type="stmt"/>
        <line num="181" count="0" type="cond" truecount="0" falsecount="2"/>
        <line num="186" count="22" type="stmt"/>
        <line num="197" count="22" type="stmt"/>
        <line num="208" count="22" type="stmt"/>
        <line num="213" count="22" type="stmt"/>
        <line num="217" count="22" type="stmt"/>
        <line num="221" count="22" type="stmt"/>
        <line num="233" count="22" type="stmt"/>
        <line num="244" count="22" type="stmt"/>
        <line num="249" count="22" type="stmt"/>
        <line num="258" count="22" type="stmt"/>
        <line num="262" count="22" type="stmt"/>
        <line num="270" count="22" type="stmt"/>
        <line num="275" count="22" type="stmt"/>
        <line num="280" count="22" type="stmt"/>
        <line num="285" count="22" type="stmt"/>
        <line num="290" count="22" type="stmt"/>
        <line num="295" count="22" type="stmt"/>
        <line num="303" count="22" type="stmt"/>
        <line num="319" count="22" type="stmt"/>
        <line num="330" count="22" type="stmt"/>
        <line num="334" count="22" type="stmt"/>
        <line num="339" count="22" type="stmt"/>
        <line num="343" count="22" type="stmt"/>
        <line num="348" count="22" type="stmt"/>
        <line num="352" count="22" type="stmt"/>
        <line num="361" count="22" type="stmt"/>
        <line num="370" count="22" type="stmt"/>
        <line num="372" count="22" type="stmt"/>
        <line num="380" count="22" type="stmt"/>
        <line num="387" count="22" type="stmt"/>
        <line num="407" count="22" type="stmt"/>
        <line num="416" count="22" type="stmt"/>
        <line num="421" count="22" type="stmt"/>
        <line num="428" count="22" type="stmt"/>
        <line num="435" count="22" type="stmt"/>
        <line num="439" count="22" type="stmt"/>
        <line num="449" count="22" type="stmt"/>
        <line num="458" count="22" type="stmt"/>
        <line num="462" count="22" type="stmt"/>
        <line num="466" count="22" type="stmt"/>
        <line num="470" count="22" type="stmt"/>
        <line num="477" count="22" type="stmt"/>
        <line num="485" count="22" type="stmt"/>
        <line num="496" count="22" type="stmt"/>
        <line num="500" count="22" type="stmt"/>
        <line num="505" count="22" type="stmt"/>
        <line num="509" count="22" type="stmt"/>
        <line num="515" count="22" type="stmt"/>
        <line num="527" count="22" type="stmt"/>
        <line num="538" count="22" type="stmt"/>
        <line num="544" count="22" type="stmt"/>
        <line num="550" count="22" type="stmt"/>
        <line num="563" count="22" type="stmt"/>
        <line num="575" count="22" type="stmt"/>
        <line num="580" count="22" type="stmt"/>
        <line num="584" count="22" type="stmt"/>
        <line num="588" count="22" type="stmt"/>
        <line num="599" count="22" type="stmt"/>
        <line num="603" count="22" type="stmt"/>
        <line num="608" count="22" type="stmt"/>
        <line num="617" count="22" type="stmt"/>
        <line num="621" count="22" type="stmt"/>
        <line num="636" count="22" type="stmt"/>
        <line num="645" count="22" type="stmt"/>
        <line num="648" count="0" type="stmt"/>
        <line num="657" count="22" type="stmt"/>
        <line num="673" count="22" type="stmt"/>
        <line num="675" count="0" type="stmt"/>
        <line num="678" count="0" type="stmt"/>
        <line num="683" count="22" type="stmt"/>
        <line num="699" count="22" type="stmt"/>
        <line num="714" count="22" type="stmt"/>
        <line num="724" count="22" type="stmt"/>
        <line num="731" count="22" type="stmt"/>
        <line num="742" count="22" type="stmt"/>
        <line num="753" count="22" type="stmt"/>
        <line num="759" count="22" type="stmt"/>
        <line num="767" count="22" type="stmt"/>
        <line num="776" count="22" type="stmt"/>
        <line num="783" count="22" type="stmt"/>
        <line num="793" count="22" type="stmt"/>
        <line num="804" count="22" type="stmt"/>
        <line num="809" count="22" type="stmt"/>
        <line num="813" count="22" type="stmt"/>
        <line num="825" count="22" type="stmt"/>
        <line num="832" count="22" type="stmt"/>
        <line num="843" count="22" type="stmt"/>
        <line num="854" count="22" type="stmt"/>
        <line num="861" count="22" type="stmt"/>
        <line num="866" count="22" type="stmt"/>
        <line num="870" count="22" type="stmt"/>
        <line num="887" count="22" type="stmt"/>
        <line num="899" count="1694" type="stmt"/>
        <line num="900" count="22" type="stmt"/>
        <line num="901" count="22" type="stmt"/>
        <line num="902" count="22" type="cond" truecount="2" falsecount="0"/>
        <line num="903" count="17" type="cond" truecount="1" falsecount="1"/>
        <line num="908" count="39" type="stmt"/>
        <line num="912" count="17" type="stmt"/>
        <line num="914" count="5" type="stmt"/>
        <line num="915" count="5" type="stmt"/>
        <line num="917" count="17" type="stmt"/>
        <line num="925" count="374" type="stmt"/>
        <line num="926" count="0" type="stmt"/>
        <line num="927" count="0" type="stmt"/>
        <line num="928" count="0" type="cond" truecount="0" falsecount="2"/>
        <line num="929" count="0" type="cond" truecount="0" falsecount="2"/>
        <line num="934" count="0" type="stmt"/>
        <line num="938" count="0" type="stmt"/>
        <line num="940" count="0" type="stmt"/>
        <line num="941" count="0" type="stmt"/>
        <line num="943" count="0" type="stmt"/>
        <line num="951" count="198" type="stmt"/>
        <line num="952" count="8" type="stmt"/>
        <line num="953" count="8" type="stmt"/>
        <line num="954" count="8" type="cond" truecount="1" falsecount="1"/>
        <line num="955" count="0" type="cond" truecount="0" falsecount="2"/>
        <line num="960" count="0" type="stmt"/>
        <line num="964" count="0" type="stmt"/>
        <line num="966" count="8" type="stmt"/>
        <line num="967" count="8" type="stmt"/>
        <line num="969" count="0" type="stmt"/>
        <line num="973" count="22" type="stmt"/>
      </file>
    </package>
    <package name="src.services">
      <metrics statements="2457" coveredstatements="291" conditionals="2458" coveredconditionals="161" methods="285" coveredmethods="23"/>
      <file name="authService.js" path="D:\Projects\mirachpos\api\src\services\authService.js">
        <metrics statements="88" coveredstatements="12" conditionals="132" coveredconditionals="0" methods="8" coveredmethods="0"/>
        <line num="1" count="22" type="stmt"/>
        <line num="2" count="22" type="stmt"/>
        <line num="3" count="22" type="stmt"/>
        <line num="5" count="22" type="stmt"/>
        <line num="7" count="22" type="stmt"/>
        <line num="9" count="22" type="stmt"/>
        <line num="10" count="0" type="stmt"/>
        <line num="11" count="0" type="cond" truecount="0" falsecount="2"/>
        <line num="14" count="22" type="stmt"/>
        <line num="15" count="0" type="cond" truecount="0" falsecount="2"/>
        <line num="16" count="0" type="cond" truecount="0" falsecount="2"/>
        <line num="17" count="0" type="cond" truecount="0" falsecount="4"/>
        <line num="18" count="0" type="stmt"/>
        <line num="19" count="0" type="cond" truecount="0" falsecount="2"/>
        <line num="20" count="0" type="stmt"/>
        <line num="23" count="22" type="stmt"/>
        <line num="24" count="0" type="stmt"/>
        <line num="25" count="0" type="cond" truecount="0" falsecount="2"/>
        <line num="26" count="0" type="stmt"/>
        <line num="28" count="0" type="stmt"/>
        <line num="32" count="22" type="stmt"/>
        <line num="33" count="0" type="stmt"/>
        <line num="34" count="0" type="cond" truecount="0" falsecount="2"/>
        <line num="35" count="0" type="cond" truecount="0" falsecount="2"/>
        <line num="36" count="0" type="cond" truecount="0" falsecount="2"/>
        <line num="38" count="0" type="stmt"/>
        <line num="39" count="0" type="cond" truecount="0" falsecount="2"/>
        <line num="40" count="0" type="stmt"/>
        <line num="41" count="0" type="cond" truecount="0" falsecount="2"/>
        <line num="42" count="0" type="cond" truecount="0" falsecount="2"/>
        <line num="44" count="0" type="cond" truecount="0" falsecount="2"/>
        <line num="45" count="0" type="cond" truecount="0" falsecount="2"/>
        <line num="47" count="0" type="stmt"/>
        <line num="48" count="0" type="stmt"/>
        <line num="49" count="0" type="stmt"/>
        <line num="50" count="0" type="stmt"/>
        <line num="61" count="22" type="stmt"/>
        <line num="62" count="0" type="cond" truecount="0" falsecount="2"/>
        <line num="63" count="0" type="cond" truecount="0" falsecount="2"/>
        <line num="64" count="0" type="cond" truecount="0" falsecount="5"/>
        <line num="66" count="0" type="stmt"/>
        <line num="72" count="0" type="cond" truecount="0" falsecount="2"/>
        <line num="73" count="0" type="cond" truecount="0" falsecount="2"/>
        <line num="75" count="0" type="stmt"/>
        <line num="77" count="0" type="stmt"/>
        <line num="84" count="0" type="cond" truecount="0" falsecount="2"/>
        <line num="86" count="0" type="cond" truecount="0" falsecount="2"/>
        <line num="87" count="0" type="cond" truecount="0" falsecount="2"/>
        <line num="89" count="0" type="stmt"/>
        <line num="100" count="0" type="cond" truecount="0" falsecount="2"/>
        <line num="101" count="0" type="stmt"/>
        <line num="102" count="0" type="cond" truecount="0" falsecount="2"/>
        <line num="103" count="0" type="stmt"/>
        <line num="104" count="0" type="cond" truecount="0" falsecount="2"/>
        <line num="105" count="0" type="cond" truecount="0" falsecount="2"/>
        <line num="108" count="0" type="stmt"/>
        <line num="109" count="0" type="cond" truecount="0" falsecount="2"/>
        <line num="111" count="0" type="stmt"/>
        <line num="113" count="0" type="cond" truecount="0" falsecount="2"/>
        <line num="114" count="0" type="cond" truecount="0" falsecount="2"/>
        <line num="116" count="0" type="stmt"/>
        <line num="135" count="22" type="stmt"/>
        <line num="136" count="0" type="cond" truecount="0" falsecount="2"/>
        <line num="137" count="0" type="cond" truecount="0" falsecount="2"/>
        <line num="138" count="0" type="cond" truecount="0" falsecount="5"/>
        <line num="140" count="0" type="stmt"/>
        <line num="146" count="0" type="cond" truecount="0" falsecount="2"/>
        <line num="147" count="0" type="cond" truecount="0" falsecount="2"/>
        <line num="149" count="0" type="stmt"/>
        <line num="151" count="0" type="stmt"/>
        <line num="157" count="0" type="cond" truecount="0" falsecount="2"/>
        <line num="158" count="0" type="cond" truecount="0" falsecount="4"/>
        <line num="160" count="0" type="cond" truecount="0" falsecount="2"/>
        <line num="161" count="0" type="cond" truecount="0" falsecount="2"/>
        <line num="162" count="0" type="stmt"/>
        <line num="163" count="0" type="cond" truecount="0" falsecount="2"/>
        <line num="165" count="0" type="stmt"/>
        <line num="176" count="0" type="cond" truecount="0" falsecount="2"/>
        <line num="177" count="0" type="stmt"/>
        <line num="178" count="0" type="cond" truecount="0" falsecount="2"/>
        <line num="179" count="0" type="stmt"/>
        <line num="180" count="0" type="cond" truecount="0" falsecount="2"/>
        <line num="181" count="0" type="cond" truecount="0" falsecount="2"/>
        <line num="184" count="0" type="stmt"/>
        <line num="185" count="0" type="cond" truecount="0" falsecount="2"/>
        <line num="187" count="0" type="stmt"/>
        <line num="189" count="0" type="stmt"/>
        <line num="206" count="22" type="stmt"/>
      </file>
      <file name="cronService.js" path="D:\Projects\mirachpos\api\src\services\cronService.js">
        <metrics statements="15" coveredstatements="3" conditionals="12" coveredconditionals="0" methods="1" coveredmethods="0"/>
        <line num="1" count="22" type="stmt"/>
        <line num="3" count="22" type="stmt"/>
        <line num="4" count="0" type="stmt"/>
        <line num="5" count="0" type="stmt"/>
        <line num="6" count="0" type="stmt"/>
        <line num="8" count="0" type="stmt"/>
        <line num="9" count="0" type="cond" truecount="0" falsecount="2"/>
        <line num="10" count="0" type="cond" truecount="0" falsecount="2"/>
        <line num="11" count="0" type="stmt"/>
        <line num="13" count="0" type="cond" truecount="0" falsecount="4"/>
        <line num="14" count="0" type="cond" truecount="0" falsecount="4"/>
        <line num="15" count="0" type="stmt"/>
        <line num="16" count="0" type="stmt"/>
        <line num="20" count="0" type="stmt"/>
        <line num="23" count="22" type="stmt"/>
      </file>
      <file name="emailTemplates.js" path="D:\Projects\mirachpos\api\src\services\emailTemplates.js">
        <metrics statements="19" coveredstatements="0" conditionals="31" coveredconditionals="0" methods="6" coveredmethods="0"/>
        <line num="7" count="0" type="stmt"/>
        <line num="8" count="0" type="stmt"/>
        <line num="15" count="0" type="stmt"/>
        <line num="128" count="0" type="stmt"/>
        <line num="129" count="0" type="cond" truecount="0" falsecount="4"/>
        <line num="130" count="0" type="cond" truecount="0" falsecount="4"/>
        <line num="131" count="0" type="cond" truecount="0" falsecount="4"/>
        <line num="133" count="0" type="stmt"/>
        <line num="167" count="0" type="stmt"/>
        <line num="170" count="0" type="stmt"/>
        <line num="171" count="0" type="stmt"/>
        <line num="206" count="0" type="stmt"/>
        <line num="209" count="0" type="stmt"/>
        <line num="210" count="0" type="stmt"/>
        <line num="233" count="0" type="stmt"/>
        <line num="236" count="0" type="stmt"/>
        <line num="237" count="0" type="stmt"/>
        <line num="275" count="0" type="stmt"/>
        <line num="278" count="0" type="stmt"/>
      </file>
      <file name="entitlements.js" path="D:\Projects\mirachpos\api\src\services\entitlements.js">
        <metrics statements="145" coveredstatements="120" conditionals="213" coveredconditionals="117" methods="19" coveredmethods="16"/>
        <line num="1" count="22" type="stmt"/>
        <line num="2" count="22" type="stmt"/>
        <line num="3" count="22" type="stmt"/>
        <line num="5" count="22" type="stmt"/>
        <line num="6" count="38" type="stmt"/>
        <line num="7" count="38" type="cond" truecount="2" falsecount="0"/>
        <line num="8" count="6" type="stmt"/>
        <line num="9" count="6" type="cond" truecount="1" falsecount="1"/>
        <line num="11" count="0" type="stmt"/>
        <line num="15" count="22" type="stmt"/>
        <line num="16" count="32" type="cond" truecount="2" falsecount="0"/>
        <line num="17" count="32" type="cond" truecount="2" falsecount="0"/>
        <line num="18" count="28" type="cond" truecount="1" falsecount="1"/>
        <line num="19" count="28" type="cond" truecount="2" falsecount="2"/>
        <line num="20" count="0" type="cond" truecount="0" falsecount="2"/>
        <line num="21" count="0" type="cond" truecount="0" falsecount="4"/>
        <line num="22" count="0" type="cond" truecount="0" falsecount="2"/>
        <line num="25" count="22" type="stmt"/>
        <line num="26" count="120" type="cond" truecount="1" falsecount="1"/>
        <line num="27" count="120" type="cond" truecount="1" falsecount="1"/>
        <line num="28" count="120" type="stmt"/>
        <line num="29" count="120" type="cond" truecount="4" falsecount="1"/>
        <line num="30" count="120" type="cond" truecount="4" falsecount="1"/>
        <line num="31" count="120" type="cond" truecount="3" falsecount="1"/>
        <line num="32" count="120" type="cond" truecount="1" falsecount="1"/>
        <line num="33" count="120" type="cond" truecount="1" falsecount="1"/>
        <line num="34" count="120" type="cond" truecount="4" falsecount="1"/>
        <line num="35" count="120" type="stmt"/>
        <line num="38" count="22" type="stmt"/>
        <line num="39" count="34" type="stmt"/>
        <line num="40" count="34" type="stmt"/>
        <line num="41" count="34" type="cond" truecount="2" falsecount="0"/>
        <line num="42" count="120" type="stmt"/>
        <line num="43" count="120" type="cond" truecount="3" falsecount="1"/>
        <line num="44" count="120" type="stmt"/>
        <line num="45" count="120" type="stmt"/>
        <line num="47" count="34" type="stmt"/>
        <line num="50" count="22" type="stmt"/>
        <line num="51" count="0" type="cond" truecount="0" falsecount="2"/>
        <line num="52" count="0" type="cond" truecount="0" falsecount="2"/>
        <line num="53" count="0" type="stmt"/>
        <line num="56" count="22" type="stmt"/>
        <line num="57" count="42" type="stmt"/>
        <line num="58" count="42" type="stmt"/>
        <line num="59" count="42" type="cond" truecount="1" falsecount="1"/>
        <line num="60" count="0" type="stmt"/>
        <line num="61" count="0" type="cond" truecount="0" falsecount="4"/>
        <line num="62" count="0" type="stmt"/>
        <line num="63" count="0" type="stmt"/>
        <line num="65" count="42" type="stmt"/>
        <line num="68" count="22" type="stmt"/>
        <line num="69" count="21" type="cond" truecount="1" falsecount="1"/>
        <line num="70" count="21" type="stmt"/>
        <line num="71" count="21" type="stmt"/>
        <line num="72" count="21" type="cond" truecount="0" falsecount="2"/>
        <line num="76" count="22" type="stmt"/>
        <line num="77" count="10" type="stmt"/>
        <line num="80" count="10" type="cond" truecount="1" falsecount="1"/>
        <line num="81" count="0" type="stmt"/>
        <line num="87" count="10" type="cond" truecount="1" falsecount="1"/>
        <line num="88" count="10" type="stmt"/>
        <line num="94" count="0" type="cond" truecount="0" falsecount="2"/>
        <line num="95" count="0" type="stmt"/>
        <line num="102" count="0" type="stmt"/>
        <line num="108" count="22" type="stmt"/>
        <line num="109" count="10" type="stmt"/>
        <line num="110" count="10" type="stmt"/>
        <line num="111" count="10" type="stmt"/>
        <line num="112" count="10" type="stmt"/>
        <line num="113" count="10" type="stmt"/>
        <line num="114" count="10" type="stmt"/>
        <line num="125" count="22" type="stmt"/>
        <line num="126" count="6" type="cond" truecount="1" falsecount="1"/>
        <line num="127" count="6" type="cond" truecount="1" falsecount="1"/>
        <line num="129" count="6" type="stmt"/>
        <line num="134" count="6" type="cond" truecount="2" falsecount="0"/>
        <line num="137" count="2" type="stmt"/>
        <line num="138" count="2" type="stmt"/>
        <line num="139" count="2" type="stmt"/>
        <line num="140" count="2" type="cond" truecount="1" falsecount="1"/>
        <line num="142" count="0" type="stmt"/>
        <line num="145" count="2" type="cond" truecount="1" falsecount="1"/>
        <line num="146" count="2" type="cond" truecount="1" falsecount="1"/>
        <line num="148" count="2" type="cond" truecount="1" falsecount="1"/>
        <line num="149" count="2" type="cond" truecount="4" falsecount="0"/>
        <line num="150" count="2" type="cond" truecount="3" falsecount="1"/>
        <line num="152" count="2" type="cond" truecount="2" falsecount="3"/>
        <line num="153" count="0" type="stmt"/>
        <line num="154" count="0" type="stmt"/>
        <line num="155" count="0" type="stmt"/>
        <line num="167" count="0" type="stmt"/>
        <line num="174" count="2" type="stmt"/>
        <line num="177" count="4" type="stmt"/>
        <line num="178" count="4" type="stmt"/>
        <line num="179" count="4" type="stmt"/>
        <line num="180" count="4" type="stmt"/>
        <line num="181" count="4" type="cond" truecount="1" falsecount="1"/>
        <line num="183" count="0" type="stmt"/>
        <line num="186" count="4" type="cond" truecount="1" falsecount="1"/>
        <line num="187" count="4" type="cond" truecount="1" falsecount="1"/>
        <line num="188" count="4" type="cond" truecount="1" falsecount="1"/>
        <line num="191" count="4" type="cond" truecount="1" falsecount="1"/>
        <line num="192" count="4" type="stmt"/>
        <line num="193" count="4" type="cond" truecount="3" falsecount="1"/>
        <line num="195" count="4" type="stmt"/>
        <line num="197" count="4" type="stmt"/>
        <line num="199" count="4" type="cond" truecount="1" falsecount="1"/>
        <line num="200" count="4" type="cond" truecount="2" falsecount="0"/>
        <line num="202" count="4" type="stmt"/>
        <line num="215" count="4" type="stmt"/>
        <line num="222" count="22" type="stmt"/>
        <line num="223" count="6" type="stmt"/>
        <line num="229" count="6" type="stmt"/>
        <line num="230" count="6" type="stmt"/>
        <line num="232" count="6" type="cond" truecount="1" falsecount="1"/>
        <line num="233" count="0" type="stmt"/>
        <line num="234" count="0" type="stmt"/>
        <line num="235" count="0" type="stmt"/>
        <line num="236" count="0" type="cond" truecount="0" falsecount="4"/>
        <line num="239" count="6" type="stmt"/>
        <line num="245" count="22" type="cond" truecount="1" falsecount="0"/>
        <line num="246" count="6" type="cond" truecount="1" falsecount="1"/>
        <line num="247" count="6" type="cond" truecount="1" falsecount="1"/>
        <line num="249" count="6" type="cond" truecount="2" falsecount="0"/>
        <line num="250" count="6" type="cond" truecount="1" falsecount="1"/>
        <line num="252" count="6" type="stmt"/>
        <line num="254" count="6" type="stmt"/>
        <line num="255" count="6" type="cond" truecount="1" falsecount="1"/>
        <line num="257" count="6" type="stmt"/>
        <line num="258" count="6" type="cond" truecount="2" falsecount="2"/>
        <line num="261" count="6" type="stmt"/>
        <line num="262" count="6" type="cond" truecount="3" falsecount="1"/>
        <line num="264" count="6" type="cond" truecount="1" falsecount="1"/>
        <line num="265" count="6" type="cond" truecount="1" falsecount="1"/>
        <line num="267" count="6" type="stmt"/>
        <line num="268" count="6" type="stmt"/>
        <line num="269" count="6" type="stmt"/>
        <line num="271" count="6" type="stmt"/>
        <line num="273" count="6" type="stmt"/>
        <line num="297" count="22" type="stmt"/>
        <line num="298" count="6" type="cond" truecount="1" falsecount="1"/>
        <line num="299" count="6" type="cond" truecount="3" falsecount="1"/>
        <line num="301" count="6" type="stmt"/>
        <line num="303" count="6" type="stmt"/>
        <line num="325" count="22" type="stmt"/>
      </file>
      <file name="integrationService.js" path="D:\Projects\mirachpos\api\src\services\integrationService.js">
        <metrics statements="83" coveredstatements="11" conditionals="59" coveredconditionals="0" methods="9" coveredmethods="0"/>
        <line num="10" count="22" type="stmt"/>
        <line num="11" count="22" type="stmt"/>
        <line num="12" count="22" type="stmt"/>
        <line num="14" count="22" type="stmt"/>
        <line num="15" count="0" type="stmt"/>
        <line num="16" count="0" type="cond" truecount="0" falsecount="2"/>
        <line num="17" count="0" type="cond" truecount="0" falsecount="2"/>
        <line num="19" count="0" type="stmt"/>
        <line num="24" count="22" type="cond" truecount="0" falsecount="1"/>
        <line num="25" count="0" type="stmt"/>
        <line num="26" count="0" type="cond" truecount="0" falsecount="2"/>
        <line num="28" count="0" type="stmt"/>
        <line num="34" count="0" type="cond" truecount="0" falsecount="2"/>
        <line num="36" count="0" type="stmt"/>
        <line num="42" count="0" type="cond" truecount="0" falsecount="2"/>
        <line num="43" count="0" type="stmt"/>
        <line num="44" count="0" type="stmt"/>
        <line num="47" count="0" type="stmt"/>
        <line num="49" count="0" type="stmt"/>
        <line num="50" count="0" type="stmt"/>
        <line num="55" count="22" type="cond" truecount="0" falsecount="1"/>
        <line num="56" count="0" type="stmt"/>
        <line num="57" count="0" type="cond" truecount="0" falsecount="4"/>
        <line num="59" count="0" type="stmt"/>
        <line num="61" count="0" type="stmt"/>
        <line num="71" count="0" type="stmt"/>
        <line num="73" count="0" type="cond" truecount="0" falsecount="2"/>
        <line num="74" count="0" type="stmt"/>
        <line num="77" count="0" type="stmt"/>
        <line num="79" count="0" type="stmt"/>
        <line num="80" count="0" type="stmt"/>
        <line num="85" count="22" type="cond" truecount="0" falsecount="1"/>
        <line num="86" count="0" type="stmt"/>
        <line num="87" count="0" type="stmt"/>
        <line num="96" count="0" type="stmt"/>
        <line num="98" count="0" type="stmt"/>
        <line num="104" count="0" type="stmt"/>
        <line num="105" count="0" type="stmt"/>
        <line num="110" count="22" type="stmt"/>
        <line num="111" count="0" type="stmt"/>
        <line num="113" count="0" type="cond" truecount="0" falsecount="4"/>
        <line num="115" count="0" type="stmt"/>
        <line num="122" count="0" type="stmt"/>
        <line num="129" count="0" type="stmt"/>
        <line num="136" count="0" type="stmt"/>
        <line num="141" count="22" type="stmt"/>
        <line num="142" count="0" type="stmt"/>
        <line num="144" count="0" type="stmt"/>
        <line num="149" count="0" type="cond" truecount="0" falsecount="2"/>
        <line num="152" count="0" type="stmt"/>
        <line num="153" count="0" type="stmt"/>
        <line num="158" count="0" type="stmt"/>
        <line num="159" count="0" type="stmt"/>
        <line num="160" count="0" type="stmt"/>
        <line num="163" count="0" type="stmt"/>
        <line num="164" count="0" type="stmt"/>
        <line num="166" count="0" type="stmt"/>
        <line num="167" count="0" type="stmt"/>
        <line num="168" count="0" type="stmt"/>
        <line num="170" count="0" type="cond" truecount="0" falsecount="2"/>
        <line num="172" count="0" type="stmt"/>
        <line num="175" count="0" type="cond" truecount="0" falsecount="4"/>
        <line num="177" count="0" type="stmt"/>
        <line num="182" count="0" type="stmt"/>
        <line num="185" count="0" type="stmt"/>
        <line num="190" count="0" type="stmt"/>
        <line num="193" count="0" type="stmt"/>
        <line num="198" count="0" type="stmt"/>
        <line num="201" count="0" type="stmt"/>
        <line num="204" count="0" type="stmt"/>
        <line num="205" count="0" type="cond" truecount="0" falsecount="2"/>
        <line num="208" count="0" type="stmt"/>
        <line num="210" count="0" type="stmt"/>
        <line num="211" count="0" type="stmt"/>
        <line num="216" count="22" type="stmt"/>
        <line num="217" count="0" type="stmt"/>
        <line num="218" count="0" type="cond" truecount="0" falsecount="2"/>
        <line num="219" count="0" type="cond" truecount="0" falsecount="4"/>
        <line num="221" count="0" type="cond" truecount="0" falsecount="2"/>
        <line num="228" count="0" type="cond" truecount="0" falsecount="2"/>
        <line num="229" count="0" type="stmt"/>
        <line num="237" count="0" type="stmt"/>
        <line num="244" count="22" type="stmt"/>
      </file>
      <file name="invoiceService.js" path="D:\Projects\mirachpos\api\src\services\invoiceService.js">
        <metrics statements="164" coveredstatements="28" conditionals="123" coveredconditionals="10" methods="25" coveredmethods="3"/>
        <line num="8" count="22" type="stmt"/>
        <line num="9" count="22" type="stmt"/>
        <line num="10" count="22" type="stmt"/>
        <line num="11" count="22" type="stmt"/>
        <line num="12" count="22" type="stmt"/>
        <line num="14" count="22" type="stmt"/>
        <line num="15" count="10" type="stmt"/>
        <line num="16" count="10" type="cond" truecount="2" falsecount="0"/>
        <line num="17" count="2" type="cond" truecount="1" falsecount="1"/>
        <line num="19" count="0" type="stmt"/>
        <line num="23" count="22" type="stmt"/>
        <line num="24" count="0" type="cond" truecount="0" falsecount="2"/>
        <line num="25" count="0" type="cond" truecount="0" falsecount="5"/>
        <line num="26" count="0" type="stmt"/>
        <line num="30" count="22" type="stmt"/>
        <line num="34" count="2" type="stmt"/>
        <line num="40" count="2" type="cond" truecount="1" falsecount="1"/>
        <line num="42" count="2" type="stmt"/>
        <line num="55" count="22" type="stmt"/>
        <line num="56" count="0" type="stmt"/>
        <line num="59" count="0" type="stmt"/>
        <line num="60" count="0" type="cond" truecount="0" falsecount="2"/>
        <line num="62" count="0" type="stmt"/>
        <line num="64" count="0" type="stmt"/>
        <line num="71" count="0" type="stmt"/>
        <line num="72" count="0" type="cond" truecount="0" falsecount="2"/>
        <line num="74" count="0" type="stmt"/>
        <line num="75" count="0" type="stmt"/>
        <line num="76" count="0" type="stmt"/>
        <line num="77" count="0" type="cond" truecount="0" falsecount="2"/>
        <line num="78" count="0" type="stmt"/>
        <line num="82" count="0" type="stmt"/>
        <line num="86" count="22" type="stmt"/>
        <line num="87" count="0" type="cond" truecount="0" falsecount="4"/>
        <line num="88" count="0" type="stmt"/>
        <line num="91" count="0" type="stmt"/>
        <line num="92" count="0" type="stmt"/>
        <line num="94" count="0" type="stmt"/>
        <line num="95" count="0" type="stmt"/>
        <line num="97" count="0" type="stmt"/>
        <line num="99" count="0" type="stmt"/>
        <line num="115" count="22" type="stmt"/>
        <line num="117" count="0" type="stmt"/>
        <line num="123" count="0" type="cond" truecount="0" falsecount="2"/>
        <line num="124" count="0" type="stmt"/>
        <line num="125" count="0" type="stmt"/>
        <line num="128" count="0" type="stmt"/>
        <line num="129" count="0" type="cond" truecount="0" falsecount="2"/>
        <line num="133" count="0" type="cond" truecount="0" falsecount="2"/>
        <line num="137" count="22" type="stmt"/>
        <line num="145" count="0" type="stmt"/>
        <line num="146" count="0" type="stmt"/>
        <line num="147" count="0" type="stmt"/>
        <line num="149" count="0" type="stmt"/>
        <line num="150" count="0" type="stmt"/>
        <line num="152" count="0" type="stmt"/>
        <line num="153" count="0" type="stmt"/>
        <line num="155" count="0" type="cond" truecount="0" falsecount="4"/>
        <line num="156" count="0" type="stmt"/>
        <line num="170" count="0" type="stmt"/>
        <line num="172" count="0" type="stmt"/>
        <line num="182" count="0" type="stmt"/>
        <line num="183" count="0" type="stmt"/>
        <line num="186" count="0" type="stmt"/>
        <line num="187" count="0" type="stmt"/>
        <line num="188" count="0" type="cond" truecount="0" falsecount="2"/>
        <line num="189" count="0" type="stmt"/>
        <line num="191" count="0" type="stmt"/>
        <line num="193" count="0" type="stmt"/>
        <line num="195" count="0" type="stmt"/>
        <line num="223" count="0" type="stmt"/>
        <line num="233" count="22" type="stmt"/>
        <line num="241" count="0" type="stmt"/>
        <line num="242" count="0" type="stmt"/>
        <line num="243" count="0" type="stmt"/>
        <line num="245" count="0" type="cond" truecount="0" falsecount="2"/>
        <line num="247" count="0" type="stmt"/>
        <line num="248" count="0" type="stmt"/>
        <line num="250" count="0" type="stmt"/>
        <line num="273" count="0" type="stmt"/>
        <line num="282" count="22" type="stmt"/>
        <line num="292" count="0" type="stmt"/>
        <line num="293" count="0" type="stmt"/>
        <line num="294" count="0" type="stmt"/>
        <line num="296" count="0" type="stmt"/>
        <line num="318" count="0" type="stmt"/>
        <line num="325" count="0" type="stmt"/>
        <line num="330" count="22" type="stmt"/>
        <line num="331" count="0" type="stmt"/>
        <line num="332" count="0" type="stmt"/>
        <line num="334" count="0" type="stmt"/>
        <line num="339" count="0" type="cond" truecount="0" falsecount="2"/>
        <line num="342" count="0" type="stmt"/>
        <line num="352" count="0" type="stmt"/>
        <line num="361" count="0" type="stmt"/>
        <line num="366" count="0" type="stmt"/>
        <line num="369" count="0" type="cond" truecount="0" falsecount="2"/>
        <line num="370" count="0" type="stmt"/>
        <line num="380" count="0" type="cond" truecount="0" falsecount="2"/>
        <line num="381" count="0" type="stmt"/>
        <line num="392" count="0" type="stmt"/>
        <line num="408" count="0" type="stmt"/>
        <line num="412" count="22" type="stmt"/>
        <line num="413" count="0" type="cond" truecount="0" falsecount="2"/>
        <line num="414" count="0" type="stmt"/>
        <line num="416" count="0" type="stmt"/>
        <line num="417" count="0" type="cond" truecount="0" falsecount="2"/>
        <line num="419" count="0" type="stmt"/>
        <line num="420" count="0" type="stmt"/>
        <line num="421" count="0" type="stmt"/>
        <line num="422" count="0" type="cond" truecount="0" falsecount="2"/>
        <line num="423" count="0" type="stmt"/>
        <line num="424" count="0" type="stmt"/>
        <line num="428" count="0" type="stmt"/>
        <line num="429" count="0" type="stmt"/>
        <line num="455" count="0" type="stmt"/>
        <line num="473" count="0" type="stmt"/>
        <line num="477" count="22" type="stmt"/>
        <line num="478" count="0" type="stmt"/>
        <line num="479" count="0" type="stmt"/>
        <line num="481" count="0" type="stmt"/>
        <line num="486" count="0" type="cond" truecount="0" falsecount="2"/>
        <line num="488" count="0" type="stmt"/>
        <line num="499" count="0" type="stmt"/>
        <line num="506" count="0" type="stmt"/>
        <line num="511" count="22" type="stmt"/>
        <line num="512" count="0" type="cond" truecount="0" falsecount="2"/>
        <line num="513" count="0" type="stmt"/>
        <line num="516" count="0" type="stmt"/>
        <line num="521" count="0" type="stmt"/>
        <line num="522" count="0" type="stmt"/>
        <line num="523" count="0" type="cond" truecount="0" falsecount="2"/>
        <line num="528" count="0" type="stmt"/>
        <line num="529" count="0" type="cond" truecount="0" falsecount="2"/>
        <line num="530" count="0" type="stmt"/>
        <line num="532" count="0" type="stmt"/>
        <line num="536" count="0" type="stmt"/>
        <line num="537" count="0" type="stmt"/>
        <line num="542" count="0" type="cond" truecount="0" falsecount="3"/>
        <line num="543" count="0" type="stmt"/>
        <line num="546" count="0" type="stmt"/>
        <line num="563" count="0" type="stmt"/>
        <line num="570" count="0" type="stmt"/>
        <line num="574" count="22" type="cond" truecount="0" falsecount="2"/>
        <line num="575" count="0" type="stmt"/>
        <line num="595" count="0" type="stmt"/>
        <line num="611" count="22" type="stmt"/>
        <line num="612" count="0" type="stmt"/>
        <line num="618" count="0" type="cond" truecount="0" falsecount="2"/>
        <line num="620" count="0" type="stmt"/>
        <line num="626" count="0" type="stmt"/>
        <line num="645" count="0" type="stmt"/>
        <line num="663" count="22" type="stmt"/>
        <line num="664" count="0" type="stmt"/>
        <line num="665" count="0" type="stmt"/>
        <line num="666" count="0" type="stmt"/>
        <line num="669" count="0" type="stmt"/>
        <line num="677" count="0" type="stmt"/>
        <line num="685" count="0" type="stmt"/>
        <line num="692" count="0" type="cond" truecount="0" falsecount="2"/>
        <line num="693" count="0" type="stmt"/>
        <line num="694" count="0" type="stmt"/>
        <line num="700" count="0" type="stmt"/>
        <line num="707" count="22" type="stmt"/>
      </file>
      <file name="jobService.js" path="D:\Projects\mirachpos\api\src\services\jobService.js">
        <metrics statements="44" coveredstatements="9" conditionals="15" coveredconditionals="0" methods="5" coveredmethods="0"/>
        <line num="2" count="22" type="stmt"/>
        <line num="3" count="22" type="stmt"/>
        <line num="4" count="22" type="stmt"/>
        <line num="6" count="22" type="stmt"/>
        <line num="13" count="22" type="stmt"/>
        <line num="14" count="0" type="stmt"/>
        <line num="15" count="0" type="stmt"/>
        <line num="25" count="22" type="cond" truecount="0" falsecount="2"/>
        <line num="26" count="0" type="stmt"/>
        <line num="27" count="0" type="stmt"/>
        <line num="29" count="0" type="stmt"/>
        <line num="40" count="0" type="stmt"/>
        <line num="41" count="0" type="stmt"/>
        <line num="47" count="22" type="stmt"/>
        <line num="48" count="0" type="stmt"/>
        <line num="49" count="0" type="stmt"/>
        <line num="54" count="0" type="stmt"/>
        <line num="55" count="0" type="stmt"/>
        <line num="63" count="0" type="cond" truecount="0" falsecount="2"/>
        <line num="65" count="0" type="stmt"/>
        <line num="73" count="0" type="stmt"/>
        <line num="76" count="0" type="cond" truecount="0" falsecount="2"/>
        <line num="78" count="0" type="stmt"/>
        <line num="79" count="0" type="cond" truecount="0" falsecount="2"/>
        <line num="80" count="0" type="stmt"/>
        <line num="81" count="0" type="stmt"/>
        <line num="86" count="0" type="stmt"/>
        <line num="89" count="0" type="stmt"/>
        <line num="90" count="0" type="stmt"/>
        <line num="92" count="0" type="stmt"/>
        <line num="93" count="0" type="cond" truecount="0" falsecount="2"/>
        <line num="94" count="0" type="stmt"/>
        <line num="96" count="0" type="stmt"/>
        <line num="103" count="0" type="stmt"/>
        <line num="105" count="0" type="stmt"/>
        <line num="109" count="0" type="stmt"/>
        <line num="110" count="0" type="cond" truecount="0" falsecount="2"/>
        <line num="112" count="0" type="cond" truecount="0" falsecount="2"/>
        <line num="116" count="0" type="stmt"/>
        <line num="124" count="0" type="stmt"/>
        <line num="132" count="22" type="cond" truecount="0" falsecount="1"/>
        <line num="133" count="0" type="stmt"/>
        <line num="134" count="0" type="stmt"/>
        <line num="137" count="22" type="stmt"/>
      </file>
      <file name="paymentGatewayService.js" path="D:\Projects\mirachpos\api\src\services\paymentGatewayService.js">
        <metrics statements="404" coveredstatements="0" conditionals="553" coveredconditionals="0" methods="46" coveredmethods="0"/>
        <line num="10" count="0" type="stmt"/>
        <line num="11" count="0" type="stmt"/>
        <line num="12" count="0" type="stmt"/>
        <line num="13" count="0" type="stmt"/>
        <line num="14" count="0" type="stmt"/>
        <line num="15" count="0" type="stmt"/>
        <line num="16" count="0" type="stmt"/>
        <line num="18" count="0" type="stmt"/>
        <line num="19" count="0" type="stmt"/>
        <line num="20" count="0" type="cond" truecount="0" falsecount="2"/>
        <line num="21" count="0" type="stmt"/>
        <line num="22" count="0" type="stmt"/>
        <line num="24" count="0" type="stmt"/>
        <line num="28" count="0" type="stmt"/>
        <line num="29" count="0" type="cond" truecount="0" falsecount="2"/>
        <line num="30" count="0" type="cond" truecount="0" falsecount="2"/>
        <line num="33" count="0" type="stmt"/>
        <line num="35" count="0" type="stmt"/>
        <line num="36" count="0" type="stmt"/>
        <line num="39" count="0" type="stmt"/>
        <line num="40" count="0" type="cond" truecount="0" falsecount="2"/>
        <line num="43" count="0" type="stmt"/>
        <line num="44" count="0" type="cond" truecount="0" falsecount="2"/>
        <line num="45" count="0" type="stmt"/>
        <line num="46" count="0" type="cond" truecount="0" falsecount="2"/>
        <line num="52" count="0" type="stmt"/>
        <line num="55" count="0" type="cond" truecount="0" falsecount="2"/>
        <line num="56" count="0" type="stmt"/>
        <line num="57" count="0" type="stmt"/>
        <line num="59" count="0" type="cond" truecount="0" falsecount="2"/>
        <line num="60" count="0" type="cond" truecount="0" falsecount="4"/>
        <line num="61" count="0" type="cond" truecount="0" falsecount="4"/>
        <line num="62" count="0" type="cond" truecount="0" falsecount="3"/>
        <line num="65" count="0" type="cond" truecount="0" falsecount="3"/>
        <line num="68" count="0" type="stmt"/>
        <line num="69" count="0" type="cond" truecount="0" falsecount="2"/>
        <line num="70" count="0" type="cond" truecount="0" falsecount="2"/>
        <line num="73" count="0" type="cond" truecount="0" falsecount="2"/>
        <line num="80" count="0" type="stmt"/>
        <line num="81" count="0" type="cond" truecount="0" falsecount="2"/>
        <line num="82" count="0" type="cond" truecount="0" falsecount="2"/>
        <line num="83" count="0" type="stmt"/>
        <line num="84" count="0" type="cond" truecount="0" falsecount="6"/>
        <line num="85" count="0" type="cond" truecount="0" falsecount="4"/>
        <line num="86" count="0" type="cond" truecount="0" falsecount="4"/>
        <line num="88" count="0" type="stmt"/>
        <line num="91" count="0" type="cond" truecount="0" falsecount="1"/>
        <line num="92" count="0" type="stmt"/>
        <line num="93" count="0" type="cond" truecount="0" falsecount="4"/>
        <line num="94" count="0" type="cond" truecount="0" falsecount="2"/>
        <line num="95" count="0" type="stmt"/>
        <line num="96" count="0" type="stmt"/>
        <line num="98" count="0" type="cond" truecount="0" falsecount="2"/>
        <line num="102" count="0" type="stmt"/>
        <line num="103" count="0" type="stmt"/>
        <line num="104" count="0" type="stmt"/>
        <line num="106" count="0" type="cond" truecount="0" falsecount="3"/>
        <line num="108" count="0" type="cond" truecount="0" falsecount="5"/>
        <line num="109" count="0" type="stmt"/>
        <line num="110" count="0" type="stmt"/>
        <line num="112" count="0" type="stmt"/>
        <line num="116" count="0" type="stmt"/>
        <line num="118" count="0" type="stmt"/>
        <line num="119" count="0" type="stmt"/>
        <line num="120" count="0" type="cond" truecount="0" falsecount="2"/>
        <line num="121" count="0" type="cond" truecount="0" falsecount="2"/>
        <line num="123" count="0" type="stmt"/>
        <line num="127" count="0" type="stmt"/>
        <line num="128" count="0" type="cond" truecount="0" falsecount="2"/>
        <line num="129" count="0" type="cond" truecount="0" falsecount="5"/>
        <line num="130" count="0" type="stmt"/>
        <line num="133" count="0" type="stmt"/>
        <line num="140" count="0" type="stmt"/>
        <line num="141" count="0" type="cond" truecount="0" falsecount="2"/>
        <line num="142" count="0" type="stmt"/>
        <line num="143" count="0" type="cond" truecount="0" falsecount="4"/>
        <line num="145" count="0" type="stmt"/>
        <line num="151" count="0" type="cond" truecount="0" falsecount="2"/>
        <line num="152" count="0" type="stmt"/>
        <line num="153" count="0" type="cond" truecount="0" falsecount="2"/>
        <line num="154" count="0" type="stmt"/>
        <line num="155" count="0" type="stmt"/>
        <line num="167" count="0" type="stmt"/>
        <line num="169" count="0" type="stmt"/>
        <line num="170" count="0" type="stmt"/>
        <line num="171" count="0" type="stmt"/>
        <line num="178" count="0" type="stmt"/>
        <line num="181" count="0" type="stmt"/>
[...]
        <line num="14735" count="0" type="cond" truecount="0" falsecount="2"/>
        <line num="14736" count="0" type="cond" truecount="0" falsecount="2"/>
        <line num="14737" count="0" type="cond" truecount="0" falsecount="5"/>
        <line num="14738" count="0" type="stmt"/>
        <line num="14739" count="0" type="cond" truecount="0" falsecount="5"/>
        <line num="14740" count="0" type="stmt"/>
        <line num="14741" count="0" type="cond" truecount="0" falsecount="4"/>
        <line num="14742" count="0" type="cond" truecount="0" falsecount="2"/>
        <line num="14743" count="0" type="cond" truecount="0" falsecount="2"/>
        <line num="14744" count="0" type="cond" truecount="0" falsecount="4"/>
        <line num="14745" count="0" type="stmt"/>
        <line num="14746" count="0" type="stmt"/>
        <line num="14768" count="0" type="stmt"/>
        <line num="14769" count="0" type="cond" truecount="0" falsecount="2"/>
        <line num="14770" count="0" type="cond" truecount="0" falsecount="2"/>
        <line num="14771" count="0" type="cond" truecount="0" falsecount="2"/>
        <line num="14772" count="0" type="cond" truecount="0" falsecount="2"/>
        <line num="14773" count="0" type="stmt"/>
        <line num="14776" count="0" type="cond" truecount="0" falsecount="2"/>
        <line num="14777" count="0" type="cond" truecount="0" falsecount="2"/>
        <line num="14778" count="0" type="cond" truecount="0" falsecount="2"/>
        <line num="14779" count="0" type="cond" truecount="0" falsecount="2"/>
        <line num="14780" count="0" type="stmt"/>
        <line num="14798" count="0" type="stmt"/>
        <line num="14799" count="0" type="stmt"/>
        <line num="14800" count="0" type="cond" truecount="0" falsecount="4"/>
        <line num="14804" count="0" type="stmt"/>
        <line num="14808" count="0" type="stmt"/>
        <line num="14809" count="0" type="stmt"/>
        <line num="14810" count="0" type="cond" truecount="0" falsecount="4"/>
        <line num="14814" count="0" type="stmt"/>
        <line num="14818" count="0" type="stmt"/>
        <line num="14819" count="0" type="cond" truecount="0" falsecount="2"/>
        <line num="14820" count="0" type="stmt"/>
        <line num="14821" count="0" type="stmt"/>
        <line num="14824" count="0" type="cond" truecount="0" falsecount="5"/>
        <line num="14825" count="0" type="stmt"/>
        <line num="14826" count="0" type="stmt"/>
        <line num="14827" count="0" type="cond" truecount="0" falsecount="2"/>
        <line num="14828" count="0" type="cond" truecount="0" falsecount="4"/>
        <line num="14829" count="0" type="stmt"/>
        <line num="14830" count="0" type="stmt"/>
        <line num="14833" count="0" type="cond" truecount="0" falsecount="2"/>
        <line num="14834" count="0" type="cond" truecount="0" falsecount="2"/>
        <line num="14839" count="0" type="stmt"/>
        <line num="14840" count="0" type="stmt"/>
        <line num="14844" count="0" type="cond" truecount="0" falsecount="2"/>
        <line num="14845" count="0" type="cond" truecount="0" falsecount="2"/>
        <line num="14846" count="0" type="stmt"/>
        <line num="14847" count="0" type="stmt"/>
        <line num="14849" count="0" type="stmt"/>
        <line num="14850" count="0" type="stmt"/>
        <line num="14854" count="0" type="stmt"/>
        <line num="14855" count="0" type="stmt"/>
        <line num="14856" count="0" type="stmt"/>
        <line num="14857" count="0" type="cond" truecount="0" falsecount="2"/>
        <line num="14858" count="0" type="cond" truecount="0" falsecount="2"/>
        <line num="14859" count="0" type="cond" truecount="0" falsecount="2"/>
        <line num="14860" count="0" type="cond" truecount="0" falsecount="2"/>
        <line num="14861" count="0" type="cond" truecount="0" falsecount="2"/>
        <line num="14862" count="0" type="cond" truecount="0" falsecount="2"/>
        <line num="14863" count="0" type="cond" truecount="0" falsecount="2"/>
        <line num="14864" count="0" type="stmt"/>
        <line num="14867" count="0" type="stmt"/>
        <line num="14870" count="0" type="stmt"/>
        <line num="14873" count="0" type="stmt"/>
        <line num="14876" count="0" type="stmt"/>
        <line num="14877" count="0" type="stmt"/>
        <line num="14890" count="0" type="stmt"/>
        <line num="14891" count="0" type="stmt"/>
        <line num="14892" count="0" type="stmt"/>
        <line num="14896" count="0" type="stmt"/>
        <line num="14901" count="0" type="stmt"/>
        <line num="14902" count="0" type="stmt"/>
        <line num="14903" count="0" type="cond" truecount="0" falsecount="2"/>
        <line num="14904" count="0" type="stmt"/>
        <line num="14909" count="0" type="cond" truecount="0" falsecount="4"/>
        <line num="14910" count="0" type="stmt"/>
        <line num="14911" count="0" type="stmt"/>
        <line num="14912" count="0" type="cond" truecount="0" falsecount="2"/>
        <line num="14913" count="0" type="stmt"/>
        <line num="14914" count="0" type="stmt"/>
        <line num="14915" count="0" type="stmt"/>
        <line num="14916" count="0" type="stmt"/>
        <line num="14918" count="0" type="stmt"/>
        <line num="14926" count="0" type="cond" truecount="0" falsecount="2"/>
        <line num="14930" count="0" type="stmt"/>
        <line num="14931" count="0" type="stmt"/>
        <line num="14932" count="0" type="stmt"/>
        <line num="14933" count="0" type="cond" truecount="0" falsecount="2"/>
        <line num="14934" count="0" type="cond" truecount="0" falsecount="2"/>
        <line num="14936" count="0" type="stmt"/>
        <line num="14939" count="0" type="cond" truecount="0" falsecount="4"/>
        <line num="14940" count="0" type="stmt"/>
        <line num="14941" count="0" type="stmt"/>
        <line num="14942" count="0" type="stmt"/>
        <line num="14943" count="0" type="stmt"/>
        <line num="14944" count="0" type="stmt"/>
        <line num="14945" count="0" type="stmt"/>
        <line num="14946" count="0" type="stmt"/>
        <line num="14948" count="0" type="stmt"/>
        <line num="14950" count="0" type="stmt"/>
        <line num="14953" count="0" type="cond" truecount="0" falsecount="2"/>
        <line num="14954" count="0" type="stmt"/>
        <line num="14955" count="0" type="cond" truecount="0" falsecount="2"/>
        <line num="14956" count="0" type="stmt"/>
        <line num="14960" count="0" type="stmt"/>
        <line num="14961" count="0" type="cond" truecount="0" falsecount="2"/>
        <line num="14962" count="0" type="cond" truecount="0" falsecount="2"/>
        <line num="14965" count="0" type="stmt"/>
        <line num="14966" count="0" type="cond" truecount="0" falsecount="2"/>
        <line num="14967" count="0" type="stmt"/>
        <line num="14968" count="0" type="stmt"/>
        <line num="14970" count="0" type="stmt"/>
        <line num="14974" count="0" type="stmt"/>
        <line num="14981" count="0" type="cond" truecount="0" falsecount="2"/>
        <line num="14998" count="0" type="stmt"/>
        <line num="14999" count="0" type="stmt"/>
        <line num="15000" count="0" type="stmt"/>
        <line num="15001" count="0" type="stmt"/>
        <line num="15002" count="0" type="stmt"/>
        <line num="15003" count="0" type="stmt"/>
        <line num="15004" count="0" type="stmt"/>
        <line num="15005" count="0" type="stmt"/>
        <line num="15006" count="0" type="stmt"/>
        <line num="15007" count="0" type="stmt"/>
        <line num="15008" count="0" type="stmt"/>
        <line num="15009" count="0" type="stmt"/>
        <line num="15013" count="0" type="stmt"/>
        <line num="15014" count="0" type="stmt"/>
        <line num="15015" count="0" type="cond" truecount="0" falsecount="2"/>
        <line num="15017" count="0" type="cond" truecount="0" falsecount="2"/>
        <line num="15018" count="0" type="stmt"/>
        <line num="15019" count="0" type="stmt"/>
        <line num="15022" count="0" type="stmt"/>
        <line num="15023" count="0" type="stmt"/>
        <line num="15024" count="0" type="cond" truecount="0" falsecount="4"/>
        <line num="15025" count="0" type="stmt"/>
        <line num="15030" count="0" type="cond" truecount="0" falsecount="2"/>
        <line num="15032" count="0" type="cond" truecount="0" falsecount="2"/>
        <line num="15033" count="0" type="stmt"/>
        <line num="15034" count="0" type="stmt"/>
        <line num="15038" count="0" type="cond" truecount="0" falsecount="2"/>
        <line num="15043" count="0" type="stmt"/>
        <line num="15044" count="0" type="stmt"/>
        <line num="15047" count="0" type="stmt"/>
        <line num="15048" count="0" type="stmt"/>
        <line num="15051" count="0" type="stmt"/>
        <line num="15052" count="0" type="stmt"/>
        <line num="15055" count="0" type="stmt"/>
        <line num="15056" count="0" type="stmt"/>
        <line num="15057" count="0" type="cond" truecount="0" falsecount="4"/>
        <line num="15060" count="0" type="cond" truecount="0" falsecount="2"/>
        <line num="15061" count="0" type="stmt"/>
        <line num="15062" count="0" type="stmt"/>
        <line num="15063" count="0" type="stmt"/>
        <line num="15064" count="0" type="stmt"/>
        <line num="15065" count="0" type="stmt"/>
        <line num="15069" count="0" type="stmt"/>
        <line num="15070" count="0" type="stmt"/>
        <line num="15072" count="0" type="stmt"/>
        <line num="15075" count="0" type="stmt"/>
        <line num="15076" count="0" type="stmt"/>
        <line num="15077" count="0" type="stmt"/>
        <line num="15085" count="0" type="stmt"/>
        <line num="15088" count="0" type="stmt"/>
        <line num="15089" count="0" type="stmt"/>
        <line num="15090" count="0" type="stmt"/>
        <line num="15091" count="0" type="stmt"/>
        <line num="15092" count="0" type="stmt"/>
        <line num="15095" count="0" type="stmt"/>
        <line num="15096" count="0" type="stmt"/>
        <line num="15097" count="0" type="cond" truecount="0" falsecount="2"/>
        <line num="15101" count="0" type="stmt"/>
        <line num="15102" count="0" type="cond" truecount="0" falsecount="2"/>
        <line num="15103" count="0" type="stmt"/>
        <line num="15104" count="0" type="cond" truecount="0" falsecount="2"/>
        <line num="15107" count="0" type="stmt"/>
        <line num="15108" count="0" type="stmt"/>
        <line num="15110" count="0" type="stmt"/>
        <line num="15129" count="0" type="stmt"/>
        <line num="15132" count="0" type="stmt"/>
        <line num="15135" count="0" type="stmt"/>
        <line num="15145" count="0" type="stmt"/>
        <line num="15148" count="0" type="stmt"/>
        <line num="15160" count="0" type="cond" truecount="0" falsecount="2"/>
        <line num="15161" count="0" type="cond" truecount="0" falsecount="2"/>
        <line num="15162" count="0" type="stmt"/>
        <line num="15163" count="0" type="stmt"/>
        <line num="15164" count="0" type="stmt"/>
        <line num="15168" count="0" type="stmt"/>
        <line num="15169" count="0" type="stmt"/>
        <line num="15172" count="0" type="stmt"/>
        <line num="15173" count="0" type="stmt"/>
        <line num="15174" count="0" type="stmt"/>
        <line num="15179" count="0" type="stmt"/>
        <line num="15183" count="0" type="stmt"/>
        <line num="15184" count="0" type="cond" truecount="0" falsecount="2"/>
        <line num="15185" count="0" type="cond" truecount="0" falsecount="4"/>
        <line num="15186" count="0" type="stmt"/>
        <line num="15187" count="0" type="stmt"/>
        <line num="15188" count="0" type="cond" truecount="0" falsecount="2"/>
        <line num="15196" count="0" type="stmt"/>
        <line num="15197" count="0" type="cond" truecount="0" falsecount="2"/>
        <line num="15200" count="0" type="stmt"/>
        <line num="15208" count="0" type="stmt"/>
        <line num="15209" count="0" type="cond" truecount="0" falsecount="2"/>
        <line num="15210" count="0" type="cond" truecount="0" falsecount="4"/>
        <line num="15211" count="0" type="stmt"/>
        <line num="15213" count="0" type="stmt"/>
        <line num="15214" count="0" type="cond" truecount="0" falsecount="2"/>
        <line num="15215" count="0" type="stmt"/>
        <line num="15216" count="0" type="stmt"/>
        <line num="15217" count="0" type="stmt"/>
        <line num="15218" count="0" type="stmt"/>
        <line num="15219" count="0" type="stmt"/>
        <line num="15221" count="0" type="stmt"/>
        <line num="15227" count="0" type="stmt"/>
        <line num="15230" count="0" type="stmt"/>
        <line num="15235" count="0" type="stmt"/>
        <line num="15236" count="0" type="cond" truecount="0" falsecount="2"/>
        <line num="15237" count="0" type="stmt"/>
        <line num="15238" count="0" type="cond" truecount="0" falsecount="2"/>
        <line num="15239" count="0" type="cond" truecount="0" falsecount="2"/>
        <line num="15246" count="0" type="stmt"/>
        <line num="15247" count="0" type="stmt"/>
        <line num="15248" count="0" type="cond" truecount="0" falsecount="2"/>
        <line num="15249" count="0" type="stmt"/>
        <line num="15250" count="0" type="cond" truecount="0" falsecount="2"/>
        <line num="15259" count="22" type="stmt"/>
        <line num="15261" count="0" type="stmt"/>
        <line num="15262" count="0" type="stmt"/>
        <line num="15263" count="0" type="stmt"/>
        <line num="15264" count="0" type="stmt"/>
        <line num="15267" count="0" type="stmt"/>
        <line num="15271" count="0" type="cond" truecount="0" falsecount="4"/>
        <line num="15272" count="0" type="stmt"/>
        <line num="15274" count="22" type="stmt"/>
        <line num="15276" count="0" type="stmt"/>
        <line num="15279" count="0" type="stmt"/>
        <line num="15282" count="0" type="stmt"/>
        <line num="15285" count="0" type="stmt"/>
        <line num="15288" count="22" type="stmt"/>
        <line num="15289" count="22" type="stmt"/>
        <line num="15291" count="0" type="stmt"/>
        <line num="15292" count="0" type="stmt"/>
        <line num="15293" count="0" type="stmt"/>
        <line num="15294" count="0" type="stmt"/>
        <line num="15295" count="0" type="stmt"/>
        <line num="15296" count="0" type="stmt"/>
        <line num="15297" count="0" type="stmt"/>
        <line num="15298" count="0" type="stmt"/>
        <line num="15301" count="0" type="stmt"/>
        <line num="15302" count="0" type="stmt"/>
        <line num="15304" count="0" type="cond" truecount="0" falsecount="2"/>
        <line num="15305" count="0" type="stmt"/>
        <line num="15308" count="22" type="stmt"/>
        <line num="15310" count="0" type="stmt"/>
        <line num="15311" count="0" type="stmt"/>
        <line num="15312" count="0" type="stmt"/>
        <line num="15313" count="0" type="stmt"/>
        <line num="15322" count="0" type="stmt"/>
        <line num="15323" count="0" type="stmt"/>
        <line num="15324" count="0" type="stmt"/>
        <line num="15325" count="0" type="cond" truecount="0" falsecount="2"/>
        <line num="15326" count="0" type="stmt"/>
        <line num="15327" count="0" type="stmt"/>
        <line num="15328" count="0" type="stmt"/>
        <line num="15330" count="0" type="cond" truecount="0" falsecount="2"/>
        <line num="15331" count="0" type="stmt"/>
        <line num="15335" count="0" type="stmt"/>
        <line num="15338" count="0" type="stmt"/>
        <line num="15341" count="0" type="stmt"/>
        <line num="15342" count="0" type="stmt"/>
        <line num="15344" count="0" type="stmt"/>
      </file>
      <file name="standingOrderCrypto.js" path="D:\Projects\mirachpos\api\src\utils\telebirr\standingOrderCrypto.js">
        <metrics statements="31" coveredstatements="0" conditionals="6" coveredconditionals="0" methods="6" coveredmethods="0"/>
        <line num="1" count="0" type="stmt"/>
        <line num="3" count="0" type="stmt"/>
        <line num="4" count="0" type="cond" truecount="0" falsecount="2"/>
        <line num="5" count="0" type="stmt"/>
        <line num="6" count="0" type="cond" truecount="0" falsecount="2"/>
        <line num="8" count="0" type="stmt"/>
        <line num="11" count="0" type="stmt"/>
        <line num="12" count="0" type="stmt"/>
        <line num="15" count="0" type="stmt"/>
        <line num="16" count="0" type="stmt"/>
        <line num="17" count="0" type="stmt"/>
        <line num="18" count="0" type="stmt"/>
        <line num="19" count="0" type="stmt"/>
        <line num="20" count="0" type="stmt"/>
        <line num="27" count="0" type="stmt"/>
        <line num="28" count="0" type="stmt"/>
        <line num="29" count="0" type="stmt"/>
        <line num="30" count="0" type="stmt"/>
        <line num="31" count="0" type="stmt"/>
        <line num="32" count="0" type="stmt"/>
        <line num="39" count="0" type="stmt"/>
        <line num="40" count="0" type="stmt"/>
        <line num="41" count="0" type="stmt"/>
        <line num="44" count="0" type="stmt"/>
        <line num="52" count="0" type="stmt"/>
        <line num="55" count="0" type="stmt"/>
        <line num="56" count="0" type="stmt"/>
        <line num="57" count="0" type="cond" truecount="0" falsecount="2"/>
        <line num="58" count="0" type="stmt"/>
        <line num="66" count="0" type="stmt"/>
        <line num="69" count="0" type="stmt"/>
      </file>
      <file name="tools.js" path="D:\Projects\mirachpos\api\src\utils\telebirr\tools.js">
        <metrics statements="39" coveredstatements="5" conditionals="6" coveredconditionals="0" methods="4" coveredmethods="0"/>
        <line num="1" count="22" type="stmt"/>
        <line num="2" count="22" type="stmt"/>
        <line num="5" count="22" type="stmt"/>
        <line num="16" count="0" type="stmt"/>
        <line num="17" count="0" type="stmt"/>
        <line num="18" count="0" type="stmt"/>
        <line num="19" count="0" type="cond" truecount="0" falsecount="2"/>
        <line num="20" count="0" type="stmt"/>
        <line num="22" count="0" type="stmt"/>
        <line num="23" count="0" type="stmt"/>
        <line num="26" count="0" type="cond" truecount="0" falsecount="2"/>
        <line num="27" count="0" type="stmt"/>
        <line num="28" count="0" type="stmt"/>
        <line num="29" count="0" type="cond" truecount="0" falsecount="2"/>
        <line num="30" count="0" type="stmt"/>
        <line num="32" count="0" type="stmt"/>
        <line num="33" count="0" type="stmt"/>
        <line num="37" count="0" type="stmt"/>
        <line num="39" count="0" type="stmt"/>
        <line num="40" count="0" type="stmt"/>
        <line num="41" count="0" type="stmt"/>
        <line num="42" count="0" type="stmt"/>
        <line num="44" count="0" type="stmt"/>
        <line num="45" count="0" type="stmt"/>
        <line num="46" count="0" type="stmt"/>
        <line num="49" count="22" type="stmt"/>
        <line num="50" count="0" type="stmt"/>
        <line num="53" count="0" type="stmt"/>
        <line num="54" count="0" type="stmt"/>
        <line num="55" count="0" type="stmt"/>
        <line num="56" count="0" type="stmt"/>
        <line num="60" count="0" type="stmt"/>
        <line num="65" count="0" type="stmt"/>
        <line num="103" count="0" type="stmt"/>
        <line num="104" count="0" type="stmt"/>
        <line num="105" count="0" type="stmt"/>
        <line num="106" count="0" type="stmt"/>
        <line num="108" count="0" type="stmt"/>
        <line num="111" count="22" type="stmt"/>
      </file>
    </package>
  </project>
</coverage>
