{"total": {"lines":{"total":3690,"covered":2904,"skipped":0,"pct":78.69},"statements":{"total":4106,"covered":3106,"skipped":0,"pct":75.64},"functions":{"total":460,"covered":347,"skipped":0,"pct":75.43},"branches":{"total":3578,"covered":2154,"skipped":0,"pct":60.2},"branchesTrue":{"total":0,"covered":0,"skipped":0,"pct":100}}
,"D:\\Projects\\mirachpos\\api\\src\\config.js": {"lines":{"total":21,"covered":18,"skipped":0,"pct":85.71},"functions":{"total":6,"covered":5,"skipped":0,"pct":83.33},"statements":{"total":24,"covered":20,"skipped":0,"pct":83.33},"branches":{"total":102,"covered":71,"skipped":0,"pct":69.6}}
,"D:\\Projects\\mirachpos\\api\\src\\metrics.js": {"lines":{"total":31,"covered":29,"skipped":0,"pct":93.54},"functions":{"total":4,"covered":4,"skipped":0,"pct":100},"statements":{"total":33,"covered":30,"skipped":0,"pct":90.9},"branches":{"total":16,"covered":11,"skipped":0,"pct":68.75}}
,"D:\\Projects\\mirachpos\\api\\src\\middleware\\auth.js": {"lines":{"total":43,"covered":34,"skipped":0,"pct":79.06},"functions":{"total":5,"covered":5,"skipped":0,"pct":100},"statements":{"total":54,"covered":43,"skipped":0,"pct":79.62},"branches":{"total":83,"covered":63,"skipped":0,"pct":75.9}}
,"D:\\Projects\\mirachpos\\api\\src\\middleware\\branchScope.js": {"lines":{"total":33,"covered":29,"skipped":0,"pct":87.87},"functions":{"total":7,"covered":7,"skipped":0,"pct":100},"statements":{"total":40,"covered":35,"skipped":0,"pct":87.5},"branches":{"total":52,"covered":39,"skipped":0,"pct":75}}
,"D:\\Projects\\mirachpos\\api\\src\\middleware\\deviceTracking.js": {"lines":{"total":28,"covered":22,"skipped":0,"pct":78.57},"functions":{"total":4,"covered":3,"skipped":0,"pct":75},"statements":{"total":31,"covered":25,"skipped":0,"pct":80.64},"branches":{"total":23,"covered":18,"skipped":0,"pct":78.26}}
,"D:\\Projects\\mirachpos\\api\\src\\middleware\\entitlements.js": {"lines":{"total":113,"covered":88,"skipped":0,"pct":77.87},"functions":{"total":14,"covered":9,"skipped":0,"pct":64.28},"statements":{"total":146,"covered":97,"skipped":0,"pct":66.43},"branches":{"total":120,"covered":61,"skipped":0,"pct":50.83}}
,"D:\\Projects\\mirachpos\\api\\src\\middleware\\paymentIdempotency.js": {"lines":{"total":57,"covered":31,"skipped":0,"pct":54.38},"functions":{"total":7,"covered":3,"skipped":0,"pct":42.85},"statements":{"total":58,"covered":32,"skipped":0,"pct":55.17},"branches":{"total":30,"covered":7,"skipped":0,"pct":23.33}}
,"D:\\Projects\\mirachpos\\api\\src\\middleware\\permissions.js": {"lines":{"total":59,"covered":50,"skipped":0,"pct":84.74},"functions":{"total":11,"covered":11,"skipped":0,"pct":100},"statements":{"total":73,"covered":55,"skipped":0,"pct":75.34},"branches":{"total":85,"covered":50,"skipped":0,"pct":58.82}}
,"D:\\Projects\\mirachpos\\api\\src\\middleware\\rateLimiter.js": {"lines":{"total":18,"covered":15,"skipped":0,"pct":83.33},"functions":{"total":6,"covered":5,"skipped":0,"pct":83.33},"statements":{"total":19,"covered":15,"skipped":0,"pct":78.94},"branches":{"total":4,"covered":2,"skipped":0,"pct":50}}
,"D:\\Projects\\mirachpos\\api\\src\\middleware\\requestId.js": {"lines":{"total":25,"covered":23,"skipped":0,"pct":92},"functions":{"total":5,"covered":5,"skipped":0,"pct":100},"statements":{"total":28,"covered":24,"skipped":0,"pct":85.71},"branches":{"total":19,"covered":15,"skipped":0,"pct":78.94}}
,"D:\\Projects\\mirachpos\\api\\src\\middleware\\subscriptionEnforcement.js": {"lines":{"total":30,"covered":26,"skipped":0,"pct":86.66},"functions":{"total":3,"covered":2,"skipped":0,"pct":66.66},"statements":{"total":30,"covered":26,"skipped":0,"pct":86.66},"branches":{"total":14,"covered":8,"skipped":0,"pct":57.14}}
,"D:\\Projects\\mirachpos\\api\\src\\middleware\\superadminAuth.js": {"lines":{"total":21,"covered":21,"skipped":0,"pct":100},"functions":{"total":1,"covered":1,"skipped":0,"pct":100},"statements":{"total":27,"covered":22,"skipped":0,"pct":81.48},"branches":{"total":22,"covered":15,"skipped":0,"pct":68.18}}
,"D:\\Projects\\mirachpos\\api\\src\\middleware\\tenant.js": {"lines":{"total":19,"covered":18,"skipped":0,"pct":94.73},"functions":{"total":3,"covered":3,"skipped":0,"pct":100},"statements":{"total":21,"covered":18,"skipped":0,"pct":85.71},"branches":{"total":21,"covered":15,"skipped":0,"pct":71.42}}
,"D:\\Projects\\mirachpos\\api\\src\\middleware\\uploadSecurity.js": {"lines":{"total":19,"covered":19,"skipped":0,"pct":100},"functions":{"total":1,"covered":1,"skipped":0,"pct":100},"statements":{"total":20,"covered":20,"skipped":0,"pct":100},"branches":{"total":16,"covered":11,"skipped":0,"pct":68.75}}
,"D:\\Projects\\mirachpos\\api\\src\\middleware\\validators.js": {"lines":{"total":142,"covered":125,"skipped":0,"pct":88.02},"functions":{"total":13,"covered":6,"skipped":0,"pct":46.15},"statements":{"total":148,"covered":129,"skipped":0,"pct":87.16},"branches":{"total":20,"covered":4,"skipped":0,"pct":20}}
,"D:\\Projects\\mirachpos\\api\\src\\services\\authService.js": {"lines":{"total":88,"covered":71,"skipped":0,"pct":80.68},"functions":{"total":8,"covered":7,"skipped":0,"pct":87.5},"statements":{"total":115,"covered":83,"skipped":0,"pct":72.17},"branches":{"total":132,"covered":69,"skipped":0,"pct":52.27}}
,"D:\\Projects\\mirachpos\\api\\src\\services\\cronService.js": {"lines":{"total":15,"covered":15,"skipped":0,"pct":100},"functions":{"total":1,"covered":1,"skipped":0,"pct":100},"statements":{"total":15,"covered":15,"skipped":0,"pct":100},"branches":{"total":12,"covered":12,"skipped":0,"pct":100}}
,"D:\\Projects\\mirachpos\\api\\src\\services\\emailTemplates.js": {"lines":{"total":19,"covered":19,"skipped":0,"pct":100},"functions":{"total":6,"covered":6,"skipped":0,"pct":100},"statements":{"total":20,"covered":20,"skipped":0,"pct":100},"branches":{"total":31,"covered":26,"skipped":0,"pct":83.87}}
,"D:\\Projects\\mirachpos\\api\\src\\services\\entitlements.js": {"lines":{"total":145,"covered":138,"skipped":0,"pct":95.17},"functions":{"total":19,"covered":19,"skipped":0,"pct":100},"statements":{"total":170,"covered":160,"skipped":0,"pct":94.11},"branches":{"total":213,"covered":173,"skipped":0,"pct":81.22}}
,"D:\\Projects\\mirachpos\\api\\src\\services\\integrationService.js": {"lines":{"total":83,"covered":80,"skipped":0,"pct":96.38},"functions":{"total":9,"covered":9,"skipped":0,"pct":100},"statements":{"total":92,"covered":88,"skipped":0,"pct":95.65},"branches":{"total":59,"covered":51,"skipped":0,"pct":86.44}}
,"D:\\Projects\\mirachpos\\api\\src\\services\\invoiceService.js": {"lines":{"total":164,"covered":74,"skipped":0,"pct":45.12},"functions":{"total":25,"covered":7,"skipped":0,"pct":28},"statements":{"total":176,"covered":76,"skipped":0,"pct":43.18},"branches":{"total":123,"covered":32,"skipped":0,"pct":26.01}}
,"D:\\Projects\\mirachpos\\api\\src\\services\\jobService.js": {"lines":{"total":44,"covered":41,"skipped":0,"pct":93.18},"functions":{"total":5,"covered":4,"skipped":0,"pct":80},"statements":{"total":46,"covered":43,"skipped":0,"pct":93.47},"branches":{"total":15,"covered":11,"skipped":0,"pct":73.33}}
,"D:\\Projects\\mirachpos\\api\\src\\services\\paymentGatewayService.js": {"lines":{"total":389,"covered":329,"skipped":0,"pct":84.57},"functions":{"total":44,"covered":34,"skipped":0,"pct":77.27},"statements":{"total":432,"covered":342,"skipped":0,"pct":79.16},"branches":{"total":537,"covered":352,"skipped":0,"pct":65.54}}
,"D:\\Projects\\mirachpos\\api\\src\\services\\pdfService.js": {"lines":{"total":347,"covered":274,"skipped":0,"pct":78.96},"functions":{"total":32,"covered":31,"skipped":0,"pct":96.87},"statements":{"total":366,"covered":288,"skipped":0,"pct":78.68},"branches":{"total":149,"covered":79,"skipped":0,"pct":53.02}}
,"D:\\Projects\\mirachpos\\api\\src\\services\\provisionService.js": {"lines":{"total":50,"covered":50,"skipped":0,"pct":100},"functions":{"total":5,"covered":5,"skipped":0,"pct":100},"statements":{"total":57,"covered":57,"skipped":0,"pct":100},"branches":{"total":64,"covered":53,"skipped":0,"pct":82.81}}
,"D:\\Projects\\mirachpos\\api\\src\\services\\realtimeHub.js": {"lines":{"total":15,"covered":15,"skipped":0,"pct":100},"functions":{"total":3,"covered":3,"skipped":0,"pct":100},"statements":{"total":17,"covered":17,"skipped":0,"pct":100},"branches":{"total":20,"covered":20,"skipped":0,"pct":100}}
,"D:\\Projects\\mirachpos\\api\\src\\services\\reportAggregationService.js": {"lines":{"total":506,"covered":483,"skipped":0,"pct":95.45},"functions":{"total":52,"covered":45,"skipped":0,"pct":86.53},"statements":{"total":551,"covered":511,"skipped":0,"pct":92.74},"branches":{"total":592,"covered":398,"skipped":0,"pct":67.22}}
,"D:\\Projects\\mirachpos\\api\\src\\services\\reportXlsxExportService.js": {"lines":{"total":105,"covered":89,"skipped":0,"pct":84.76},"functions":{"total":21,"covered":20,"skipped":0,"pct":95.23},"statements":{"total":123,"covered":102,"skipped":0,"pct":82.92},"branches":{"total":99,"covered":47,"skipped":0,"pct":47.47}}
,"D:\\Projects\\mirachpos\\api\\src\\services\\schedulerService.js": {"lines":{"total":239,"covered":116,"skipped":0,"pct":48.53},"functions":{"total":18,"covered":9,"skipped":0,"pct":50},"statements":{"total":250,"covered":116,"skipped":0,"pct":46.4},"branches":{"total":124,"covered":35,"skipped":0,"pct":28.22}}
,"D:\\Projects\\mirachpos\\api\\src\\services\\smsService.js": {"lines":{"total":27,"covered":27,"skipped":0,"pct":100},"functions":{"total":3,"covered":3,"skipped":0,"pct":100},"statements":{"total":29,"covered":29,"skipped":0,"pct":100},"branches":{"total":36,"covered":35,"skipped":0,"pct":97.22}}
,"D:\\Projects\\mirachpos\\api\\src\\services\\subscriptionEnforcement.js": {"lines":{"total":66,"covered":48,"skipped":0,"pct":72.72},"functions":{"total":11,"covered":8,"skipped":0,"pct":72.72},"statements":{"total":66,"covered":48,"skipped":0,"pct":72.72},"branches":{"total":61,"covered":40,"skipped":0,"pct":65.57}}
,"D:\\Projects\\mirachpos\\api\\src\\services\\telebirrStandingOrderService.js": {"lines":{"total":134,"covered":126,"skipped":0,"pct":94.02},"functions":{"total":20,"covered":15,"skipped":0,"pct":75},"statements":{"total":158,"covered":138,"skipped":0,"pct":87.34},"branches":{"total":171,"covered":115,"skipped":0,"pct":67.25}}
,"D:\\Projects\\mirachpos\\api\\src\\services\\tenantService.js": {"lines":{"total":6,"covered":6,"skipped":0,"pct":100},"functions":{"total":1,"covered":1,"skipped":0,"pct":100},"statements":{"total":7,"covered":7,"skipped":0,"pct":100},"branches":{"total":4,"covered":4,"skipped":0,"pct":100}}
,"D:\\Projects\\mirachpos\\api\\src\\utils\\alerting.js": {"lines":{"total":24,"covered":7,"skipped":0,"pct":29.16},"functions":{"total":3,"covered":0,"skipped":0,"pct":0},"statements":{"total":29,"covered":7,"skipped":0,"pct":24.13},"branches":{"total":25,"covered":0,"skipped":0,"pct":0}}
,"D:\\Projects\\mirachpos\\api\\src\\utils\\cache.js": {"lines":{"total":55,"covered":46,"skipped":0,"pct":83.63},"functions":{"total":8,"covered":8,"skipped":0,"pct":100},"statements":{"total":67,"covered":50,"skipped":0,"pct":74.62},"branches":{"total":44,"covered":25,"skipped":0,"pct":56.81}}
,"D:\\Projects\\mirachpos\\api\\src\\utils\\cdn.js": {"lines":{"total":8,"covered":3,"skipped":0,"pct":37.5},"functions":{"total":1,"covered":0,"skipped":0,"pct":0},"statements":{"total":10,"covered":3,"skipped":0,"pct":30},"branches":{"total":10,"covered":0,"skipped":0,"pct":0}}
,"D:\\Projects\\mirachpos\\api\\src\\utils\\circuitBreaker.js": {"lines":{"total":54,"covered":43,"skipped":0,"pct":79.62},"functions":{"total":5,"covered":5,"skipped":0,"pct":100},"statements":{"total":55,"covered":44,"skipped":0,"pct":80},"branches":{"total":40,"covered":26,"skipped":0,"pct":65}}
,"D:\\Projects\\mirachpos\\api\\src\\utils\\cors.js": {"lines":{"total":30,"covered":6,"skipped":0,"pct":20},"functions":{"total":4,"covered":1,"skipped":0,"pct":25},"statements":{"total":36,"covered":7,"skipped":0,"pct":19.44},"branches":{"total":37,"covered":2,"skipped":0,"pct":5.4}}
,"D:\\Projects\\mirachpos\\api\\src\\utils\\envService.js": {"lines":{"total":32,"covered":30,"skipped":0,"pct":93.75},"functions":{"total":2,"covered":2,"skipped":0,"pct":100},"statements":{"total":33,"covered":31,"skipped":0,"pct":93.93},"branches":{"total":23,"covered":21,"skipped":0,"pct":91.3}}
,"D:\\Projects\\mirachpos\\api\\src\\utils\\errors.js": {"lines":{"total":45,"covered":25,"skipped":0,"pct":55.55},"functions":{"total":13,"covered":6,"skipped":0,"pct":46.15},"statements":{"total":47,"covered":25,"skipped":0,"pct":53.19},"branches":{"total":44,"covered":20,"skipped":0,"pct":45.45}}
,"D:\\Projects\\mirachpos\\api\\src\\utils\\helpers.js": {"lines":{"total":45,"covered":44,"skipped":0,"pct":97.77},"functions":{"total":7,"covered":7,"skipped":0,"pct":100},"statements":{"total":52,"covered":49,"skipped":0,"pct":94.23},"branches":{"total":41,"covered":34,"skipped":0,"pct":82.92}}
,"D:\\Projects\\mirachpos\\api\\src\\utils\\ids.js": {"lines":{"total":3,"covered":3,"skipped":0,"pct":100},"functions":{"total":2,"covered":1,"skipped":0,"pct":50},"statements":{"total":5,"covered":4,"skipped":0,"pct":80},"branches":{"total":0,"covered":0,"skipped":0,"pct":100}}
,"D:\\Projects\\mirachpos\\api\\src\\utils\\json.js": {"lines":{"total":13,"covered":8,"skipped":0,"pct":61.53},"functions":{"total":2,"covered":1,"skipped":0,"pct":50},"statements":{"total":16,"covered":8,"skipped":0,"pct":50},"branches":{"total":8,"covered":3,"skipped":0,"pct":37.5}}
,"D:\\Projects\\mirachpos\\api\\src\\utils\\logger.js": {"lines":{"total":45,"covered":39,"skipped":0,"pct":86.66},"functions":{"total":8,"covered":6,"skipped":0,"pct":75},"statements":{"total":46,"covered":39,"skipped":0,"pct":84.78},"branches":{"total":44,"covered":30,"skipped":0,"pct":68.18}}
,"D:\\Projects\\mirachpos\\api\\src\\utils\\mail.js": {"lines":{"total":22,"covered":3,"skipped":0,"pct":13.63},"functions":{"total":1,"covered":0,"skipped":0,"pct":0},"statements":{"total":23,"covered":3,"skipped":0,"pct":13.04},"branches":{"total":40,"covered":0,"skipped":0,"pct":0}}
,"D:\\Projects\\mirachpos\\api\\src\\utils\\pricing.js": {"lines":{"total":23,"covered":21,"skipped":0,"pct":91.3},"functions":{"total":6,"covered":4,"skipped":0,"pct":66.66},"statements":{"total":24,"covered":21,"skipped":0,"pct":87.5},"branches":{"total":11,"covered":9,"skipped":0,"pct":81.81}}
,"D:\\Projects\\mirachpos\\api\\src\\utils\\redisClient.js": {"lines":{"total":32,"covered":5,"skipped":0,"pct":15.62},"functions":{"total":4,"covered":0,"skipped":0,"pct":0},"statements":{"total":37,"covered":5,"skipped":0,"pct":13.51},"branches":{"total":26,"covered":0,"skipped":0,"pct":0}}
,"D:\\Projects\\mirachpos\\api\\src\\utils\\sanitize.js": {"lines":{"total":10,"covered":6,"skipped":0,"pct":60},"functions":{"total":2,"covered":2,"skipped":0,"pct":100},"statements":{"total":13,"covered":7,"skipped":0,"pct":53.84},"branches":{"total":13,"covered":3,"skipped":0,"pct":23.07}}
,"D:\\Projects\\mirachpos\\api\\src\\utils\\secretEncryption.js": {"lines":{"total":53,"covered":16,"skipped":0,"pct":30.18},"functions":{"total":7,"covered":3,"skipped":0,"pct":42.85},"statements":{"total":63,"covered":17,"skipped":0,"pct":26.98},"branches":{"total":46,"covered":11,"skipped":0,"pct":23.91}}
,"D:\\Projects\\mirachpos\\api\\src\\utils\\validateConfig.js": {"lines":{"total":29,"covered":29,"skipped":0,"pct":100},"functions":{"total":2,"covered":2,"skipped":0,"pct":100},"statements":{"total":31,"covered":30,"skipped":0,"pct":96.77},"branches":{"total":16,"covered":14,"skipped":0,"pct":87.5}}
,"D:\\Projects\\mirachpos\\api\\src\\utils\\validation.js": {"lines":{"total":27,"covered":16,"skipped":0,"pct":59.25},"functions":{"total":6,"covered":2,"skipped":0,"pct":33.33},"statements":{"total":36,"covered":20,"skipped":0,"pct":55.55},"branches":{"total":35,"covered":14,"skipped":0,"pct":40}}
,"D:\\Projects\\mirachpos\\api\\src\\utils\\telebirr\\tools.js": {"lines":{"total":39,"covered":5,"skipped":0,"pct":12.82},"functions":{"total":4,"covered":0,"skipped":0,"pct":0},"statements":{"total":41,"covered":5,"skipped":0,"pct":12.19},"branches":{"total":6,"covered":0,"skipped":0,"pct":0}}
}
