TN:
SF:src\config.js
FN:14,(anonymous_0)
FN:17,(anonymous_1)
FN:20,(anonymous_2)
FN:21,(anonymous_3)
FN:29,(anonymous_4)
FN:58,(anonymous_5)
FNF:6
FNH:5
FNDA:48,(anonymous_0)
FNDA:72,(anonymous_1)
FNDA:24,(anonymous_2)
FNDA:0,(anonymous_3)
FNDA:24,(anonymous_4)
FNDA:24,(anonymous_5)
DA:1,24
DA:3,24
DA:7,24
DA:8,24
DA:9,24
DA:11,0
DA:14,24
DA:15,48
DA:17,72
DA:20,24
DA:21,24
DA:23,24
DA:30,24
DA:31,24
DA:32,24
DA:33,24
DA:59,24
DA:60,24
DA:61,0
DA:62,0
DA:94,24
LF:21
LH:18
BRDA:7,0,0,24
BRDA:7,0,1,0
BRDA:15,1,0,48
BRDA:15,1,1,24
BRDA:24,2,0,0
BRDA:24,2,1,24
BRDA:25,3,0,0
BRDA:25,3,1,24
BRDA:26,4,0,24
BRDA:26,4,1,0
BRDA:27,5,0,24
BRDA:27,5,1,24
BRDA:28,6,0,24
BRDA:28,6,1,0
BRDA:31,7,0,24
BRDA:31,7,1,0
BRDA:32,8,0,24
BRDA:32,8,1,0
BRDA:36,9,0,24
BRDA:36,9,1,24
BRDA:36,10,0,24
BRDA:36,10,1,0
BRDA:37,11,0,24
BRDA:37,11,1,24
BRDA:38,12,0,0
BRDA:38,12,1,24
BRDA:39,13,0,0
BRDA:39,13,1,24
BRDA:40,14,0,24
BRDA:40,14,1,24
BRDA:41,15,0,0
BRDA:41,15,1,24
BRDA:42,16,0,0
BRDA:42,16,1,24
BRDA:43,17,0,0
BRDA:43,17,1,24
BRDA:44,18,0,0
BRDA:44,18,1,24
BRDA:45,19,0,24
BRDA:45,19,1,24
BRDA:46,20,0,24
BRDA:46,20,1,24
BRDA:47,21,0,0
BRDA:47,21,1,24
BRDA:48,22,0,24
BRDA:48,22,1,24
BRDA:49,23,0,0
BRDA:49,23,1,24
BRDA:50,24,0,24
BRDA:50,24,1,24
BRDA:50,25,0,24
BRDA:50,25,1,0
BRDA:50,26,0,24
BRDA:50,26,1,0
BRDA:51,27,0,24
BRDA:51,27,1,24
BRDA:52,28,0,0
BRDA:52,28,1,24
BRDA:53,29,0,0
BRDA:53,29,1,24
BRDA:54,30,0,24
BRDA:54,30,1,24
BRDA:56,31,0,24
BRDA:56,31,1,0
BRDA:57,32,0,24
BRDA:57,32,1,0
BRDA:59,33,0,24
BRDA:59,33,1,0
BRDA:60,34,0,24
BRDA:60,34,1,0
BRDA:61,35,0,0
BRDA:61,35,1,0
BRDA:64,36,0,24
BRDA:64,36,1,0
BRDA:65,37,0,24
BRDA:65,37,1,0
BRDA:66,38,0,24
BRDA:66,38,1,24
BRDA:66,38,2,0
BRDA:67,39,0,24
BRDA:67,39,1,0
BRDA:67,39,2,0
BRDA:70,40,0,24
BRDA:70,40,1,24
BRDA:71,41,0,24
BRDA:71,41,1,24
BRDA:72,42,0,24
BRDA:72,42,1,24
BRDA:74,43,0,24
BRDA:74,43,1,24
BRDA:74,43,2,24
BRDA:74,43,3,24
BRDA:74,43,4,24
BRDA:74,43,5,24
BRDA:74,43,6,24
BRDA:74,43,7,24
BRDA:84,44,0,24
BRDA:84,44,1,24
BRDA:84,44,2,24
BRDA:84,44,3,24
BRDA:84,44,4,24
BRDA:84,44,5,24
BRF:102
BRH:71
end_of_record
TN:
SF:src\metrics.js
FN:28,(anonymous_0)
FN:38,(anonymous_1)
FN:41,(anonymous_2)
FN:61,(anonymous_3)
FNF:4
FNH:4
FNDA:557,(anonymous_0)
FNDA:557,(anonymous_1)
FNDA:557,(anonymous_2)
FNDA:2,(anonymous_3)
DA:1,22
DA:3,22
DA:4,22
DA:6,22
DA:14,22
DA:21,22
DA:28,22
DA:29,557
DA:30,557
DA:31,557
DA:33,557
DA:34,0
DA:35,0
DA:38,22
DA:39,557
DA:41,557
DA:42,557
DA:43,557
DA:45,557
DA:46,557
DA:47,557
DA:49,557
DA:50,557
DA:52,557
DA:53,528
DA:54,528
DA:58,557
DA:61,22
DA:62,2
DA:63,2
DA:66,22
LF:31
LH:29
BRDA:29,0,0,557
BRDA:29,0,1,24
BRDA:30,1,0,557
BRDA:30,1,1,39
BRDA:33,2,0,557
BRDA:33,2,1,0
BRDA:34,3,0,0
BRDA:34,3,1,0
BRDA:45,4,0,557
BRDA:45,4,1,0
BRDA:47,5,0,557
BRDA:47,5,1,0
BRDA:52,6,0,528
BRDA:52,6,1,29
BRDA:53,7,0,1
BRDA:53,7,1,527
BRF:16
BRH:11
end_of_record
TN:
SF:src\middleware\auth.js
FN:5,(anonymous_0)
FN:51,(anonymous_1)
FN:51,(anonymous_2)
FN:59,(anonymous_3)
FN:59,(anonymous_4)
FNF:5
FNH:5
FNDA:340,(anonymous_0)
FNDA:2,(anonymous_1)
FNDA:2,(anonymous_2)
FNDA:3,(anonymous_3)
FNDA:3,(anonymous_4)
DA:1,23
DA:3,23
DA:5,23
DA:7,340
DA:11,340
DA:13,340
DA:16,340
DA:17,5
DA:18,0
DA:21,335
DA:22,335
DA:23,0
DA:24,0
DA:28,0
DA:29,0
DA:34,0
DA:36,335
DA:37,335
DA:38,31
DA:39,31
DA:41,304
DA:42,304
DA:46,304
DA:47,1
DA:51,23
DA:52,2
DA:53,2
DA:54,2
DA:55,1
DA:56,0
DA:59,23
DA:60,3
DA:61,3
DA:62,3
DA:63,3
DA:64,3
DA:66,3
DA:67,1
DA:68,0
DA:71,2
DA:72,1
DA:73,0
DA:76,23
LF:43
LH:34
BRDA:7,0,0,340
BRDA:7,0,1,5
BRDA:7,0,2,5
BRDA:7,0,3,5
BRDA:7,0,4,3
BRDA:7,0,5,3
BRDA:7,1,0,337
BRDA:7,1,1,3
BRDA:8,2,0,2
BRDA:8,2,1,3
BRDA:13,3,0,340
BRDA:13,3,1,5
BRDA:13,3,2,5
BRDA:13,4,0,335
BRDA:13,4,1,5
BRDA:14,5,0,0
BRDA:14,5,1,5
BRDA:15,6,0,0
BRDA:15,6,1,5
BRDA:16,7,0,5
BRDA:16,7,1,335
BRDA:17,8,0,5
BRDA:17,8,1,0
BRDA:17,9,0,5
BRDA:17,9,1,5
BRDA:17,9,2,5
BRDA:22,10,0,0
BRDA:22,10,1,335
BRDA:24,11,0,0
BRDA:24,11,1,0
BRDA:28,12,0,0
BRDA:28,12,1,0
BRDA:28,13,0,0
BRDA:28,13,1,0
BRDA:28,13,2,0
BRDA:42,14,0,0
BRDA:42,14,1,304
BRDA:46,15,0,303
BRDA:46,15,1,1
BRDA:46,16,0,304
BRDA:46,16,1,304
BRDA:46,16,2,303
BRDA:52,17,0,2
BRDA:52,17,1,0
BRDA:53,18,0,2
BRDA:53,18,1,0
BRDA:54,19,0,1
BRDA:54,19,1,1
BRDA:54,20,0,2
BRDA:54,20,1,2
BRDA:55,21,0,1
BRDA:55,21,1,0
BRDA:55,22,0,1
BRDA:55,22,1,1
BRDA:55,22,2,1
BRDA:60,23,0,3
BRDA:60,23,1,0
BRDA:62,24,0,3
BRDA:62,24,1,0
BRDA:63,25,0,3
BRDA:63,25,1,0
BRDA:64,26,0,1
BRDA:64,26,1,2
BRDA:66,27,0,1
BRDA:66,27,1,2
BRDA:66,28,0,3
BRDA:66,28,1,1
BRDA:66,28,2,1
BRDA:66,28,3,1
BRDA:67,29,0,1
BRDA:67,29,1,0
BRDA:67,30,0,1
BRDA:67,30,1,1
BRDA:67,30,2,1
BRDA:71,31,0,1
BRDA:71,31,1,1
BRDA:71,32,0,2
BRDA:71,32,1,2
BRDA:72,33,0,1
BRDA:72,33,1,0
BRDA:72,34,0,1
BRDA:72,34,1,1
BRDA:72,34,2,1
BRF:83
BRH:63
end_of_record
TN:
SF:src\middleware\branchScope.js
FN:1,(anonymous_0)
FN:9,(anonymous_1)
FN:21,(anonymous_2)
FN:35,(anonymous_3)
FN:35,(anonymous_4)
FN:42,(anonymous_5)
FN:42,(anonymous_6)
FNF:7
FNH:2
FNDA:0,(anonymous_0)
FNDA:0,(anonymous_1)
FNDA:0,(anonymous_2)
FNDA:1416,(anonymous_3)
FNDA:0,(anonymous_4)
FNDA:48,(anonymous_5)
FNDA:0,(anonymous_6)
DA:1,22
DA:2,0
DA:3,0
DA:4,0
DA:5,0
DA:6,0
DA:9,22
DA:10,0
DA:11,0
DA:12,0
DA:14,0
DA:15,0
DA:18,0
DA:21,22
DA:22,0
DA:23,0
DA:24,0
DA:26,0
DA:28,0
DA:29,0
DA:32,0
DA:35,1416
DA:36,0
DA:37,0
DA:38,0
DA:39,0
DA:42,48
DA:43,0
DA:44,0
DA:45,0
DA:46,0
DA:47,0
DA:50,22
LF:33
LH:6
BRDA:2,0,0,0
BRDA:2,0,1,0
BRDA:3,1,0,0
BRDA:3,1,1,0
BRDA:4,2,0,0
BRDA:4,2,1,0
BRDA:5,3,0,0
BRDA:5,3,1,0
BRDA:5,4,0,0
BRDA:5,4,1,0
BRDA:10,5,0,0
BRDA:10,5,1,0
BRDA:12,6,0,0
BRDA:12,6,1,0
BRDA:14,7,0,0
BRDA:14,7,1,0
BRDA:14,8,0,0
BRDA:14,8,1,0
BRDA:14,8,2,0
BRDA:14,8,3,0
BRDA:15,9,0,0
BRDA:15,9,1,0
BRDA:22,10,0,0
BRDA:22,10,1,0
BRDA:24,11,0,0
BRDA:24,11,1,0
BRDA:26,12,0,0
BRDA:26,12,1,0
BRDA:26,13,0,0
BRDA:26,13,1,0
BRDA:26,13,2,0
BRDA:28,14,0,0
BRDA:28,14,1,0
BRDA:28,15,0,0
BRDA:28,15,1,0
BRDA:28,15,2,0
BRDA:28,15,3,0
BRDA:29,16,0,0
BRDA:29,16,1,0
BRDA:29,16,2,0
BRDA:37,17,0,0
BRDA:37,17,1,0
BRDA:37,18,0,0
BRDA:37,18,1,0
BRDA:43,19,0,0
BRDA:43,19,1,0
BRDA:43,20,0,0
BRDA:43,20,1,0
BRDA:45,21,0,0
BRDA:45,21,1,0
BRDA:45,22,0,0
BRDA:45,22,1,0
BRF:52
BRH:0
end_of_record
TN:
SF:src\middleware\deviceTracking.js
FN:12,getDeviceFingerprint
FN:29,trackDeviceSession
FN:73,detectDeviceType
FN:85,cleanupDeviceSessions
FNF:4
FNH:0
FNDA:0,getDeviceFingerprint
FNDA:0,trackDeviceSession
FNDA:0,detectDeviceType
FNDA:0,cleanupDeviceSessions
DA:6,0
DA:7,0
DA:13,0
DA:14,0
DA:17,0
DA:23,0
DA:30,0
DA:31,0
DA:32,0
DA:33,0
DA:36,0
DA:37,0
DA:40,0
DA:60,0
DA:61,0
DA:63,0
DA:65,0
DA:66,0
DA:74,0
DA:76,0
DA:77,0
DA:78,0
DA:79,0
DA:86,0
DA:87,0
DA:91,0
DA:93,0
DA:97,0
LF:28
LH:0
BRDA:13,0,0,0
BRDA:13,0,1,0
BRDA:14,1,0,0
BRDA:14,1,1,0
BRDA:14,1,2,0
BRDA:32,2,0,0
BRDA:32,2,1,0
BRDA:32,3,0,0
BRDA:32,3,1,0
BRDA:46,4,0,0
BRDA:46,4,1,0
BRDA:73,5,0,0
BRDA:76,6,0,0
BRDA:76,6,1,0
BRDA:77,7,0,0
BRDA:77,7,1,0
BRDA:77,8,0,0
BRDA:77,8,1,0
BRDA:77,8,2,0
BRDA:78,9,0,0
BRDA:78,9,1,0
BRDA:78,10,0,0
BRDA:78,10,1,0
BRF:23
BRH:0
end_of_record
TN:
SF:src\middleware\entitlements.js
FN:10,(anonymous_0)
FN:20,(anonymous_1)
FN:24,(anonymous_2)
FN:27,(anonymous_3)
FN:27,(anonymous_4)
FN:32,(anonymous_5)
FN:37,(anonymous_6)
FN:46,(anonymous_7)
FN:94,(anonymous_8)
FN:160,(anonymous_9)
FN:171,(anonymous_10)
FN:171,(anonymous_11)
FN:189,(anonymous_12)
FN:211,(anonymous_13)
FNF:14
FNH:9
FNDA:45,(anonymous_0)
FNDA:0,(anonymous_1)
FNDA:0,(anonymous_2)
FNDA:0,(anonymous_3)
FNDA:0,(anonymous_4)
FNDA:22,(anonymous_5)
FNDA:2,(anonymous_6)
FNDA:21,(anonymous_7)
FNDA:21,(anonymous_8)
FNDA:22,(anonymous_9)
FNDA:4008,(anonymous_10)
FNDA:21,(anonymous_11)
FNDA:0,(anonymous_12)
FNDA:1,(anonymous_13)
DA:1,22
DA:7,22
DA:8,22
DA:10,22
DA:11,45
DA:12,45
DA:13,30
DA:14,30
DA:16,0
DA:20,22
DA:21,0
DA:22,0
DA:23,0
DA:24,0
DA:27,22
DA:28,0
DA:29,0
DA:32,22
DA:33,22
DA:34,22
DA:37,22
DA:38,2
DA:39,2
DA:40,2
DA:42,0
DA:46,22
DA:47,21
DA:52,21
DA:54,17
DA:55,17
DA:57,2
DA:58,2
DA:59,2
DA:60,2
DA:61,2
DA:63,2
DA:64,2
DA:66,2
DA:68,2
DA:75,2
DA:76,2
DA:91,2
DA:94,22
DA:95,21
DA:97,21
DA:99,21
DA:100,0
DA:109,0
DA:112,21
DA:115,21
DA:116,21
DA:117,2
DA:118,2
DA:119,2
DA:120,2
DA:124,19
DA:130,19
DA:131,15
DA:132,15
DA:133,15
DA:135,15
DA:147,15
DA:151,4
DA:152,4
DA:153,4
DA:154,4
DA:156,0
DA:160,22
DA:161,22
DA:162,22
DA:164,2
DA:165,2
DA:166,2
DA:167,2
DA:168,2
DA:171,4008
DA:172,21
DA:173,21
DA:174,21
DA:176,21
DA:178,21
DA:179,21
DA:181,19
DA:182,19
DA:183,17
DA:185,0
DA:189,22
DA:190,0
DA:191,0
DA:192,0
DA:194,0
DA:195,0
DA:197,0
DA:198,0
DA:200,0
DA:201,0
DA:204,0
DA:205,0
DA:207,0
DA:211,22
DA:212,1
DA:213,1
DA:214,1
DA:216,1
DA:217,1
DA:219,1
DA:220,1
DA:222,1
DA:223,1
DA:225,1
DA:226,1
DA:228,0
DA:232,22
LF:113
LH:88
BRDA:12,0,0,15
BRDA:12,0,1,30
BRDA:14,1,0,30
BRDA:14,1,1,0
BRDA:21,2,0,0
BRDA:21,2,1,0
BRDA:22,3,0,0
BRDA:22,3,1,0
BRDA:23,4,0,0
BRDA:23,4,1,0
BRDA:24,5,0,0
BRDA:24,5,1,0
BRDA:28,6,0,0
BRDA:28,6,1,0
BRDA:33,7,0,22
BRDA:33,7,1,0
BRDA:34,8,0,22
BRDA:34,8,1,22
BRDA:39,9,0,0
BRDA:39,9,1,2
BRDA:52,10,0,4
BRDA:52,10,1,17
BRDA:54,11,0,17
BRDA:54,11,1,0
BRDA:55,12,0,15
BRDA:55,12,1,2
BRDA:58,13,0,0
BRDA:58,13,1,2
BRDA:60,14,0,0
BRDA:60,14,1,2
BRDA:61,15,0,0
BRDA:61,15,1,2
BRDA:63,16,0,2
BRDA:63,16,1,0
BRDA:97,17,0,0
BRDA:97,17,1,21
BRDA:97,18,0,21
BRDA:97,18,1,21
BRDA:99,19,0,0
BRDA:99,19,1,21
BRDA:99,20,0,21
BRDA:99,20,1,21
BRDA:116,21,0,2
BRDA:116,21,1,19
BRDA:118,22,0,2
BRDA:118,22,1,0
BRDA:130,23,0,15
BRDA:130,23,1,4
BRDA:138,24,0,15
BRDA:138,24,1,0
BRDA:140,25,0,15
BRDA:140,25,1,0
BRDA:141,26,0,15
BRDA:141,26,1,0
BRDA:145,27,0,15
BRDA:145,27,1,0
BRDA:152,28,0,4
BRDA:152,28,1,0
BRDA:161,29,0,22
BRDA:161,29,1,0
BRDA:162,30,0,20
BRDA:162,30,1,2
BRDA:162,31,0,22
BRDA:162,31,1,20
BRDA:164,32,0,2
BRDA:164,32,1,0
BRDA:165,33,0,0
BRDA:165,33,1,2
BRDA:167,34,0,0
BRDA:167,34,1,2
BRDA:174,35,0,0
BRDA:174,35,1,21
BRDA:176,36,0,0
BRDA:176,36,1,21
BRDA:176,37,0,21
BRDA:176,37,1,21
BRDA:178,38,0,0
BRDA:178,38,1,21
BRDA:179,39,0,2
BRDA:179,39,1,19
BRDA:181,40,0,19
BRDA:181,40,1,0
BRDA:182,41,0,2
BRDA:182,41,1,17
BRDA:192,42,0,0
BRDA:192,42,1,0
BRDA:194,43,0,0
BRDA:194,43,1,0
BRDA:195,44,0,0
BRDA:195,44,1,0
BRDA:198,45,0,0
BRDA:198,45,1,0
BRDA:198,46,0,0
BRDA:198,46,1,0
BRDA:201,47,0,0
BRDA:201,47,1,0
BRDA:201,48,0,0
BRDA:201,48,1,0
BRDA:201,48,2,0
BRDA:201,48,3,0
BRDA:204,49,0,0
BRDA:204,49,1,0
BRDA:214,50,0,0
BRDA:214,50,1,1
BRDA:216,51,0,0
BRDA:216,51,1,1
BRDA:217,52,0,0
BRDA:217,52,1,1
BRDA:220,53,0,0
BRDA:220,53,1,1
BRDA:220,54,0,1
BRDA:220,54,1,1
BRDA:223,55,0,1
BRDA:223,55,1,1
BRDA:223,56,0,1
BRDA:223,56,1,1
BRDA:223,56,2,1
BRDA:223,56,3,1
BRDA:225,57,0,0
BRDA:225,57,1,1
BRF:120
BRH:63
end_of_record
TN:
SF:src\middleware\paymentIdempotency.js
FN:19,(anonymous_0)
FN:33,(anonymous_1)
FN:66,(anonymous_2)
FN:91,(anonymous_3)
FN:110,(anonymous_4)
FN:113,(anonymous_5)
FN:130,(anonymous_6)
FNF:7
FNH:0
FNDA:0,(anonymous_0)
FNDA:0,(anonymous_1)
FNDA:0,(anonymous_2)
FNDA:0,(anonymous_3)
FNDA:0,(anonymous_4)
FNDA:0,(anonymous_5)
FNDA:0,(anonymous_6)
DA:8,0
DA:9,0
DA:10,0
DA:12,0
DA:15,0
DA:16,0
DA:19,0
DA:20,0
DA:21,0
DA:22,0
DA:23,0
DA:33,0
DA:35,0
DA:36,0
DA:37,0
DA:38,0
DA:40,0
DA:44,0
DA:50,0
DA:51,0
DA:53,0
DA:54,0
DA:57,0
DA:66,0
DA:67,0
DA:69,0
DA:70,0
DA:79,0
DA:82,0
DA:83,0
DA:91,0
DA:92,0
DA:95,0
DA:97,0
DA:98,0
DA:100,0
DA:101,0
DA:102,0
DA:106,0
DA:109,0
DA:110,0
DA:112,0
DA:113,0
DA:115,0
DA:118,0
DA:120,0
DA:122,0
DA:130,0
DA:131,0
DA:133,0
DA:134,0
DA:135,0
DA:136,0
DA:137,0
DA:144,0
DA:147,0
LF:56
LH:0
BRDA:22,0,0,0
BRDA:22,0,1,0
BRDA:35,1,0,0
BRDA:35,1,1,0
BRDA:37,2,0,0
BRDA:37,2,1,0
BRDA:50,3,0,0
BRDA:50,3,1,0
BRDA:51,4,0,0
BRDA:51,4,1,0
BRDA:82,5,0,0
BRDA:82,5,1,0
BRDA:82,6,0,0
BRDA:82,6,1,0
BRDA:95,7,0,0
BRDA:95,7,1,0
BRDA:95,8,0,0
BRDA:95,8,1,0
BRDA:100,9,0,0
BRDA:100,9,1,0
BRDA:112,10,0,0
BRDA:112,10,1,0
BRDA:112,11,0,0
BRDA:112,11,1,0
BRDA:133,12,0,0
BRDA:133,12,1,0
BRDA:136,13,0,0
BRDA:136,13,1,0
BRF:28
BRH:0
end_of_record
TN:
SF:src\middleware\permissions.js
FN:5,(anonymous_0)
FN:15,(anonymous_1)
FN:33,(anonymous_2)
FN:38,(anonymous_3)
FN:48,(anonymous_4)
FN:67,(anonymous_5)
FN:83,(anonymous_6)
FN:83,(anonymous_7)
FN:90,(anonymous_8)
FN:99,(anonymous_9)
FN:99,(anonymous_10)
FNF:11
FNH:11
FNDA:1,(anonymous_0)
FNDA:15,(anonymous_1)
FNDA:1,(anonymous_2)
FNDA:16,(anonymous_3)
FNDA:15,(anonymous_4)
FNDA:45,(anonymous_5)
FNDA:4200,(anonymous_6)
FNDA:29,(anonymous_7)
FNDA:102,(anonymous_8)
FNDA:3336,(anonymous_9)
FNDA:16,(anonymous_10)
DA:1,22
DA:2,22
DA:3,22
DA:5,22
DA:6,1
DA:7,1
DA:8,1
DA:9,1
DA:11,0
DA:15,22
DA:16,15
DA:17,15
DA:33,22
DA:34,1
DA:35,1
DA:38,22
DA:39,16
DA:40,16
DA:41,16
DA:43,16
DA:44,16
DA:45,1
DA:48,22
DA:49,15
DA:64,15
DA:67,22
DA:68,45
DA:69,0
DA:70,0
DA:72,45
DA:73,0
DA:74,0
DA:76,45
DA:77,0
DA:78,0
DA:80,45
DA:83,4200
DA:84,29
DA:85,29
DA:87,29
DA:89,29
DA:90,102
DA:91,29
DA:93,29
DA:95,0
DA:99,3336
DA:100,16
DA:101,16
DA:103,16
DA:105,16
DA:106,16
DA:108,16
DA:109,16
DA:111,16
DA:112,16
DA:113,16
DA:115,1
DA:117,0
DA:121,22
LF:59
LH:50
BRDA:7,0,0,0
BRDA:7,0,1,1
BRDA:9,1,0,1
BRDA:9,1,1,0
BRDA:19,2,0,15
BRDA:19,2,1,0
BRDA:20,3,0,15
BRDA:20,3,1,0
BRDA:21,4,0,15
BRDA:21,4,1,0
BRDA:22,5,0,15
BRDA:22,5,1,0
BRDA:24,6,0,15
BRDA:24,6,1,0
BRDA:25,7,0,15
BRDA:25,7,1,0
BRDA:35,8,0,1
BRDA:35,8,1,0
BRDA:39,9,0,16
BRDA:39,9,1,0
BRDA:40,10,0,16
BRDA:40,10,1,0
BRDA:41,11,0,0
BRDA:41,11,1,16
BRDA:41,12,0,16
BRDA:41,12,1,16
BRDA:44,13,0,15
BRDA:44,13,1,1
BRDA:50,14,0,15
BRDA:50,14,1,0
BRDA:51,15,0,15
BRDA:51,15,1,0
BRDA:52,16,0,15
BRDA:52,16,1,0
BRDA:53,17,0,15
BRDA:53,17,1,0
BRDA:57,18,0,15
BRDA:57,18,1,0
BRDA:58,19,0,15
BRDA:58,19,1,0
BRDA:59,20,0,15
BRDA:59,20,1,0
BRDA:60,21,0,15
BRDA:60,21,1,0
BRDA:60,21,2,0
BRDA:61,22,0,15
BRDA:61,22,1,0
BRDA:68,23,0,0
BRDA:68,23,1,45
BRDA:68,24,0,45
BRDA:68,24,1,45
BRDA:72,25,0,0
BRDA:72,25,1,45
BRDA:72,26,0,45
BRDA:72,26,1,45
BRDA:76,27,0,0
BRDA:76,27,1,45
BRDA:85,28,0,0
BRDA:85,28,1,29
BRDA:87,29,0,0
BRDA:87,29,1,29
BRDA:87,30,0,29
BRDA:87,30,1,29
BRDA:89,31,0,29
BRDA:89,31,1,0
BRDA:91,32,0,0
BRDA:91,32,1,29
BRDA:101,33,0,0
BRDA:101,33,1,16
BRDA:103,34,0,0
BRDA:103,34,1,16
BRDA:103,35,0,16
BRDA:103,35,1,16
BRDA:105,36,0,16
BRDA:105,36,1,0
BRDA:106,37,0,0
BRDA:106,37,1,16
BRDA:108,38,0,16
BRDA:108,38,1,0
BRDA:109,39,0,0
BRDA:109,39,1,16
BRDA:112,40,0,16
BRDA:112,40,1,16
BRDA:113,41,0,15
BRDA:113,41,1,1
BRF:85
BRH:50
end_of_record
TN:
SF:src\middleware\rateLimiter.js
FN:14,(anonymous_0)
FN:18,(anonymous_1)
FN:19,(anonymous_2)
FN:46,(anonymous_3)
FN:68,(anonymous_4)
FN:72,(anonymous_5)
FNF:6
FNH:5
FNDA:706,(anonymous_0)
FNDA:115,(anonymous_1)
FNDA:0,(anonymous_2)
FNDA:550,(anonymous_3)
FNDA:52,(anonymous_4)
FNDA:52,(anonymous_5)
DA:10,23
DA:11,23
DA:14,23
DA:15,706
DA:18,23
DA:19,115
DA:20,0
DA:21,0
DA:25,0
DA:30,23
DA:48,550
DA:53,23
DA:69,52
DA:72,52
DA:76,23
DA:95,23
DA:114,23
DA:132,23
LF:18
LH:15
BRDA:21,0,0,0
BRDA:21,0,1,0
BRDA:48,1,0,550
BRDA:48,1,1,550
BRF:4
BRH:2
end_of_record
TN:
SF:src\middleware\requestId.js
FN:9,(anonymous_0)
FN:15,(anonymous_1)
FN:23,(anonymous_2)
FN:28,(anonymous_3)
FN:30,(anonymous_4)
FNF:5
FNH:5
FNDA:557,(anonymous_0)
FNDA:557,(anonymous_1)
FNDA:557,(anonymous_2)
FNDA:557,(anonymous_3)
FNDA:542,(anonymous_4)
DA:7,22
DA:9,22
DA:10,557
DA:11,557
DA:12,557
DA:15,22
DA:18,557
DA:19,557
DA:23,22
DA:24,557
DA:25,557
DA:28,22
DA:29,557
DA:30,557
DA:31,542
DA:32,542
DA:33,542
DA:34,542
DA:35,542
DA:36,542
DA:37,486
DA:39,0
DA:41,0
DA:44,557
DA:47,22
LF:25
LH:23
BRDA:18,0,0,557
BRDA:18,0,1,557
BRDA:32,1,0,0
BRDA:32,1,1,542
BRDA:32,2,0,542
BRDA:32,2,1,542
BRDA:33,3,0,542
BRDA:33,3,1,0
BRDA:34,4,0,0
BRDA:34,4,1,542
BRDA:35,5,0,542
BRDA:35,5,1,0
BRDA:35,6,0,542
BRDA:35,6,1,542
BRDA:35,6,2,542
BRDA:36,7,0,56
BRDA:36,7,1,486
BRDA:36,8,0,542
BRDA:36,8,1,56
BRF:19
BRH:15
end_of_record
TN:
SF:src\middleware\subscriptionEnforcement.js
FN:75,checkSubscriptionMiddleware
FN:92,(anonymous_1)
FN:93,(anonymous_2)
FNF:3
FNH:0
FNDA:0,checkSubscriptionMiddleware
FNDA:0,(anonymous_1)
FNDA:0,(anonymous_2)
DA:10,0
DA:11,0
DA:16,0
DA:24,0
DA:31,0
DA:38,0
DA:45,0
DA:50,0
DA:55,0
DA:60,0
DA:65,0
DA:70,0
DA:76,0
DA:77,0
DA:78,0
DA:79,0
DA:82,0
DA:85,0
DA:86,0
DA:87,0
DA:90,0
DA:91,0
DA:92,0
DA:93,0
DA:95,0
DA:96,0
DA:101,0
DA:102,0
DA:104,0
DA:108,0
LF:30
LH:0
BRDA:77,0,0,0
BRDA:77,0,1,0
BRDA:78,1,0,0
BRDA:78,1,1,0
BRDA:85,2,0,0
BRDA:85,2,1,0
BRDA:87,3,0,0
BRDA:87,3,1,0
BRDA:90,4,0,0
BRDA:90,4,1,0
BRDA:92,5,0,0
BRDA:92,5,1,0
BRDA:95,6,0,0
BRDA:95,6,1,0
BRF:14
BRH:0
end_of_record
TN:
SF:src\middleware\superadminAuth.js
FN:6,(anonymous_0)
FNF:1
FNH:1
FNDA:86,(anonymous_0)
DA:1,22
DA:3,22
DA:4,22
DA:6,22
DA:7,86
DA:8,86
DA:9,86
DA:10,86
DA:12,85
DA:14,85
DA:15,85
DA:16,3
DA:18,3
DA:19,3
DA:21,3
DA:22,3
DA:23,3
DA:25,3
DA:26,3
DA:28,82
DA:32,22
LF:21
LH:21
BRDA:7,0,0,86
BRDA:7,0,1,1
BRDA:9,1,0,85
BRDA:9,1,1,1
BRDA:10,2,0,1
BRDA:10,2,1,85
BRDA:12,3,0,0
BRDA:12,3,1,85
BRDA:16,4,0,0
BRDA:16,4,1,3
BRDA:16,5,0,3
BRDA:16,5,1,3
BRDA:18,6,0,3
BRDA:18,6,1,0
BRDA:19,7,0,0
BRDA:19,7,1,3
BRDA:22,8,0,0
BRDA:22,8,1,3
BRDA:23,9,0,0
BRDA:23,9,1,3
BRDA:23,10,0,3
BRDA:23,10,1,0
BRF:22
BRH:15
end_of_record
TN:
SF:src\middleware\tenant.js
FN:3,(anonymous_0)
FN:8,(anonymous_1)
FN:16,(anonymous_2)
FNF:3
FNH:3
FNDA:386,(anonymous_0)
FNDA:43,(anonymous_1)
FNDA:386,(anonymous_2)
DA:1,22
DA:3,22
DA:4,386
DA:5,386
DA:8,22
DA:10,43
DA:13,43
DA:16,22
DA:17,386
DA:18,386
DA:19,386
DA:20,43
DA:23,343
DA:29,343
DA:30,343
DA:32,343
DA:33,343
DA:35,0
DA:39,22
LF:19
LH:18
BRDA:5,0,0,343
BRDA:5,0,1,43
BRDA:10,1,0,43
BRDA:10,1,1,43
BRDA:10,1,2,43
BRDA:10,2,0,0
BRDA:10,2,1,43
BRDA:11,3,0,0
BRDA:11,3,1,43
BRDA:12,4,0,0
BRDA:12,4,1,43
BRDA:13,5,0,43
BRDA:13,5,1,0
BRDA:18,6,0,386
BRDA:18,6,1,43
BRDA:19,7,0,43
BRDA:19,7,1,343
BRDA:29,8,0,0
BRDA:29,8,1,343
BRDA:30,9,0,0
BRDA:30,9,1,343
BRF:21
BRH:15
end_of_record
TN:
SF:src\middleware\uploadSecurity.js
FN:15,(anonymous_0)
FNF:1
FNH:0
FNDA:0,(anonymous_0)
DA:1,22
DA:2,22
DA:4,22
DA:13,22
DA:15,22
DA:16,0
DA:17,0
DA:19,0
DA:20,0
DA:21,0
DA:27,0
DA:28,0
DA:29,0
DA:35,0
DA:36,0
DA:37,0
DA:43,0
DA:46,0
DA:49,22
LF:19
LH:6
BRDA:16,0,0,0
BRDA:16,0,1,0
BRDA:16,1,0,0
BRDA:16,1,1,0
BRDA:17,2,0,0
BRDA:17,2,1,0
BRDA:20,3,0,0
BRDA:20,3,1,0
BRDA:20,4,0,0
BRDA:20,4,1,0
BRDA:28,5,0,0
BRDA:28,5,1,0
BRDA:35,6,0,0
BRDA:35,6,1,0
BRDA:36,7,0,0
BRDA:36,7,1,0
BRF:16
BRH:0
end_of_record
TN:
SF:src\middleware\validators.js
FN:181,(anonymous_0)
FN:648,(anonymous_1)
FN:675,(anonymous_2)
FN:678,(anonymous_3)
FN:899,(anonymous_4)
FN:899,(anonymous_5)
FN:908,(anonymous_6)
FN:925,(anonymous_7)
FN:925,(anonymous_8)
FN:934,(anonymous_9)
FN:951,(anonymous_10)
FN:951,(anonymous_11)
FN:960,(anonymous_12)
FNF:13
FNH:6
FNDA:0,(anonymous_0)
FNDA:0,(anonymous_1)
FNDA:0,(anonymous_2)
FNDA:0,(anonymous_3)
FNDA:1694,(anonymous_4)
FNDA:22,(anonymous_5)
FNDA:39,(anonymous_6)
FNDA:374,(anonymous_7)
FNDA:0,(anonymous_8)
FNDA:0,(anonymous_9)
FNDA:198,(anonymous_10)
FNDA:8,(anonymous_11)
FNDA:0,(anonymous_12)
DA:8,22
DA:9,22
DA:16,22
DA:28,22
DA:39,22
DA:47,22
DA:66,22
DA:94,22
DA:99,22
DA:105,22
DA:116,22
DA:124,22
DA:132,22
DA:139,22
DA:144,22
DA:163,22
DA:168,22
DA:174,22
DA:181,0
DA:186,22
DA:197,22
DA:208,22
DA:213,22
DA:217,22
DA:221,22
DA:233,22
DA:244,22
DA:249,22
DA:258,22
DA:262,22
DA:270,22
DA:275,22
DA:280,22
DA:285,22
DA:290,22
DA:295,22
DA:303,22
DA:319,22
DA:330,22
DA:334,22
DA:339,22
DA:343,22
DA:348,22
DA:352,22
DA:361,22
DA:370,22
DA:372,22
DA:380,22
DA:387,22
DA:407,22
DA:416,22
DA:421,22
DA:428,22
DA:435,22
DA:439,22
DA:449,22
DA:458,22
DA:462,22
DA:466,22
DA:470,22
DA:477,22
DA:485,22
DA:496,22
DA:500,22
DA:505,22
DA:509,22
DA:515,22
DA:527,22
DA:538,22
DA:544,22
DA:550,22
DA:563,22
DA:575,22
DA:580,22
DA:584,22
DA:588,22
DA:599,22
DA:603,22
DA:608,22
DA:617,22
DA:621,22
DA:636,22
DA:645,22
DA:648,0
DA:657,22
DA:673,22
DA:675,0
DA:678,0
DA:683,22
DA:699,22
DA:714,22
DA:724,22
DA:731,22
DA:742,22
DA:753,22
DA:759,22
DA:767,22
DA:776,22
DA:783,22
DA:793,22
DA:804,22
DA:809,22
DA:813,22
DA:825,22
DA:832,22
DA:843,22
DA:854,22
DA:861,22
DA:866,22
DA:870,22
DA:887,22
DA:899,1694
DA:900,22
DA:901,22
DA:902,22
DA:903,17
DA:908,39
DA:912,17
DA:914,5
DA:915,5
DA:917,17
DA:925,374
DA:926,0
DA:927,0
DA:928,0
DA:929,0
DA:934,0
DA:938,0
DA:940,0
DA:941,0
DA:943,0
DA:951,198
DA:952,8
DA:953,8
DA:954,8
DA:955,0
DA:960,0
DA:964,0
DA:966,8
DA:967,8
DA:969,0
DA:973,22
LF:142
LH:125
BRDA:181,0,0,0
BRDA:181,0,1,0
BRDA:902,1,0,17
BRDA:902,1,1,5
BRDA:903,2,0,17
BRDA:903,2,1,0
BRDA:905,3,0,0
BRDA:905,3,1,0
BRDA:928,4,0,0
BRDA:928,4,1,0
BRDA:929,5,0,0
BRDA:929,5,1,0
BRDA:931,6,0,0
BRDA:931,6,1,0
BRDA:954,7,0,0
BRDA:954,7,1,8
BRDA:955,8,0,0
BRDA:955,8,1,0
BRDA:957,9,0,0
BRDA:957,9,1,0
BRF:20
BRH:4
end_of_record
TN:
SF:src\services\authService.js
FN:9,(anonymous_0)
FN:14,(anonymous_1)
FN:23,(anonymous_2)
FN:32,(anonymous_3)
FN:61,(anonymous_4)
FN:101,(anonymous_5)
FN:135,(anonymous_6)
FN:177,(anonymous_7)
FNF:8
FNH:0
FNDA:0,(anonymous_0)
FNDA:0,(anonymous_1)
FNDA:0,(anonymous_2)
FNDA:0,(anonymous_3)
FNDA:0,(anonymous_4)
FNDA:0,(anonymous_5)
FNDA:0,(anonymous_6)
FNDA:0,(anonymous_7)
DA:1,22
DA:2,22
DA:3,22
DA:5,22
DA:7,22
DA:9,22
DA:10,0
DA:11,0
DA:14,22
DA:15,0
DA:16,0
DA:17,0
DA:18,0
DA:19,0
DA:20,0
DA:23,22
DA:24,0
DA:25,0
DA:26,0
DA:28,0
DA:32,22
DA:33,0
DA:34,0
DA:35,0
DA:36,0
DA:38,0
DA:39,0
DA:40,0
DA:41,0
DA:42,0
DA:44,0
DA:45,0
DA:47,0
DA:48,0
DA:49,0
DA:50,0
DA:61,22
DA:62,0
DA:63,0
DA:64,0
DA:66,0
DA:72,0
DA:73,0
DA:75,0
DA:77,0
DA:84,0
DA:86,0
DA:87,0
DA:89,0
DA:100,0
DA:101,0
DA:102,0
DA:103,0
DA:104,0
DA:105,0
DA:108,0
DA:109,0
DA:111,0
DA:113,0
DA:114,0
DA:116,0
DA:135,22
DA:136,0
DA:137,0
DA:138,0
DA:140,0
DA:146,0
DA:147,0
DA:149,0
DA:151,0
DA:157,0
DA:158,0
DA:160,0
DA:161,0
DA:162,0
DA:163,0
DA:165,0
DA:176,0
DA:177,0
DA:178,0
DA:179,0
DA:180,0
DA:181,0
DA:184,0
DA:185,0
DA:187,0
DA:189,0
DA:206,22
LF:88
LH:12
BRDA:11,0,0,0
BRDA:11,0,1,0
BRDA:15,1,0,0
BRDA:15,1,1,0
BRDA:16,2,0,0
BRDA:16,2,1,0
BRDA:17,3,0,0
BRDA:17,3,1,0
BRDA:17,4,0,0
BRDA:17,4,1,0
BRDA:19,5,0,0
BRDA:19,5,1,0
BRDA:25,6,0,0
BRDA:25,6,1,0
BRDA:34,7,0,0
BRDA:34,7,1,0
BRDA:35,8,0,0
BRDA:35,8,1,0
BRDA:36,9,0,0
BRDA:36,9,1,0
BRDA:39,10,0,0
BRDA:39,10,1,0
BRDA:41,11,0,0
BRDA:41,11,1,0
BRDA:42,12,0,0
BRDA:42,12,1,0
BRDA:44,13,0,0
BRDA:44,13,1,0
BRDA:45,14,0,0
BRDA:45,14,1,0
BRDA:53,15,0,0
BRDA:53,15,1,0
BRDA:54,16,0,0
BRDA:54,16,1,0
BRDA:54,17,0,0
BRDA:54,17,1,0
BRDA:62,18,0,0
BRDA:62,18,1,0
BRDA:63,19,0,0
BRDA:63,19,1,0
BRDA:64,20,0,0
BRDA:64,20,1,0
BRDA:64,21,0,0
BRDA:64,21,1,0
BRDA:64,21,2,0
BRDA:72,22,0,0
BRDA:72,22,1,0
BRDA:73,23,0,0
BRDA:73,23,1,0
BRDA:84,24,0,0
BRDA:84,24,1,0
BRDA:86,25,0,0
BRDA:86,25,1,0
BRDA:87,26,0,0
BRDA:87,26,1,0
BRDA:94,27,0,0
BRDA:94,27,1,0
BRDA:100,28,0,0
BRDA:100,28,1,0
BRDA:102,29,0,0
BRDA:102,29,1,0
BRDA:104,30,0,0
BRDA:104,30,1,0
BRDA:105,31,0,0
BRDA:105,31,1,0
BRDA:109,32,0,0
BRDA:109,32,1,0
BRDA:113,33,0,0
BRDA:113,33,1,0
BRDA:114,34,0,0
BRDA:114,34,1,0
BRDA:126,35,0,0
BRDA:126,35,1,0
BRDA:127,36,0,0
BRDA:127,36,1,0
BRDA:127,37,0,0
BRDA:127,37,1,0
BRDA:129,38,0,0
BRDA:129,38,1,0
BRDA:130,39,0,0
BRDA:130,39,1,0
BRDA:131,40,0,0
BRDA:131,40,1,0
BRDA:136,41,0,0
BRDA:136,41,1,0
BRDA:137,42,0,0
BRDA:137,42,1,0
BRDA:138,43,0,0
BRDA:138,43,1,0
BRDA:138,44,0,0
BRDA:138,44,1,0
BRDA:138,44,2,0
BRDA:146,45,0,0
BRDA:146,45,1,0
BRDA:147,46,0,0
BRDA:147,46,1,0
BRDA:157,47,0,0
BRDA:157,47,1,0
BRDA:158,48,0,0
BRDA:158,48,1,0
BRDA:158,49,0,0
BRDA:158,49,1,0
BRDA:160,50,0,0
BRDA:160,50,1,0
BRDA:161,51,0,0
BRDA:161,51,1,0
BRDA:163,52,0,0
BRDA:163,52,1,0
BRDA:170,53,0,0
BRDA:170,53,1,0
BRDA:176,54,0,0
BRDA:176,54,1,0
BRDA:178,55,0,0
BRDA:178,55,1,0
BRDA:180,56,0,0
BRDA:180,56,1,0
BRDA:181,57,0,0
BRDA:181,57,1,0
BRDA:185,58,0,0
BRDA:185,58,1,0
BRDA:197,59,0,0
BRDA:197,59,1,0
BRDA:198,60,0,0
BRDA:198,60,1,0
BRDA:198,61,0,0
BRDA:198,61,1,0
BRDA:200,62,0,0
BRDA:200,62,1,0
BRDA:201,63,0,0
BRDA:201,63,1,0
BRDA:202,64,0,0
BRDA:202,64,1,0
BRF:132
BRH:0
end_of_record
TN:
SF:src\services\cronService.js
FN:3,(anonymous_0)
FNF:1
FNH:0
FNDA:0,(anonymous_0)
DA:1,22
DA:3,22
DA:4,0
DA:5,0
DA:6,0
DA:8,0
DA:9,0
DA:10,0
DA:11,0
DA:13,0
DA:14,0
DA:15,0
DA:16,0
DA:20,0
DA:23,22
LF:15
LH:3
BRDA:9,0,0,0
BRDA:9,0,1,0
BRDA:10,1,0,0
BRDA:10,1,1,0
BRDA:13,2,0,0
BRDA:13,2,1,0
BRDA:13,2,2,0
BRDA:13,2,3,0
BRDA:14,3,0,0
BRDA:14,3,1,0
BRDA:14,4,0,0
BRDA:14,4,1,0
BRF:12
BRH:0
end_of_record
TN:
SF:src\services\emailTemplates.js
FN:7,(anonymous_0)
FN:15,(anonymous_1)
FN:128,(anonymous_2)
FN:170,(anonymous_3)
FN:209,(anonymous_4)
FN:236,(anonymous_5)
FNF:6
FNH:0
FNDA:0,(anonymous_0)
FNDA:0,(anonymous_1)
FNDA:0,(anonymous_2)
FNDA:0,(anonymous_3)
FNDA:0,(anonymous_4)
FNDA:0,(anonymous_5)
DA:7,0
DA:8,0
DA:15,0
DA:128,0
DA:129,0
DA:130,0
DA:131,0
DA:133,0
DA:167,0
DA:170,0
DA:171,0
DA:206,0
DA:209,0
DA:210,0
DA:233,0
DA:236,0
DA:237,0
DA:275,0
DA:278,0
LF:19
LH:0
BRDA:129,0,0,0
BRDA:129,0,1,0
BRDA:129,1,0,0
BRDA:129,1,1,0
BRDA:130,2,0,0
BRDA:130,2,1,0
BRDA:130,3,0,0
BRDA:130,3,1,0
BRDA:131,4,0,0
BRDA:131,4,1,0
BRDA:131,5,0,0
BRDA:131,5,1,0
BRDA:137,6,0,0
BRDA:137,6,1,0
BRDA:137,7,0,0
BRDA:137,7,1,0
BRDA:164,8,0,0
BRDA:164,8,1,0
BRDA:175,9,0,0
BRDA:175,9,1,0
BRDA:197,10,0,0
BRDA:197,10,1,0
BRDA:203,11,0,0
BRDA:203,11,1,0
BRDA:217,12,0,0
BRDA:217,12,1,0
BRDA:228,13,0,0
BRDA:228,13,1,0
BRDA:264,14,0,0
BRDA:264,14,1,0
BRDA:264,14,2,0
BRF:31
BRH:0
end_of_record
TN:
SF:src\services\entitlements.js
FN:5,(anonymous_0)
FN:15,(anonymous_1)
FN:25,(anonymous_2)
FN:38,(anonymous_3)
FN:50,(anonymous_4)
FN:56,(anonymous_5)
FN:68,(anonymous_6)
FN:70,(anonymous_7)
FN:72,(anonymous_8)
FN:76,(anonymous_9)
FN:108,(anonymous_10)
FN:125,(anonymous_11)
FN:138,(anonymous_12)
FN:178,(anonymous_13)
FN:179,(anonymous_14)
FN:222,(anonymous_15)
FN:245,(anonymous_16)
FN:262,(anonymous_17)
FN:297,(anonymous_18)
FNF:19
FNH:16
FNDA:38,(anonymous_0)
FNDA:32,(anonymous_1)
FNDA:120,(anonymous_2)
FNDA:34,(anonymous_3)
FNDA:0,(anonymous_4)
FNDA:42,(anonymous_5)
FNDA:21,(anonymous_6)
FNDA:21,(anonymous_7)
FNDA:0,(anonymous_8)
FNDA:10,(anonymous_9)
FNDA:10,(anonymous_10)
FNDA:6,(anonymous_11)
FNDA:2,(anonymous_12)
FNDA:4,(anonymous_13)
FNDA:4,(anonymous_14)
FNDA:6,(anonymous_15)
FNDA:6,(anonymous_16)
FNDA:0,(anonymous_17)
FNDA:6,(anonymous_18)
DA:1,22
DA:2,22
DA:3,22
DA:5,22
DA:6,38
DA:7,38
DA:8,6
DA:9,6
DA:11,0
DA:15,22
DA:16,32
DA:17,32
DA:18,28
DA:19,28
DA:20,0
DA:21,0
DA:22,0
DA:25,22
DA:26,120
DA:27,120
DA:28,120
DA:29,120
DA:30,120
DA:31,120
DA:32,120
DA:33,120
DA:34,120
DA:35,120
DA:38,22
DA:39,34
DA:40,34
DA:41,34
DA:42,120
DA:43,120
DA:44,120
DA:45,120
DA:47,34
DA:50,22
DA:51,0
DA:52,0
DA:53,0
DA:56,22
DA:57,42
DA:58,42
DA:59,42
DA:60,0
DA:61,0
DA:62,0
DA:63,0
DA:65,42
DA:68,22
DA:69,21
DA:70,21
DA:71,21
DA:72,21
DA:76,22
DA:77,10
DA:80,10
DA:81,0
DA:87,10
DA:88,10
DA:94,0
DA:95,0
DA:102,0
DA:108,22
DA:109,10
DA:110,10
DA:111,10
DA:112,10
DA:113,10
DA:114,10
DA:125,22
DA:126,6
DA:127,6
DA:129,6
DA:134,6
DA:137,2
DA:138,2
DA:139,2
DA:140,2
DA:142,0
DA:145,2
DA:146,2
DA:148,2
DA:149,2
DA:150,2
DA:152,2
DA:153,0
DA:154,0
DA:155,0
DA:167,0
DA:174,2
DA:177,4
DA:178,4
DA:179,4
DA:180,4
DA:181,4
DA:183,0
DA:186,4
DA:187,4
DA:188,4
DA:191,4
DA:192,4
DA:193,4
DA:195,4
DA:197,4
DA:199,4
DA:200,4
DA:202,4
DA:215,4
DA:222,22
DA:223,6
DA:229,6
DA:230,6
DA:232,6
DA:233,0
DA:234,0
DA:235,0
DA:236,0
DA:239,6
DA:245,22
DA:246,6
DA:247,6
DA:249,6
DA:250,6
DA:252,6
DA:254,6
DA:255,6
DA:257,6
DA:258,6
DA:261,6
DA:262,6
DA:264,6
DA:265,6
DA:267,6
DA:268,6
DA:269,6
DA:271,6
DA:273,6
DA:297,22
DA:298,6
DA:299,6
DA:301,6
DA:303,6
DA:325,22
LF:145
LH:120
BRDA:7,0,0,32
BRDA:7,0,1,6
BRDA:9,1,0,6
BRDA:9,1,1,0
BRDA:16,2,0,32
BRDA:16,2,1,4
BRDA:17,3,0,4
BRDA:17,3,1,28
BRDA:18,4,0,0
BRDA:18,4,1,28
BRDA:19,5,0,28
BRDA:19,5,1,0
BRDA:19,6,0,28
BRDA:19,6,1,0
BRDA:20,7,0,0
BRDA:20,7,1,0
BRDA:21,8,0,0
BRDA:21,8,1,0
BRDA:21,9,0,0
BRDA:21,9,1,0
BRDA:22,10,0,0
BRDA:22,10,1,0
BRDA:26,11,0,120
BRDA:26,11,1,0
BRDA:27,12,0,0
BRDA:27,12,1,120
BRDA:29,13,0,0
BRDA:29,13,1,120
BRDA:29,14,0,120
BRDA:29,14,1,120
BRDA:29,14,2,120
BRDA:30,15,0,0
BRDA:30,15,1,120
BRDA:30,16,0,120
BRDA:30,16,1,120
BRDA:30,16,2,120
BRDA:31,17,0,0
BRDA:31,17,1,120
BRDA:31,18,0,120
BRDA:31,18,1,120
BRDA:32,19,0,0
BRDA:32,19,1,120
BRDA:33,20,0,0
BRDA:33,20,1,120
BRDA:34,21,0,0
BRDA:34,21,1,120
BRDA:34,22,0,120
BRDA:34,22,1,120
BRDA:34,22,2,120
BRDA:41,23,0,28
BRDA:41,23,1,6
BRDA:43,24,0,0
BRDA:43,24,1,120
BRDA:43,25,0,120
BRDA:43,25,1,120
BRDA:51,26,0,0
BRDA:51,26,1,0
BRDA:52,27,0,0
BRDA:52,27,1,0
BRDA:59,28,0,42
BRDA:59,28,1,0
BRDA:61,29,0,0
BRDA:61,29,1,0
BRDA:61,30,0,0
BRDA:61,30,1,0
BRDA:69,31,0,21
BRDA:69,31,1,0
BRDA:72,32,0,0
BRDA:72,32,1,0
BRDA:80,33,0,0
BRDA:80,33,1,10
BRDA:87,34,0,10
BRDA:87,34,1,0
BRDA:94,35,0,0
BRDA:94,35,1,0
BRDA:116,36,0,0
BRDA:116,36,1,10
BRDA:117,37,0,0
BRDA:117,37,1,10
BRDA:117,38,0,10
BRDA:117,38,1,0
BRDA:119,39,0,10
BRDA:119,39,1,10
BRDA:119,40,0,10
BRDA:119,40,1,10
BRDA:120,41,0,10
BRDA:120,41,1,10
BRDA:120,42,0,10
BRDA:120,42,1,10
BRDA:126,43,0,6
BRDA:126,43,1,0
BRDA:127,44,0,0
BRDA:127,44,1,6
BRDA:134,45,0,2
BRDA:134,45,1,4
BRDA:140,46,0,0
BRDA:140,46,1,2
BRDA:145,47,0,0
BRDA:145,47,1,2
BRDA:146,48,0,2
BRDA:146,48,1,0
BRDA:148,49,0,2
BRDA:148,49,1,0
BRDA:149,50,0,2
BRDA:149,50,1,2
BRDA:149,51,0,2
BRDA:149,51,1,2
BRDA:150,52,0,2
BRDA:150,52,1,2
BRDA:150,53,0,2
BRDA:150,53,1,0
BRDA:152,54,0,0
BRDA:152,54,1,2
BRDA:152,55,0,2
BRDA:152,55,1,0
BRDA:152,55,2,0
BRDA:160,56,0,0
BRDA:160,56,1,0
BRDA:161,57,0,0
BRDA:161,57,1,0
BRDA:163,58,0,0
BRDA:163,58,1,0
BRDA:181,59,0,0
BRDA:181,59,1,4
BRDA:186,60,0,0
BRDA:186,60,1,4
BRDA:187,61,0,4
BRDA:187,61,1,0
BRDA:188,62,0,0
BRDA:188,62,1,4
BRDA:191,63,0,0
BRDA:191,63,1,4
BRDA:193,64,0,0
BRDA:193,64,1,4
BRDA:193,65,0,4
BRDA:193,65,1,4
BRDA:199,66,0,0
BRDA:199,66,1,4
BRDA:200,67,0,4
BRDA:200,67,1,4
BRDA:232,68,0,6
BRDA:232,68,1,0
BRDA:236,69,0,0
BRDA:236,69,1,0
BRDA:236,70,0,0
BRDA:236,70,1,0
BRDA:245,71,0,6
BRDA:246,72,0,6
BRDA:246,72,1,0
BRDA:247,73,0,0
BRDA:247,73,1,6
BRDA:249,74,0,6
BRDA:249,74,1,6
BRDA:250,75,0,6
BRDA:250,75,1,0
BRDA:255,76,0,6
BRDA:255,76,1,0
BRDA:258,77,0,6
BRDA:258,77,1,0
BRDA:258,78,0,6
BRDA:258,78,1,0
BRDA:262,79,0,0
BRDA:262,79,1,6
BRDA:262,80,0,6
BRDA:262,80,1,6
BRDA:264,81,0,6
BRDA:264,81,1,0
BRDA:265,82,0,6
BRDA:265,82,1,0
BRDA:279,83,0,0
BRDA:279,83,1,6
BRDA:280,84,0,0
BRDA:280,84,1,6
BRDA:283,85,0,6
BRDA:283,85,1,0
BRDA:285,86,0,6
BRDA:285,86,1,0
BRDA:286,87,0,6
BRDA:286,87,1,0
BRDA:287,88,0,6
BRDA:287,88,1,6
BRDA:287,89,0,6
BRDA:287,89,1,6
BRDA:290,90,0,6
BRDA:290,90,1,0
BRDA:290,91,0,6
BRDA:290,91,1,0
BRDA:298,92,0,6
BRDA:298,92,1,0
BRDA:299,93,0,0
BRDA:299,93,1,6
BRDA:299,94,0,6
BRDA:299,94,1,6
BRDA:307,95,0,6
BRDA:307,95,1,0
BRDA:308,96,0,6
BRDA:308,96,1,0
BRDA:309,97,0,6
BRDA:309,97,1,0
BRDA:310,98,0,6
BRDA:310,98,1,0
BRDA:311,99,0,6
BRDA:311,99,1,0
BRDA:316,100,0,6
BRDA:316,100,1,0
BRDA:317,101,0,6
BRDA:317,101,1,0
BRDA:318,102,0,6
BRDA:318,102,1,0
BRDA:319,103,0,6
BRDA:319,103,1,0
BRDA:320,104,0,6
BRDA:320,104,1,0
BRF:213
BRH:117
end_of_record
TN:
SF:src\services\integrationService.js
FN:14,(anonymous_0)
FN:24,(anonymous_1)
FN:55,(anonymous_2)
FN:85,(anonymous_3)
FN:110,(anonymous_4)
FN:141,(anonymous_5)
FN:152,(anonymous_6)
FN:216,(anonymous_7)
FN:219,(anonymous_8)
FNF:9
FNH:0
FNDA:0,(anonymous_0)
FNDA:0,(anonymous_1)
FNDA:0,(anonymous_2)
FNDA:0,(anonymous_3)
FNDA:0,(anonymous_4)
FNDA:0,(anonymous_5)
FNDA:0,(anonymous_6)
FNDA:0,(anonymous_7)
FNDA:0,(anonymous_8)
DA:10,22
DA:11,22
DA:12,22
DA:14,22
DA:15,0
DA:16,0
DA:17,0
DA:19,0
DA:24,22
DA:25,0
DA:26,0
DA:28,0
DA:34,0
DA:36,0
DA:42,0
DA:43,0
DA:44,0
DA:47,0
DA:49,0
DA:50,0
DA:55,22
DA:56,0
DA:57,0
DA:59,0
DA:61,0
DA:71,0
DA:73,0
DA:74,0
DA:77,0
DA:79,0
DA:80,0
DA:85,22
DA:86,0
DA:87,0
DA:96,0
DA:98,0
DA:104,0
DA:105,0
DA:110,22
DA:111,0
DA:113,0
DA:115,0
DA:122,0
DA:129,0
DA:136,0
DA:141,22
DA:142,0
DA:144,0
DA:149,0
DA:152,0
DA:153,0
DA:158,0
DA:159,0
DA:160,0
DA:163,0
DA:164,0
DA:166,0
DA:167,0
DA:168,0
DA:170,0
DA:172,0
DA:175,0
DA:177,0
DA:182,0
DA:185,0
DA:190,0
DA:193,0
DA:198,0
DA:201,0
DA:204,0
DA:205,0
DA:208,0
DA:210,0
DA:211,0
DA:216,22
DA:217,0
DA:218,0
DA:219,0
DA:221,0
DA:228,0
DA:229,0
DA:237,0
DA:244,22
LF:83
LH:11
BRDA:16,0,0,0
BRDA:16,0,1,0
BRDA:17,1,0,0
BRDA:17,1,1,0
BRDA:24,2,0,0
BRDA:26,3,0,0
BRDA:26,3,1,0
BRDA:34,4,0,0
BRDA:34,4,1,0
BRDA:42,5,0,0
BRDA:42,5,1,0
BRDA:55,6,0,0
BRDA:57,7,0,0
BRDA:57,7,1,0
BRDA:57,8,0,0
BRDA:57,8,1,0
BRDA:73,9,0,0
BRDA:73,9,1,0
BRDA:85,10,0,0
BRDA:113,11,0,0
BRDA:113,11,1,0
BRDA:113,11,2,0
BRDA:113,11,3,0
BRDA:149,12,0,0
BRDA:149,12,1,0
BRDA:170,13,0,0
BRDA:170,13,1,0
BRDA:175,14,0,0
BRDA:175,14,1,0
BRDA:175,14,2,0
BRDA:175,14,3,0
BRDA:205,15,0,0
BRDA:205,15,1,0
BRDA:218,16,0,0
BRDA:218,16,1,0
BRDA:219,17,0,0
BRDA:219,17,1,0
BRDA:219,18,0,0
BRDA:219,18,1,0
BRDA:221,19,0,0
BRDA:221,19,1,0
BRDA:228,20,0,0
BRDA:228,20,1,0
BRDA:230,21,0,0
BRDA:230,21,1,0
BRDA:231,22,0,0
BRDA:231,22,1,0
BRDA:232,23,0,0
BRDA:232,23,1,0
BRDA:233,24,0,0
BRDA:233,24,1,0
BRDA:238,25,0,0
BRDA:238,25,1,0
BRDA:239,26,0,0
BRDA:239,26,1,0
BRDA:240,27,0,0
BRDA:240,27,1,0
BRDA:241,28,0,0
BRDA:241,28,1,0
BRF:59
BRH:0
end_of_record
TN:
SF:src\services\invoiceService.js
FN:14,(anonymous_0)
FN:23,(anonymous_1)
FN:30,(anonymous_2)
FN:33,(anonymous_3)
FN:55,(anonymous_4)
FN:86,(anonymous_5)
FN:115,(anonymous_6)
FN:137,(anonymous_7)
FN:233,(anonymous_8)
FN:245,(anonymous_9)
FN:282,(anonymous_10)
FN:292,(anonymous_11)
FN:330,(anonymous_12)
FN:331,(anonymous_13)
FN:412,(anonymous_14)
FN:420,(anonymous_15)
FN:477,(anonymous_16)
FN:478,(anonymous_17)
FN:511,(anonymous_18)
FN:574,(anonymous_19)
FN:595,(anonymous_20)
FN:611,(anonymous_21)
FN:645,(anonymous_22)
FN:663,(anonymous_23)
FN:693,(anonymous_24)
FNF:25
FNH:3
FNDA:10,(anonymous_0)
FNDA:0,(anonymous_1)
FNDA:2,(anonymous_2)
FNDA:2,(anonymous_3)
FNDA:0,(anonymous_4)
FNDA:0,(anonymous_5)
FNDA:0,(anonymous_6)
FNDA:0,(anonymous_7)
FNDA:0,(anonymous_8)
FNDA:0,(anonymous_9)
FNDA:0,(anonymous_10)
FNDA:0,(anonymous_11)
FNDA:0,(anonymous_12)
FNDA:0,(anonymous_13)
FNDA:0,(anonymous_14)
FNDA:0,(anonymous_15)
FNDA:0,(anonymous_16)
FNDA:0,(anonymous_17)
FNDA:0,(anonymous_18)
FNDA:0,(anonymous_19)
FNDA:0,(anonymous_20)
FNDA:0,(anonymous_21)
FNDA:0,(anonymous_22)
FNDA:0,(anonymous_23)
FNDA:0,(anonymous_24)
DA:8,22
DA:9,22
DA:10,22
DA:11,22
DA:12,22
DA:14,22
DA:15,10
DA:16,10
DA:17,2
DA:19,0
DA:23,22
DA:24,0
DA:25,0
DA:26,0
DA:30,22
DA:34,2
DA:40,2
DA:42,2
DA:55,22
DA:56,0
DA:59,0
DA:60,0
DA:62,0
DA:64,0
DA:71,0
DA:72,0
DA:74,0
DA:75,0
DA:76,0
DA:77,0
DA:78,0
DA:82,0
DA:86,22
DA:87,0
DA:88,0
DA:91,0
DA:92,0
DA:94,0
DA:95,0
DA:97,0
DA:99,0
DA:115,22
DA:117,0
DA:123,0
DA:124,0
DA:125,0
DA:128,0
DA:129,0
DA:133,0
DA:137,22
DA:145,0
DA:146,0
DA:147,0
DA:149,0
DA:150,0
DA:152,0
DA:153,0
DA:155,0
DA:156,0
DA:170,0
DA:172,0
DA:182,0
DA:183,0
DA:186,0
DA:187,0
DA:188,0
DA:189,0
DA:191,0
DA:193,0
DA:195,0
DA:223,0
DA:233,22
DA:241,0
DA:242,0
DA:243,0
DA:245,0
DA:247,0
DA:248,0
DA:250,0
DA:273,0
DA:282,22
DA:292,0
DA:293,0
DA:294,0
DA:296,0
DA:318,0
DA:325,0
DA:330,22
DA:331,0
DA:332,0
DA:334,0
DA:339,0
DA:342,0
DA:352,0
DA:361,0
DA:366,0
DA:369,0
DA:370,0
DA:380,0
DA:381,0
DA:392,0
DA:408,0
DA:412,22
DA:413,0
DA:414,0
DA:416,0
DA:417,0
DA:419,0
DA:420,0
DA:421,0
DA:422,0
DA:423,0
DA:424,0
DA:428,0
DA:429,0
DA:455,0
DA:473,0
DA:477,22
DA:478,0
DA:479,0
DA:481,0
DA:486,0
DA:488,0
DA:499,0
DA:506,0
DA:511,22
DA:512,0
DA:513,0
DA:516,0
DA:521,0
DA:522,0
DA:523,0
DA:528,0
DA:529,0
DA:530,0
DA:532,0
DA:536,0
DA:537,0
DA:542,0
DA:543,0
DA:546,0
DA:563,0
DA:570,0
DA:574,22
DA:575,0
DA:595,0
DA:611,22
DA:612,0
DA:618,0
DA:620,0
DA:626,0
DA:645,0
DA:663,22
DA:664,0
DA:665,0
DA:666,0
DA:669,0
DA:677,0
DA:685,0
DA:692,0
DA:693,0
DA:694,0
DA:700,0
DA:707,22
LF:164
LH:28
BRDA:16,0,0,8
BRDA:16,0,1,2
BRDA:17,1,0,2
BRDA:17,1,1,0
BRDA:24,2,0,0
BRDA:24,2,1,0
BRDA:25,3,0,0
BRDA:25,3,1,0
BRDA:25,4,0,0
BRDA:25,4,1,0
BRDA:25,4,2,0
BRDA:40,5,0,0
BRDA:40,5,1,2
BRDA:48,6,0,2
BRDA:48,6,1,0
BRDA:48,7,0,2
BRDA:48,7,1,2
BRDA:49,8,0,2
BRDA:49,8,1,0
BRDA:49,9,0,2
BRDA:49,9,1,2
BRDA:60,10,0,0
BRDA:60,10,1,0
BRDA:72,11,0,0
BRDA:72,11,1,0
BRDA:77,12,0,0
BRDA:77,12,1,0
BRDA:87,13,0,0
BRDA:87,13,1,0
BRDA:87,14,0,0
BRDA:87,14,1,0
BRDA:123,15,0,0
BRDA:123,15,1,0
BRDA:129,16,0,0
BRDA:129,16,1,0
BRDA:130,17,0,0
BRDA:130,17,1,0
BRDA:131,18,0,0
BRDA:131,18,1,0
BRDA:133,19,0,0
BRDA:133,19,1,0
BRDA:141,20,0,0
BRDA:142,21,0,0
BRDA:143,22,0,0
BRDA:155,23,0,0
BRDA:155,23,1,0
BRDA:155,24,0,0
BRDA:155,24,1,0
BRDA:188,25,0,0
BRDA:188,25,1,0
BRDA:236,26,0,0
BRDA:237,27,0,0
BRDA:238,28,0,0
BRDA:239,29,0,0
BRDA:245,30,0,0
BRDA:245,30,1,0
BRDA:268,31,0,0
BRDA:268,31,1,0
BRDA:287,32,0,0
BRDA:288,33,0,0
BRDA:289,34,0,0
BRDA:290,35,0,0
BRDA:339,36,0,0
BRDA:339,36,1,0
BRDA:369,37,0,0
BRDA:369,37,1,0
BRDA:380,38,0,0
BRDA:380,38,1,0
BRDA:385,39,0,0
BRDA:385,39,1,0
BRDA:385,40,0,0
BRDA:385,40,1,0
BRDA:396,41,0,0
BRDA:396,41,1,0
BRDA:397,42,0,0
BRDA:397,42,1,0
BRDA:413,43,0,0
BRDA:413,43,1,0
BRDA:417,44,0,0
BRDA:417,44,1,0
BRDA:422,45,0,0
BRDA:422,45,1,0
BRDA:464,46,0,0
BRDA:464,46,1,0
BRDA:465,47,0,0
BRDA:465,47,1,0
BRDA:486,48,0,0
BRDA:486,48,1,0
BRDA:512,49,0,0
BRDA:512,49,1,0
BRDA:523,50,0,0
BRDA:523,50,1,0
BRDA:524,51,0,0
BRDA:524,51,1,0
BRDA:524,52,0,0
BRDA:524,52,1,0
BRDA:525,53,0,0
BRDA:525,53,1,0
BRDA:525,54,0,0
BRDA:525,54,1,0
BRDA:529,55,0,0
BRDA:529,55,1,0
BRDA:542,56,0,0
BRDA:542,56,1,0
BRDA:542,56,2,0
BRDA:574,57,0,0
BRDA:574,58,0,0
BRDA:600,59,0,0
BRDA:600,59,1,0
BRDA:618,60,0,0
BRDA:618,60,1,0
BRDA:633,61,0,0
BRDA:633,61,1,0
BRDA:634,62,0,0
BRDA:634,62,1,0
BRDA:635,63,0,0
BRDA:635,63,1,0
BRDA:636,64,0,0
BRDA:636,64,1,0
BRDA:649,65,0,0
BRDA:649,65,1,0
BRDA:692,66,0,0
BRDA:692,66,1,0
BRF:123
BRH:10
end_of_record
TN:
SF:src\services\jobService.js
FN:13,(anonymous_0)
FN:25,(anonymous_1)
FN:47,(anonymous_2)
FN:54,(anonymous_3)
FN:132,(anonymous_4)
FNF:5
FNH:0
FNDA:0,(anonymous_0)
FNDA:0,(anonymous_1)
FNDA:0,(anonymous_2)
FNDA:0,(anonymous_3)
FNDA:0,(anonymous_4)
DA:2,22
DA:3,22
DA:4,22
DA:6,22
DA:13,22
DA:14,0
DA:15,0
DA:25,22
DA:26,0
DA:27,0
DA:29,0
DA:40,0
DA:41,0
DA:47,22
DA:48,0
DA:49,0
DA:54,0
DA:55,0
DA:63,0
DA:65,0
DA:73,0
DA:76,0
DA:78,0
DA:79,0
DA:80,0
DA:81,0
DA:86,0
DA:89,0
DA:90,0
DA:92,0
DA:93,0
DA:94,0
DA:96,0
DA:103,0
DA:105,0
DA:109,0
DA:110,0
DA:112,0
DA:116,0
DA:124,0
DA:132,22
DA:133,0
DA:134,0
DA:137,22
LF:44
LH:9
BRDA:25,0,0,0
BRDA:25,1,0,0
BRDA:63,2,0,0
BRDA:63,2,1,0
BRDA:76,3,0,0
BRDA:76,3,1,0
BRDA:79,4,0,0
BRDA:79,4,1,0
BRDA:93,5,0,0
BRDA:93,5,1,0
BRDA:110,6,0,0
BRDA:110,6,1,0
BRDA:112,7,0,0
BRDA:112,7,1,0
BRDA:132,8,0,0
BRF:15
BRH:0
end_of_record
TN:
SF:src\services\paymentGatewayService.js
FN:18,(anonymous_0)
FN:28,(anonymous_1)
FN:55,(anonymous_2)
FN:68,(anonymous_3)
FN:80,(anonymous_4)
FN:91,(anonymous_5)
FN:94,(anonymous_6)
FN:102,(anonymous_7)
FN:104,(anonymous_8)
FN:110,(anonymous_9)
FN:116,(anonymous_10)
FN:116,(anonymous_11)
FN:118,(anonymous_12)
FN:127,(anonymous_13)
FN:140,(anonymous_14)
FN:169,(anonymous_15)
FN:181,(anonymous_16)
FN:192,(anonymous_17)
FN:200,(anonymous_18)
FN:254,(anonymous_19)
FN:284,(anonymous_20)
FN:300,(anonymous_21)
FN:310,(anonymous_22)
FN:319,(anonymous_23)
FN:351,(anonymous_24)
FN:363,(anonymous_25)
FN:370,(anonymous_26)
FN:374,(anonymous_27)
FN:419,(anonymous_28)
FN:429,(anonymous_29)
FN:470,(anonymous_30)
FN:492,(anonymous_31)
FN:536,(anonymous_32)
FN:549,(anonymous_33)
FN:565,(anonymous_34)
FN:584,(anonymous_35)
FN:598,(anonymous_36)
FN:631,(anonymous_37)
FN:650,(anonymous_38)
FN:672,(anonymous_39)
FN:933,(anonymous_40)
FN:1014,(anonymous_41)
FN:1037,(anonymous_42)
FN:1053,(anonymous_43)
FN:1123,(anonymous_44)
FN:1139,(anonymous_45)
FNF:46
FNH:0
FNDA:0,(anonymous_0)
FNDA:0,(anonymous_1)
FNDA:0,(anonymous_2)
FNDA:0,(anonymous_3)
FNDA:0,(anonymous_4)
FNDA:0,(anonymous_5)
FNDA:0,(anonymous_6)
FNDA:0,(anonymous_7)
FNDA:0,(anonymous_8)
FNDA:0,(anonymous_9)
FNDA:0,(anonymous_10)
FNDA:0,(anonymous_11)
FNDA:0,(anonymous_12)
FNDA:0,(anonymous_13)
FNDA:0,(anonymous_14)
FNDA:0,(anonymous_15)
FNDA:0,(anonymous_16)
FNDA:0,(anonymous_17)
FNDA:0,(anonymous_18)
FNDA:0,(anonymous_19)
FNDA:0,(anonymous_20)
FNDA:0,(anonymous_21)
FNDA:0,(anonymous_22)
FNDA:0,(anonymous_23)
FNDA:0,(anonymous_24)
FNDA:0,(anonymous_25)
FNDA:0,(anonymous_26)
FNDA:0,(anonymous_27)
FNDA:0,(anonymous_28)
FNDA:0,(anonymous_29)
FNDA:0,(anonymous_30)
FNDA:0,(anonymous_31)
FNDA:0,(anonymous_32)
FNDA:0,(anonymous_33)
FNDA:0,(anonymous_34)
FNDA:0,(anonymous_35)
FNDA:0,(anonymous_36)
FNDA:0,(anonymous_37)
FNDA:0,(anonymous_38)
FNDA:0,(anonymous_39)
FNDA:0,(anonymous_40)
FNDA:0,(anonymous_41)
FNDA:0,(anonymous_42)
FNDA:0,(anonymous_43)
FNDA:0,(anonymous_44)
FNDA:0,(anonymous_45)
DA:10,0
DA:11,0
DA:12,0
DA:13,0
DA:14,0
DA:15,0
DA:16,0
DA:18,0
DA:19,0
DA:20,0
DA:21,0
DA:22,0
DA:24,0
DA:28,0
DA:29,0
DA:30,0
DA:33,0
DA:35,0
DA:36,0
DA:39,0
DA:40,0
DA:43,0
DA:44,0
DA:45,0
DA:46,0
DA:52,0
DA:55,0
DA:56,0
DA:57,0
DA:59,0
DA:60,0
DA:61,0
DA:62,0
DA:65,0
DA:68,0
DA:69,0
DA:70,0
DA:73,0
DA:80,0
DA:81,0
DA:82,0
DA:83,0
DA:84,0
DA:85,0
DA:86,0
DA:88,0
DA:91,0
DA:92,0
DA:93,0
DA:94,0
DA:95,0
DA:96,0
DA:98,0
DA:102,0
DA:103,0
DA:104,0
DA:106,0
DA:108,0
DA:109,0
DA:110,0
DA:112,0
DA:116,0
DA:118,0
DA:119,0
DA:120,0
DA:121,0
DA:123,0
DA:127,0
DA:128,0
DA:129,0
DA:130,0
DA:133,0
DA:140,0
DA:141,0
DA:142,0
DA:143,0
DA:145,0
DA:151,0
DA:152,0
DA:153,0
DA:154,0
DA:155,0
DA:167,0
DA:169,0
DA:170,0
DA:171,0
DA:178,0
DA:181,0
DA:182,0
DA:184,0
DA:189,0
DA:192,0
DA:193,0
DA:194,0
DA:195,0
DA:196,0
DA:197,0
DA:200,0
DA:210,0
DA:211,0
DA:212,0
DA:213,0
DA:215,0
DA:216,0
DA:220,0
DA:221,0
DA:224,0
DA:233,0
DA:245,0
DA:254,0
DA:255,0
DA:256,0
DA:257,0
DA:262,0
DA:272,0
DA:273,0
DA:276,0
DA:284,0
DA:285,0
DA:286,0
DA:287,0
DA:288,0
DA:289,0
DA:291,0
DA:292,0
DA:294,0
DA:300,0
DA:301,0
DA:302,0
DA:303,0
DA:306,0
DA:307,0
DA:310,0
DA:311,0
DA:312,0
DA:313,0
DA:314,0
DA:315,0
DA:316,0
DA:319,0
DA:320,0
DA:321,0
DA:322,0
DA:324,0
DA:333,0
DA:345,0
DA:351,0
DA:352,0
DA:353,0
DA:354,0
DA:357,0
DA:358,0
DA:360,0
DA:363,0
DA:364,0
DA:365,0
DA:366,0
DA:370,0
DA:371,0
DA:374,0
DA:382,0
DA:391,0
DA:392,0
DA:393,0
DA:396,0
DA:397,0
DA:398,0
DA:399,0
DA:406,0
DA:407,0
DA:409,0
DA:417,0
DA:419,0
DA:420,0
DA:421,0
DA:422,0
DA:423,0
DA:425,0
DA:429,0
DA:440,0
DA:441,0
DA:442,0
DA:445,0
DA:460,0
DA:461,0
DA:470,0
DA:472,0
DA:473,0
DA:474,0
DA:477,0
DA:484,0
DA:492,0
DA:504,0
DA:505,0
DA:506,0
DA:508,0
DA:509,0
DA:512,0
DA:527,0
DA:536,0
DA:537,0
DA:538,0
DA:539,0
DA:542,0
DA:549,0
DA:550,0
DA:551,0
DA:552,0
DA:554,0
DA:555,0
DA:558,0
DA:565,0
DA:566,0
DA:567,0
DA:568,0
DA:571,0
DA:584,0
DA:585,0
DA:586,0
DA:587,0
DA:590,0
DA:591,0
DA:598,0
DA:600,0
DA:601,0
DA:602,0
DA:605,0
DA:618,0
DA:627,0
DA:631,0
DA:632,0
DA:633,0
DA:634,0
DA:635,0
DA:637,0
DA:639,0
DA:650,0
DA:653,0
DA:654,0
DA:658,0
DA:659,0
DA:662,0
DA:664,0
DA:665,0
DA:666,0
DA:668,0
DA:672,0
DA:681,0
DA:682,0
DA:683,0
DA:696,0
DA:697,0
DA:700,0
DA:701,0
DA:705,0
DA:709,0
DA:710,0
DA:712,0
DA:714,0
DA:736,0
DA:737,0
DA:739,0
DA:740,0
DA:741,0
DA:742,0
DA:743,0
DA:744,0
DA:754,0
DA:755,0
DA:757,0
DA:758,0
DA:768,0
DA:779,0
DA:785,0
DA:786,0
DA:789,0
DA:790,0
DA:791,0
DA:795,0
DA:796,0
DA:797,0
DA:798,0
DA:803,0
DA:804,0
DA:805,0
DA:807,0
DA:811,0
DA:818,0
DA:819,0
DA:829,0
DA:830,0
DA:832,0
DA:833,0
DA:834,0
DA:835,0
DA:837,0
DA:840,0
DA:843,0
DA:845,0
DA:846,0
DA:858,0
DA:859,0
DA:860,0
DA:861,0
DA:862,0
DA:866,0
DA:868,0
DA:869,0
DA:874,0
DA:875,0
DA:876,0
DA:877,0
DA:878,0
DA:879,0
DA:880,0
DA:881,0
DA:883,0
DA:884,0
DA:885,0
DA:887,0
DA:891,0
DA:892,0
DA:894,0
DA:895,0
DA:896,0
DA:899,0
DA:900,0
DA:903,0
DA:904,0
DA:906,0
DA:911,0
DA:912,0
DA:913,0
DA:914,0
DA:918,0
DA:920,0
DA:933,0
DA:934,0
DA:935,0
DA:945,0
DA:946,0
DA:949,0
DA:950,0
DA:954,0
DA:957,0
DA:958,0
DA:960,0
DA:972,0
DA:973,0
DA:975,0
DA:976,0
DA:977,0
DA:988,0
DA:991,0
DA:996,0
DA:1002,0
DA:1003,0
DA:1004,0
DA:1006,0
DA:1014,0
DA:1020,0
DA:1021,0
DA:1022,0
DA:1028,0
DA:1030,0
DA:1037,0
DA:1038,0
DA:1039,0
DA:1040,0
DA:1043,0
DA:1053,0
DA:1065,0
DA:1068,0
DA:1072,0
DA:1074,0
DA:1089,0
DA:1100,0
DA:1108,0
DA:1119,0
DA:1123,0
DA:1124,0
DA:1126,0
DA:1128,0
DA:1130,0
DA:1132,0
DA:1134,0
DA:1139,0
DA:1140,0
DA:1146,0
DA:1147,0
DA:1155,0
DA:1158,0
DA:1159,0
DA:1160,0
DA:1162,0
DA:1163,0
DA:1164,0
DA:1165,0
DA:1166,0
DA:1167,0
DA:1169,0
DA:1171,0
DA:1173,0
DA:1209,0
LF:404
LH:0
BRDA:20,0,0,0
BRDA:20,0,1,0
BRDA:29,1,0,0
BRDA:29,1,1,0
BRDA:30,2,0,0
BRDA:30,2,1,0
BRDA:40,3,0,0
BRDA:40,3,1,0
BRDA:44,4,0,0
BRDA:44,4,1,0
BRDA:46,5,0,0
BRDA:46,5,1,0
BRDA:55,6,0,0
BRDA:55,7,0,0
BRDA:59,8,0,0
BRDA:59,8,1,0
BRDA:60,9,0,0
BRDA:60,9,1,0
BRDA:60,10,0,0
BRDA:60,10,1,0
BRDA:61,11,0,0
BRDA:61,11,1,0
BRDA:61,12,0,0
BRDA:61,12,1,0
BRDA:62,13,0,0
BRDA:62,13,1,0
BRDA:62,13,2,0
BRDA:65,14,0,0
BRDA:65,14,1,0
BRDA:65,14,2,0
BRDA:69,15,0,0
BRDA:69,15,1,0
BRDA:70,16,0,0
BRDA:70,16,1,0
BRDA:73,17,0,0
BRDA:73,17,1,0
BRDA:81,18,0,0
BRDA:81,18,1,0
BRDA:82,19,0,0
BRDA:82,19,1,0
BRDA:84,20,0,0
BRDA:84,20,1,0
BRDA:84,21,0,0
BRDA:84,21,1,0
BRDA:84,21,2,0
BRDA:84,21,3,0
BRDA:85,22,0,0
BRDA:85,22,1,0
BRDA:85,23,0,0
BRDA:85,23,1,0
BRDA:86,24,0,0
BRDA:86,24,1,0
BRDA:86,25,0,0
BRDA:86,25,1,0
BRDA:91,26,0,0
BRDA:93,27,0,0
BRDA:93,27,1,0
BRDA:93,28,0,0
BRDA:93,28,1,0
BRDA:94,29,0,0
BRDA:94,29,1,0
BRDA:98,30,0,0
BRDA:98,30,1,0
BRDA:106,31,0,0
BRDA:106,31,1,0
BRDA:106,31,2,0
BRDA:108,32,0,0
BRDA:108,32,1,0
BRDA:108,33,0,0
BRDA:108,33,1,0
BRDA:108,33,2,0
BRDA:120,34,0,0
BRDA:120,34,1,0
BRDA:121,35,0,0
BRDA:121,35,1,0
BRDA:128,36,0,0
BRDA:128,36,1,0
BRDA:129,37,0,0
BRDA:129,37,1,0
BRDA:129,38,0,0
BRDA:129,38,1,0
BRDA:129,38,2,0
BRDA:141,39,0,0
BRDA:141,39,1,0
BRDA:143,40,0,0
BRDA:143,40,1,0
BRDA:143,41,0,0
BRDA:143,41,1,0
BRDA:151,42,0,0
BRDA:151,42,1,0
BRDA:153,43,0,0
BRDA:153,43,1,0
BRDA:157,44,0,0
BRDA:157,44,1,0
BRDA:157,45,0,0
BRDA:157,45,1,0
BRDA:158,46,0,0
BRDA:158,46,1,0
BRDA:194,47,0,0
BRDA:194,47,1,0
BRDA:195,48,0,0
BRDA:195,48,1,0
BRDA:196,49,0,0
BRDA:196,49,1,0
BRDA:212,50,0,0
BRDA:212,50,1,0
BRDA:213,51,0,0
BRDA:213,51,1,0
BRDA:215,52,0,0
BRDA:215,52,1,0
BRDA:215,53,0,0
BRDA:215,53,1,0
BRDA:215,53,2,0
BRDA:220,54,0,0
BRDA:220,54,1,0
BRDA:229,55,0,0
BRDA:229,55,1,0
BRDA:229,56,0,0
BRDA:229,56,1,0
BRDA:236,57,0,0
BRDA:236,57,1,0
BRDA:236,58,0,0
BRDA:236,58,1,0
BRDA:239,59,0,0
BRDA:239,59,1,0
BRDA:239,60,0,0
BRDA:239,60,1,0
BRDA:240,61,0,0
BRDA:240,61,1,0
BRDA:240,62,0,0
BRDA:240,62,1,0
BRDA:241,63,0,0
BRDA:241,63,1,0
BRDA:241,63,2,0
BRDA:241,64,0,0
BRDA:241,64,1,0
BRDA:241,65,0,0
BRDA:241,65,1,0
BRDA:242,66,0,0
BRDA:242,66,1,0
BRDA:255,67,0,0
BRDA:255,67,1,0
BRDA:256,68,0,0
BRDA:256,68,1,0
BRDA:256,68,2,0
BRDA:262,69,0,0
BRDA:262,69,1,0
BRDA:262,70,0,0
BRDA:262,70,1,0
BRDA:264,71,0,0
BRDA:264,71,1,0
BRDA:264,72,0,0
BRDA:264,72,1,0
BRDA:266,73,0,0
BRDA:266,73,1,0
BRDA:266,74,0,0
BRDA:266,74,1,0
BRDA:268,75,0,0
BRDA:268,75,1,0
BRDA:268,76,0,0
BRDA:268,76,1,0
BRDA:272,77,0,0
BRDA:272,77,1,0
BRDA:284,78,0,0
BRDA:285,79,0,0
BRDA:285,79,1,0
BRDA:286,80,0,0
BRDA:286,80,1,0
BRDA:287,81,0,0
BRDA:287,81,1,0
BRDA:288,82,0,0
BRDA:288,82,1,0
BRDA:288,83,0,0
BRDA:288,83,1,0
BRDA:288,83,2,0
BRDA:289,84,0,0
BRDA:289,84,1,0
BRDA:301,85,0,0
BRDA:301,85,1,0
BRDA:302,86,0,0
BRDA:302,86,1,0
BRDA:302,86,2,0
BRDA:306,87,0,0
BRDA:306,87,1,0
BRDA:306,87,2,0
BRDA:313,88,0,0
BRDA:313,88,1,0
BRDA:314,89,0,0
BRDA:314,89,1,0
BRDA:315,90,0,0
BRDA:315,90,1,0
BRDA:315,91,0,0
BRDA:315,91,1,0
BRDA:315,91,2,0
BRDA:321,92,0,0
BRDA:321,92,1,0
BRDA:321,93,0,0
BRDA:321,93,1,0
BRDA:321,93,2,0
BRDA:322,94,0,0
BRDA:322,94,1,0
BRDA:329,95,0,0
BRDA:329,95,1,0
BRDA:329,96,0,0
BRDA:329,96,1,0
BRDA:336,97,0,0
BRDA:336,97,1,0
BRDA:336,98,0,0
BRDA:336,98,1,0
BRDA:339,99,0,0
BRDA:339,99,1,0
BRDA:339,100,0,0
BRDA:339,100,1,0
BRDA:340,101,0,0
BRDA:340,101,1,0
BRDA:340,102,0,0
BRDA:340,102,1,0
BRDA:341,103,0,0
BRDA:341,103,1,0
BRDA:341,103,2,0
BRDA:341,104,0,0
BRDA:341,104,1,0
BRDA:341,105,0,0
BRDA:341,105,1,0
BRDA:342,106,0,0
BRDA:342,106,1,0
BRDA:352,107,0,0
BRDA:352,107,1,0
BRDA:353,108,0,0
BRDA:353,108,1,0
BRDA:353,108,2,0
BRDA:357,109,0,0
BRDA:357,109,1,0
BRDA:357,110,0,0
BRDA:357,110,1,0
BRDA:358,111,0,0
BRDA:358,111,1,0
BRDA:365,112,0,0
BRDA:365,112,1,0
BRDA:365,113,0,0
BRDA:365,113,1,0
BRDA:365,113,2,0
BRDA:391,114,0,0
BRDA:391,114,1,0
BRDA:396,115,0,0
BRDA:396,115,1,0
BRDA:398,116,0,0
BRDA:398,116,1,0
BRDA:406,117,0,0
BRDA:406,117,1,0
BRDA:406,118,0,0
BRDA:406,118,1,0
BRDA:420,119,0,0
BRDA:420,119,1,0
BRDA:421,120,0,0
BRDA:421,120,1,0
BRDA:431,121,0,0
BRDA:438,122,0,0
BRDA:441,123,0,0
BRDA:441,123,1,0
BRDA:441,124,0,0
BRDA:441,124,1,0
BRDA:455,125,0,0
BRDA:455,125,1,0
BRDA:456,126,0,0
BRDA:456,126,1,0
BRDA:472,127,0,0
BRDA:472,127,1,0
BRDA:472,128,0,0
BRDA:472,128,1,0
BRDA:473,129,0,0
BRDA:473,129,1,0
BRDA:473,129,2,0
BRDA:495,130,0,0
BRDA:502,131,0,0
BRDA:505,132,0,0
BRDA:505,132,1,0
BRDA:508,133,0,0
BRDA:508,133,1,0
BRDA:508,134,0,0
BRDA:508,134,1,0
BRDA:522,135,0,0
BRDA:522,135,1,0
BRDA:523,136,0,0
BRDA:523,136,1,0
BRDA:537,137,0,0
BRDA:537,137,1,0
BRDA:537,138,0,0
BRDA:537,138,1,0
BRDA:538,139,0,0
BRDA:538,139,1,0
BRDA:538,139,2,0
BRDA:551,140,0,0
BRDA:551,140,1,0
BRDA:554,141,0,0
BRDA:554,141,1,0
BRDA:554,142,0,0
BRDA:554,142,1,0
BRDA:558,143,0,0
BRDA:558,143,1,0
BRDA:566,144,0,0
BRDA:566,144,1,0
BRDA:567,145,0,0
BRDA:567,145,1,0
BRDA:567,145,2,0
BRDA:586,146,0,0
BRDA:586,146,1,0
BRDA:586,147,0,0
BRDA:586,147,1,0
BRDA:600,148,0,0
BRDA:600,148,1,0
BRDA:601,149,0,0
BRDA:601,149,1,0
BRDA:601,149,2,0
BRDA:633,150,0,0
BRDA:633,150,1,0
BRDA:634,151,0,0
BRDA:634,151,1,0
BRDA:635,152,0,0
BRDA:635,152,1,0
BRDA:653,153,0,0
BRDA:653,153,1,0
BRDA:653,154,0,0
BRDA:653,154,1,0
BRDA:653,154,2,0
BRDA:658,155,0,0
BRDA:658,155,1,0
BRDA:658,156,0,0
BRDA:658,156,1,0
BRDA:658,156,2,0
BRDA:659,157,0,0
BRDA:659,157,1,0
BRDA:662,158,0,0
BRDA:662,158,1,0
BRDA:664,159,0,0
BRDA:664,159,1,0
BRDA:664,159,2,0
BRDA:665,160,0,0
BRDA:665,160,1,0
BRDA:665,161,0,0
BRDA:665,161,1,0
BRDA:684,162,0,0
BRDA:684,162,1,0
BRDA:684,162,2,0
BRDA:692,163,0,0
BRDA:692,163,1,0
BRDA:696,164,0,0
BRDA:696,164,1,0
BRDA:696,165,0,0
BRDA:696,165,1,0
BRDA:700,166,0,0
BRDA:700,166,1,0
BRDA:700,167,0,0
BRDA:700,167,1,0
BRDA:700,167,2,0
BRDA:700,167,3,0
BRDA:700,167,4,0
BRDA:700,167,5,0
BRDA:732,168,0,0
BRDA:732,168,1,0
BRDA:757,169,0,0
BRDA:757,169,1,0
BRDA:760,170,0,0
BRDA:760,170,1,0
BRDA:769,171,0,0
BRDA:769,171,1,0
BRDA:769,171,2,0
BRDA:769,171,3,0
BRDA:769,171,4,0
BRDA:769,171,5,0
BRDA:769,171,6,0
BRDA:779,172,0,0
BRDA:779,172,1,0
BRDA:779,172,2,0
BRDA:779,172,3,0
BRDA:779,172,4,0
BRDA:779,172,5,0
BRDA:785,173,0,0
BRDA:785,173,1,0
BRDA:789,174,0,0
BRDA:789,174,1,0
BRDA:789,175,0,0
BRDA:789,175,1,0
BRDA:789,175,2,0
BRDA:791,176,0,0
BRDA:791,176,1,0
BRDA:796,177,0,0
BRDA:796,177,1,0
BRDA:796,177,2,0
BRDA:796,177,3,0
BRDA:797,178,0,0
BRDA:797,178,1,0
BRDA:798,179,0,0
BRDA:798,179,1,0
BRDA:803,180,0,0
BRDA:803,180,1,0
BRDA:803,180,2,0
BRDA:804,181,0,0
BRDA:804,181,1,0
BRDA:804,182,0,0
BRDA:804,182,1,0
BRDA:830,183,0,0
BRDA:830,183,1,0
BRDA:834,184,0,0
BRDA:834,184,1,0
BRDA:840,185,0,0
BRDA:840,185,1,0
BRDA:843,186,0,0
BRDA:843,186,1,0
BRDA:845,187,0,0
BRDA:845,187,1,0
BRDA:847,188,0,0
BRDA:847,188,1,0
BRDA:848,189,0,0
BRDA:848,189,1,0
BRDA:849,190,0,0
BRDA:849,190,1,0
BRDA:850,191,0,0
BRDA:850,191,1,0
BRDA:851,192,0,0
BRDA:851,192,1,0
BRDA:852,193,0,0
BRDA:852,193,1,0
BRDA:859,194,0,0
BRDA:859,194,1,0
BRDA:859,195,0,0
BRDA:859,195,1,0
BRDA:875,196,0,0
BRDA:875,196,1,0
BRDA:875,197,0,0
BRDA:875,197,1,0
BRDA:877,198,0,0
BRDA:877,198,1,0
BRDA:877,199,0,0
BRDA:877,199,1,0
BRDA:879,200,0,0
BRDA:879,200,1,0
BRDA:881,201,0,0
BRDA:881,201,1,0
BRDA:884,202,0,0
BRDA:884,202,1,0
BRDA:885,203,0,0
BRDA:885,203,1,0
BRDA:891,204,0,0
BRDA:891,204,1,0
BRDA:892,205,0,0
BRDA:892,205,1,0
BRDA:894,206,0,0
BRDA:894,206,1,0
BRDA:895,207,0,0
BRDA:895,207,1,0
BRDA:899,208,0,0
BRDA:899,208,1,0
BRDA:903,209,0,0
BRDA:903,209,1,0
BRDA:911,210,0,0
BRDA:911,210,1,0
BRDA:911,211,0,0
BRDA:911,211,1,0
BRDA:911,212,0,0
BRDA:911,212,1,0
BRDA:913,213,0,0
BRDA:913,213,1,0
BRDA:928,214,0,0
BRDA:928,214,1,0
BRDA:936,215,0,0
BRDA:936,215,1,0
BRDA:936,215,2,0
BRDA:945,216,0,0
BRDA:945,216,1,0
BRDA:945,217,0,0
BRDA:945,217,1,0
BRDA:949,218,0,0
BRDA:949,218,1,0
BRDA:949,219,0,0
BRDA:949,219,1,0
BRDA:949,219,2,0
BRDA:949,219,3,0
BRDA:949,219,4,0
BRDA:949,219,5,0
BRDA:991,220,0,0
BRDA:991,220,1,0
BRDA:991,220,2,0
BRDA:991,220,3,0
BRDA:998,221,0,0
BRDA:998,221,1,0
BRDA:998,222,0,0
BRDA:998,222,1,0
BRDA:1002,223,0,0
BRDA:1002,223,1,0
BRDA:1002,223,2,0
BRDA:1003,224,0,0
BRDA:1003,224,1,0
BRDA:1003,225,0,0
BRDA:1003,225,1,0
BRDA:1006,226,0,0
BRDA:1006,226,1,0
BRDA:1021,227,0,0
BRDA:1021,227,1,0
BRDA:1021,228,0,0
BRDA:1021,228,1,0
BRDA:1021,228,2,0
BRDA:1039,229,0,0
BRDA:1039,229,1,0
BRDA:1068,230,0,0
BRDA:1068,230,1,0
BRDA:1072,231,0,0
BRDA:1072,231,1,0
BRDA:1072,231,2,0
BRDA:1072,231,3,0
BRDA:1072,231,4,0
BRDA:1124,232,0,0
BRDA:1124,232,1,0
BRDA:1124,232,2,0
BRDA:1124,232,3,0
BRDA:1124,232,4,0
BRDA:1146,233,0,0
BRDA:1146,233,1,0
BRDA:1159,234,0,0
BRDA:1159,234,1,0
BRDA:1160,235,0,0
BRDA:1160,235,1,0
BRDA:1163,236,0,0
BRDA:1163,236,1,0
BRDA:1164,237,0,0
BRDA:1164,237,1,0
BRDA:1165,238,0,0
BRDA:1165,238,1,0
BRDA:1166,239,0,0
BRDA:1166,239,1,0
BRDA:1167,240,0,0
BRDA:1167,240,1,0
BRDA:1176,241,0,0
BRDA:1176,241,1,0
BRDA:1177,242,0,0
BRDA:1177,242,1,0
BRDA:1178,243,0,0
BRDA:1178,243,1,0
BRDA:1179,244,0,0
BRDA:1179,244,1,0
BRDA:1182,245,0,0
BRDA:1182,245,1,0
BRDA:1188,246,0,0
BRDA:1188,246,1,0
BRDA:1188,246,2,0
BRDA:1188,246,3,0
BRDA:1188,246,4,0
BRDA:1188,246,5,0
BRDA:1197,247,0,0
BRDA:1197,247,1,0
BRDA:1202,248,0,0
BRDA:1202,248,1,0
BRDA:1202,248,2,0
BRF:553
BRH:0
end_of_record
TN:
SF:src\services\pdfService.js
FN:15,(anonymous_0)
FN:21,drawKpiTiles
FN:59,normalizeColumns
FN:64,(anonymous_3)
FN:69,(anonymous_4)
FN:71,(anonymous_5)
FN:77,renderSimpleTable
FN:89,(anonymous_7)
FN:143,(anonymous_8)
FN:153,(anonymous_9)
FN:162,(anonymous_10)
FN:164,(anonymous_11)
FN:179,(anonymous_12)
FN:185,(anonymous_13)
FN:192,(anonymous_14)
FN:239,(anonymous_15)
FN:260,(anonymous_16)
FN:287,(anonymous_17)
FN:309,(anonymous_18)
FN:316,(anonymous_19)
FN:335,(anonymous_20)
FN:384,(anonymous_21)
FN:406,(anonymous_22)
FN:417,(anonymous_23)
FN:446,(anonymous_24)
FN:490,(anonymous_25)
FN:539,(anonymous_26)
FN:540,(anonymous_27)
FN:547,(anonymous_28)
FN:570,(anonymous_29)
FN:586,(anonymous_30)
FN:587,(anonymous_31)
FNF:32
FNH:0
FNDA:0,(anonymous_0)
FNDA:0,drawKpiTiles
FNDA:0,normalizeColumns
FNDA:0,(anonymous_3)
FNDA:0,(anonymous_4)
FNDA:0,(anonymous_5)
FNDA:0,renderSimpleTable
FNDA:0,(anonymous_7)
FNDA:0,(anonymous_8)
FNDA:0,(anonymous_9)
FNDA:0,(anonymous_10)
FNDA:0,(anonymous_11)
FNDA:0,(anonymous_12)
FNDA:0,(anonymous_13)
FNDA:0,(anonymous_14)
FNDA:0,(anonymous_15)
FNDA:0,(anonymous_16)
FNDA:0,(anonymous_17)
FNDA:0,(anonymous_18)
FNDA:0,(anonymous_19)
FNDA:0,(anonymous_20)
FNDA:0,(anonymous_21)
FNDA:0,(anonymous_22)
FNDA:0,(anonymous_23)
FNDA:0,(anonymous_24)
FNDA:0,(anonymous_25)
FNDA:0,(anonymous_26)
FNDA:0,(anonymous_27)
FNDA:0,(anonymous_28)
FNDA:0,(anonymous_29)
FNDA:0,(anonymous_30)
FNDA:0,(anonymous_31)
DA:9,22
DA:10,22
DA:11,22
DA:12,22
DA:15,22
DA:16,0
DA:17,0
DA:18,0
DA:22,0
DA:23,0
DA:25,0
DA:26,0
DA:27,0
DA:28,0
DA:29,0
DA:30,0
DA:31,0
DA:33,0
DA:34,0
DA:36,0
DA:37,0
DA:38,0
DA:39,0
DA:40,0
DA:41,0
DA:42,0
DA:44,0
DA:45,0
DA:46,0
DA:48,0
DA:49,0
DA:50,0
DA:52,0
DA:54,0
DA:56,0
DA:60,0
DA:61,0
DA:62,0
DA:63,0
DA:64,0
DA:65,0
DA:66,0
DA:69,0
DA:70,0
DA:71,0
DA:78,0
DA:79,0
DA:81,0
DA:82,0
DA:83,0
DA:85,0
DA:86,0
DA:87,0
DA:89,0
DA:90,0
DA:92,0
DA:93,0
DA:94,0
DA:95,0
DA:96,0
DA:98,0
DA:99,0
DA:100,0
DA:105,0
DA:107,0
DA:108,0
DA:111,0
DA:113,0
DA:114,0
DA:115,0
DA:116,0
DA:117,0
DA:118,0
DA:119,0
DA:120,0
DA:121,0
DA:123,0
DA:124,0
DA:126,0
DA:127,0
DA:128,0
DA:129,0
DA:130,0
DA:131,0
DA:136,0
DA:139,0
DA:140,0
DA:143,22
DA:144,0
DA:145,0
DA:146,0
DA:147,0
DA:149,0
DA:153,22
DA:154,0
DA:155,0
DA:156,0
DA:158,0
DA:162,22
DA:164,22
DA:165,0
DA:166,0
DA:167,0
DA:168,0
DA:169,0
DA:170,0
DA:171,0
DA:172,0
DA:173,0
DA:175,0
DA:179,22
DA:180,0
DA:181,0
DA:182,0
DA:185,22
DA:186,0
DA:187,0
DA:188,0
DA:189,0
DA:192,22
DA:193,0
DA:194,0
DA:195,0
DA:197,0
DA:198,0
DA:199,0
DA:201,0
DA:202,0
DA:203,0
DA:205,0
DA:206,0
DA:207,0
DA:209,0
DA:210,0
DA:211,0
DA:212,0
DA:213,0
DA:214,0
DA:215,0
DA:221,0
DA:222,0
DA:224,0
DA:225,0
DA:226,0
DA:228,0
DA:229,0
DA:230,0
DA:231,0
DA:234,0
DA:236,0
DA:239,22
DA:240,0
DA:241,0
DA:242,0
DA:243,0
DA:245,0
DA:247,0
DA:248,0
DA:249,0
DA:251,0
DA:252,0
DA:253,0
DA:254,0
DA:255,0
DA:257,0
DA:260,22
DA:261,0
DA:262,0
DA:264,0
DA:266,0
DA:267,0
DA:269,0
DA:270,0
DA:271,0
DA:272,0
DA:274,0
DA:275,0
DA:276,0
DA:277,0
DA:278,0
DA:279,0
DA:280,0
DA:283,0
DA:284,0
DA:287,22
DA:288,0
DA:290,0
DA:291,0
DA:292,0
DA:293,0
DA:295,0
DA:296,0
DA:297,0
DA:298,0
DA:300,0
DA:301,0
DA:302,0
DA:303,0
DA:304,0
DA:306,0
DA:309,22
DA:310,0
DA:311,0
DA:312,0
DA:313,0
DA:316,22
DA:317,0
DA:318,0
DA:320,0
DA:321,0
DA:322,0
DA:323,0
DA:324,0
DA:325,0
DA:326,0
DA:327,0
DA:328,0
DA:329,0
DA:330,0
DA:332,0
DA:335,22
DA:336,0
DA:338,0
DA:339,0
DA:340,0
DA:341,0
DA:342,0
DA:343,0
DA:344,0
DA:346,0
DA:347,0
DA:348,0
DA:349,0
DA:350,0
DA:351,0
DA:354,0
DA:357,0
DA:358,0
DA:359,0
DA:362,0
DA:363,0
DA:366,0
DA:367,0
DA:370,0
DA:371,0
DA:373,0
DA:374,0
DA:376,0
DA:377,0
DA:379,0
DA:380,0
DA:384,22
DA:388,0
DA:394,0
DA:398,0
DA:403,0
DA:406,22
DA:407,0
DA:408,0
DA:410,0
DA:411,0
DA:413,0
DA:414,0
DA:417,22
DA:418,0
DA:419,0
DA:420,0
DA:422,0
DA:423,0
DA:424,0
DA:426,0
DA:427,0
DA:428,0
DA:430,0
DA:431,0
DA:432,0
DA:434,0
DA:435,0
DA:436,0
DA:438,0
DA:439,0
DA:440,0
DA:442,0
DA:446,22
DA:447,0
DA:453,0
DA:455,0
DA:461,0
DA:462,0
DA:463,0
DA:466,0
DA:469,0
DA:472,0
DA:473,0
DA:474,0
DA:475,0
DA:476,0
DA:478,0
DA:479,0
DA:481,0
DA:484,0
DA:486,0
DA:487,0
DA:489,0
DA:490,0
DA:498,0
DA:504,0
DA:521,0
DA:522,0
DA:523,0
DA:524,0
DA:526,0
DA:527,0
DA:528,0
DA:529,0
DA:530,0
DA:533,0
DA:534,0
DA:537,0
DA:539,0
DA:540,0
DA:541,0
DA:547,22
DA:548,0
DA:550,0
DA:551,0
DA:552,0
DA:554,0
DA:555,0
DA:559,0
DA:567,0
DA:568,0
DA:570,0
DA:571,0
DA:572,0
DA:573,0
DA:576,0
DA:577,0
DA:578,0
DA:580,0
DA:581,0
DA:582,0
DA:584,0
DA:586,0
DA:587,0
DA:588,0
DA:593,22
LF:347
LH:24
BRDA:17,0,0,0
BRDA:17,0,1,0
BRDA:22,1,0,0
BRDA:22,1,1,0
BRDA:23,2,0,0
BRDA:23,2,1,0
BRDA:30,3,0,0
BRDA:30,3,1,0
BRDA:40,4,0,0
BRDA:40,4,1,0
BRDA:46,5,0,0
BRDA:46,5,1,0
BRDA:50,6,0,0
BRDA:50,6,1,0
BRDA:63,7,0,0
BRDA:63,7,1,0
BRDA:66,8,0,0
BRDA:66,8,1,0
BRDA:66,9,0,0
BRDA:66,9,1,0
BRDA:69,10,0,0
BRDA:69,10,1,0
BRDA:69,11,0,0
BRDA:69,11,1,0
BRDA:73,12,0,0
BRDA:73,12,1,0
BRDA:79,13,0,0
BRDA:79,13,1,0
BRDA:100,14,0,0
BRDA:100,14,1,0
BRDA:102,15,0,0
BRDA:102,15,1,0
BRDA:119,16,0,0
BRDA:119,16,1,0
BRDA:128,17,0,0
BRDA:128,17,1,0
BRDA:128,18,0,0
BRDA:128,18,1,0
BRDA:129,19,0,0
BRDA:129,19,1,0
BRDA:133,20,0,0
BRDA:133,20,1,0
BRDA:146,21,0,0
BRDA:146,21,1,0
BRDA:155,22,0,0
BRDA:155,22,1,0
BRDA:156,23,0,0
BRDA:156,23,1,0
BRDA:162,24,0,0
BRDA:162,24,1,0
BRDA:165,25,0,0
BRDA:165,25,1,0
BRDA:166,26,0,0
BRDA:166,26,1,0
BRDA:168,27,0,0
BRDA:168,27,1,0
BRDA:170,28,0,0
BRDA:170,28,1,0
BRDA:171,29,0,0
BRDA:171,29,1,0
BRDA:172,30,0,0
BRDA:172,30,1,0
BRDA:181,31,0,0
BRDA:181,31,1,0
BRDA:188,32,0,0
BRDA:188,32,1,0
BRDA:193,33,0,0
BRDA:193,33,1,0
BRDA:193,34,0,0
BRDA:193,34,1,0
BRDA:194,35,0,0
BRDA:194,35,1,0
BRDA:194,36,0,0
BRDA:194,36,1,0
BRDA:195,37,0,0
BRDA:195,37,1,0
BRDA:197,38,0,0
BRDA:197,38,1,0
BRDA:197,39,0,0
BRDA:197,39,1,0
BRDA:213,40,0,0
BRDA:213,40,1,0
BRDA:221,41,0,0
BRDA:221,41,1,0
BRDA:230,42,0,0
BRDA:230,42,1,0
BRDA:245,43,0,0
BRDA:245,43,1,0
BRDA:245,44,0,0
BRDA:245,44,1,0
BRDA:261,45,0,0
BRDA:261,45,1,0
BRDA:262,46,0,0
BRDA:262,46,1,0
BRDA:277,47,0,0
BRDA:277,47,1,0
BRDA:279,48,0,0
BRDA:279,48,1,0
BRDA:310,49,0,0
BRDA:310,49,1,0
BRDA:310,50,0,0
BRDA:310,50,1,0
BRDA:310,51,0,0
BRDA:310,51,1,0
BRDA:311,52,0,0
BRDA:311,52,1,0
BRDA:311,52,2,0
BRDA:312,53,0,0
BRDA:312,53,1,0
BRDA:317,54,0,0
BRDA:317,54,1,0
BRDA:318,55,0,0
BRDA:318,55,1,0
BRDA:336,56,0,0
BRDA:336,56,1,0
BRDA:336,57,0,0
BRDA:336,57,1,0
BRDA:384,58,0,0
BRDA:408,59,0,0
BRDA:408,59,1,0
BRDA:411,60,0,0
BRDA:411,60,1,0
BRDA:453,61,0,0
BRDA:453,61,1,0
BRDA:473,62,0,0
BRDA:473,62,1,0
BRDA:474,63,0,0
BRDA:474,63,1,0
BRDA:478,64,0,0
BRDA:478,64,1,0
BRDA:487,65,0,0
BRDA:487,65,1,0
BRDA:489,66,0,0
BRDA:489,66,1,0
BRDA:491,67,0,0
BRDA:491,67,1,0
BRDA:492,68,0,0
BRDA:492,68,1,0
BRDA:548,69,0,0
BRDA:548,69,1,0
BRDA:548,70,0,0
BRDA:548,70,1,0
BRDA:548,70,2,0
BRDA:555,71,0,0
BRDA:555,71,1,0
BRDA:555,72,0,0
BRDA:555,72,1,0
BRDA:564,73,0,0
BRDA:564,73,1,0
BRF:149
BRH:0
end_of_record
TN:
SF:src\services\provisionService.js
FN:5,(anonymous_0)
FN:15,(anonymous_1)
FN:21,(anonymous_2)
FN:27,(anonymous_3)
FN:64,(anonymous_4)
FNF:5
FNH:0
FNDA:0,(anonymous_0)
FNDA:0,(anonymous_1)
FNDA:0,(anonymous_2)
FNDA:0,(anonymous_3)
FNDA:0,(anonymous_4)
DA:1,22
DA:2,22
DA:3,22
DA:5,22
DA:6,0
DA:12,0
DA:15,22
DA:16,0
DA:17,0
DA:18,0
DA:21,22
DA:22,0
DA:23,0
DA:24,0
DA:27,22
DA:28,0
DA:29,0
DA:31,0
DA:32,0
DA:34,0
DA:35,0
DA:37,0
DA:38,0
DA:40,0
DA:41,0
DA:42,0
DA:44,0
DA:45,0
DA:47,0
DA:48,0
DA:49,0
DA:50,0
DA:51,0
DA:52,0
DA:53,0
DA:55,0
DA:56,0
DA:58,0
DA:59,0
DA:62,0
DA:64,0
DA:65,0
DA:78,0
DA:96,0
DA:111,0
DA:121,0
DA:129,0
DA:147,0
DA:159,0
DA:167,22
LF:50
LH:8
BRDA:6,0,0,0
BRDA:6,0,1,0
BRDA:12,1,0,0
BRDA:12,1,1,0
BRDA:16,2,0,0
BRDA:16,2,1,0
BRDA:17,3,0,0
BRDA:17,3,1,0
BRDA:17,4,0,0
BRDA:17,4,1,0
BRDA:22,5,0,0
BRDA:22,5,1,0
BRDA:23,6,0,0
BRDA:23,6,1,0
BRDA:23,7,0,0
BRDA:23,7,1,0
BRDA:29,8,0,0
BRDA:29,8,1,0
BRDA:31,9,0,0
BRDA:31,9,1,0
BRDA:32,10,0,0
BRDA:32,10,1,0
BRDA:35,11,0,0
BRDA:35,11,1,0
BRDA:37,12,0,0
BRDA:37,12,1,0
BRDA:38,13,0,0
BRDA:38,13,1,0
BRDA:38,14,0,0
BRDA:38,14,1,0
BRDA:40,15,0,0
BRDA:40,15,1,0
BRDA:45,16,0,0
BRDA:45,16,1,0
BRDA:59,17,0,0
BRDA:59,17,1,0
BRDA:62,18,0,0
BRDA:62,18,1,0
BRDA:62,19,0,0
BRDA:62,19,1,0
BRDA:82,20,0,0
BRDA:82,20,1,0
BRDA:83,21,0,0
BRDA:83,21,1,0
BRDA:85,22,0,0
BRDA:85,22,1,0
BRDA:86,23,0,0
BRDA:86,23,1,0
BRDA:87,24,0,0
BRDA:87,24,1,0
BRDA:115,25,0,0
BRDA:115,25,1,0
BRDA:115,26,0,0
BRDA:115,26,1,0
BRDA:136,27,0,0
BRDA:136,27,1,0
BRDA:136,28,0,0
BRDA:136,28,1,0
BRDA:138,29,0,0
BRDA:138,29,1,0
BRDA:163,30,0,0
BRDA:163,30,1,0
BRDA:163,31,0,0
BRDA:163,31,1,0
BRF:64
BRH:0
end_of_record
TN:
SF:src\services\realtimeHub.js
FN:5,(anonymous_0)
FN:24,(anonymous_1)
FN:26,(anonymous_2)
FNF:3
FNH:0
FNDA:0,(anonymous_0)
FNDA:0,(anonymous_1)
FNDA:0,(anonymous_2)
DA:1,22
DA:3,22
DA:5,22
DA:6,0
DA:7,0
DA:8,0
DA:9,0
DA:10,0
DA:11,0
DA:18,0
DA:24,22
DA:25,0
DA:26,0
DA:27,0
DA:31,22
LF:15
LH:5
BRDA:7,0,0,0
BRDA:7,0,1,0
BRDA:7,1,0,0
BRDA:7,1,1,0
BRDA:8,2,0,0
BRDA:8,2,1,0
BRDA:9,3,0,0
BRDA:9,3,1,0
BRDA:10,4,0,0
BRDA:10,4,1,0
BRDA:13,5,0,0
BRDA:13,5,1,0
BRDA:13,6,0,0
BRDA:13,6,1,0
BRDA:14,7,0,0
BRDA:14,7,1,0
BRDA:16,8,0,0
BRDA:16,8,1,0
BRDA:16,9,0,0
BRDA:16,9,1,0
BRF:20
BRH:0
end_of_record
TN:
SF:src\services\reportAggregationService.js
FN:11,(anonymous_0)
FN:20,(anonymous_1)
FN:28,(anonymous_2)
FN:33,(anonymous_3)
FN:40,(anonymous_4)
FN:42,(anonymous_5)
FN:57,(anonymous_6)
FN:76,(anonymous_7)
FN:93,(anonymous_8)
FN:102,(anonymous_9)
FN:111,(anonymous_10)
FN:114,(anonymous_11)
FN:135,(anonymous_12)
FN:157,(anonymous_13)
FN:165,(anonymous_14)
FN:169,(anonymous_15)
FN:172,(anonymous_16)
FN:280,(anonymous_17)
FN:291,(anonymous_18)
FN:423,(anonymous_19)
FN:433,(anonymous_20)
FN:535,(anonymous_21)
FN:551,(anonymous_22)
FN:579,(anonymous_23)
FN:593,(anonymous_24)
FN:598,(anonymous_25)
FN:604,(anonymous_26)
FN:624,(anonymous_27)
FN:630,(anonymous_28)
FN:679,(anonymous_29)
FN:771,(anonymous_30)
FN:819,(anonymous_31)
FN:836,(anonymous_32)
FN:903,(anonymous_33)
FN:917,(anonymous_34)
FN:944,(anonymous_35)
FN:953,(anonymous_36)
FN:991,(anonymous_37)
FN:997,(anonymous_38)
FN:1035,(anonymous_39)
FN:1061,(anonymous_40)
FN:1094,(anonymous_41)
FN:1111,(anonymous_42)
FN:1126,(anonymous_43)
FN:1134,(anonymous_44)
FN:1139,(anonymous_45)
FN:1145,(anonymous_46)
FN:1164,(anonymous_47)
FN:1175,(anonymous_48)
FN:1205,(anonymous_49)
FN:1230,(anonymous_50)
FN:1244,(anonymous_51)
FNF:52
FNH:0
FNDA:0,(anonymous_0)
FNDA:0,(anonymous_1)
FNDA:0,(anonymous_2)
FNDA:0,(anonymous_3)
FNDA:0,(anonymous_4)
FNDA:0,(anonymous_5)
FNDA:0,(anonymous_6)
FNDA:0,(anonymous_7)
FNDA:0,(anonymous_8)
FNDA:0,(anonymous_9)
FNDA:0,(anonymous_10)
FNDA:0,(anonymous_11)
FNDA:0,(anonymous_12)
FNDA:0,(anonymous_13)
FNDA:0,(anonymous_14)
FNDA:0,(anonymous_15)
FNDA:0,(anonymous_16)
FNDA:0,(anonymous_17)
FNDA:0,(anonymous_18)
FNDA:0,(anonymous_19)
FNDA:0,(anonymous_20)
FNDA:0,(anonymous_21)
FNDA:0,(anonymous_22)
FNDA:0,(anonymous_23)
FNDA:0,(anonymous_24)
FNDA:0,(anonymous_25)
FNDA:0,(anonymous_26)
FNDA:0,(anonymous_27)
FNDA:0,(anonymous_28)
FNDA:0,(anonymous_29)
FNDA:0,(anonymous_30)
FNDA:0,(anonymous_31)
FNDA:0,(anonymous_32)
FNDA:0,(anonymous_33)
FNDA:0,(anonymous_34)
FNDA:0,(anonymous_35)
FNDA:0,(anonymous_36)
FNDA:0,(anonymous_37)
FNDA:0,(anonymous_38)
FNDA:0,(anonymous_39)
FNDA:0,(anonymous_40)
FNDA:0,(anonymous_41)
FNDA:0,(anonymous_42)
FNDA:0,(anonymous_43)
FNDA:0,(anonymous_44)
FNDA:0,(anonymous_45)
FNDA:0,(anonymous_46)
FNDA:0,(anonymous_47)
FNDA:0,(anonymous_48)
FNDA:0,(anonymous_49)
FNDA:0,(anonymous_50)
FNDA:0,(anonymous_51)
DA:8,22
DA:9,22
DA:11,22
DA:12,0
DA:13,0
DA:14,0
DA:16,0
DA:20,22
DA:21,0
DA:22,0
DA:23,0
DA:24,0
DA:25,0
DA:28,22
DA:29,0
DA:30,0
DA:33,22
DA:34,0
DA:35,0
DA:36,0
DA:37,0
DA:40,22
DA:42,22
DA:43,0
DA:44,0
DA:47,0
DA:48,0
DA:49,0
DA:57,22
DA:58,0
DA:59,0
DA:60,0
DA:62,0
DA:63,0
DA:64,0
DA:66,0
DA:76,22
DA:77,0
DA:78,0
DA:80,0
DA:82,0
DA:83,0
DA:84,0
DA:85,0
DA:86,0
DA:89,0
DA:94,0
DA:103,0
DA:112,0
DA:115,0
DA:123,0
DA:128,0
DA:129,0
DA:130,0
DA:131,0
DA:134,0
DA:135,0
DA:137,0
DA:138,0
DA:139,0
DA:140,0
DA:146,0
DA:157,22
DA:158,0
DA:159,0
DA:160,0
DA:161,0
DA:166,0
DA:169,0
DA:172,22
DA:173,0
DA:174,0
DA:175,0
DA:177,0
DA:178,0
DA:179,0
DA:180,0
DA:183,0
DA:184,0
DA:185,0
DA:187,0
DA:188,0
DA:189,0
DA:190,0
DA:192,0
DA:196,0
DA:198,0
DA:199,0
DA:201,0
DA:202,0
DA:203,0
DA:204,0
DA:205,0
DA:207,0
DA:213,0
DA:216,0
DA:217,0
DA:218,0
DA:220,0
DA:226,0
DA:229,0
DA:230,0
DA:231,0
DA:233,0
DA:239,0
DA:242,0
DA:243,0
DA:244,0
DA:246,0
DA:252,0
DA:255,0
DA:256,0
DA:257,0
DA:259,0
DA:265,0
DA:268,0
DA:271,0
DA:272,0
DA:273,0
DA:276,0
DA:280,22
DA:281,0
DA:282,0
DA:283,0
DA:284,0
DA:287,0
DA:292,0
DA:295,0
DA:297,0
DA:298,0
DA:322,0
DA:323,0
DA:324,0
DA:328,0
DA:329,0
DA:330,0
DA:331,0
DA:332,0
DA:333,0
DA:334,0
DA:335,0
DA:336,0
DA:337,0
DA:338,0
DA:339,0
DA:340,0
DA:342,0
DA:343,0
DA:344,0
DA:346,0
DA:347,0
DA:348,0
DA:349,0
DA:352,0
DA:353,0
DA:355,0
DA:356,0
DA:357,0
DA:358,0
DA:359,0
DA:362,0
DA:363,0
DA:364,0
DA:367,0
DA:368,0
DA:370,0
DA:371,0
DA:372,0
DA:373,0
DA:375,0
DA:376,0
DA:377,0
DA:382,0
DA:383,0
DA:384,0
DA:387,0
DA:388,0
DA:391,0
DA:392,0
DA:416,0
DA:417,0
DA:419,0
DA:423,22
DA:424,0
DA:425,0
DA:426,0
DA:427,0
DA:429,0
DA:434,0
DA:437,0
DA:439,0
DA:440,0
DA:441,0
DA:442,0
DA:444,0
DA:445,0
DA:446,0
DA:447,0
DA:448,0
DA:451,0
DA:452,0
DA:453,0
DA:454,0
DA:456,0
DA:457,0
DA:459,0
DA:461,0
DA:476,0
DA:477,0
DA:478,0
DA:479,0
DA:480,0
DA:481,0
DA:482,0
DA:483,0
DA:485,0
DA:486,0
DA:488,0
DA:490,0
DA:494,0
DA:495,0
DA:496,0
DA:498,0
DA:499,0
DA:520,0
DA:521,0
DA:523,0
DA:531,0
DA:535,22
DA:536,0
DA:537,0
DA:538,0
DA:539,0
DA:542,0
DA:552,0
DA:556,0
DA:557,0
DA:558,0
DA:559,0
DA:571,0
DA:572,0
DA:575,0
DA:579,22
DA:580,0
DA:581,0
DA:582,0
DA:583,0
DA:585,0
DA:589,0
DA:590,0
DA:591,0
DA:594,0
DA:599,0
DA:605,0
DA:617,0
DA:620,0
DA:621,0
DA:622,0
DA:625,0
DA:631,0
DA:643,0
DA:647,0
DA:648,0
DA:649,0
DA:650,0
DA:651,0
DA:652,0
DA:653,0
DA:654,0
DA:655,0
DA:657,0
DA:666,0
DA:667,0
DA:668,0
DA:669,0
DA:670,0
DA:672,0
DA:675,0
DA:680,0
DA:683,0
DA:684,0
DA:685,0
DA:687,0
DA:688,0
DA:689,0
DA:691,0
DA:692,0
DA:693,0
DA:694,0
DA:695,0
DA:697,0
DA:706,0
DA:707,0
DA:708,0
DA:709,0
DA:710,0
DA:712,0
DA:717,0
DA:718,0
DA:719,0
DA:720,0
DA:721,0
DA:727,0
DA:728,0
DA:729,0
DA:730,0
DA:731,0
DA:732,0
DA:736,0
DA:740,0
DA:741,0
DA:743,0
DA:744,0
DA:745,0
DA:747,0
DA:763,0
DA:764,0
DA:767,0
DA:771,22
DA:772,0
DA:773,0
DA:775,0
DA:787,0
DA:788,0
DA:789,0
DA:790,0
DA:791,0
DA:793,0
DA:815,0
DA:819,22
DA:820,0
DA:822,0
DA:828,0
DA:831,0
DA:837,0
DA:838,0
DA:842,0
DA:843,0
DA:844,0
DA:845,0
DA:846,0
DA:847,0
DA:848,0
DA:849,0
DA:851,0
DA:852,0
DA:854,0
DA:855,0
DA:856,0
DA:857,0
DA:859,0
DA:860,0
DA:861,0
DA:862,0
DA:864,0
DA:865,0
DA:866,0
DA:867,0
DA:869,0
DA:870,0
DA:871,0
DA:872,0
DA:873,0
DA:874,0
DA:879,0
DA:880,0
DA:882,0
DA:899,0
DA:903,22
DA:904,0
DA:905,0
DA:907,0
DA:908,0
DA:910,0
DA:913,0
DA:918,0
DA:922,0
DA:923,0
DA:925,0
DA:926,0
DA:927,0
DA:928,0
DA:929,0
DA:930,0
DA:931,0
DA:932,0
DA:934,0
DA:935,0
DA:939,0
DA:941,0
DA:944,22
DA:945,0
DA:946,0
DA:947,0
DA:948,0
DA:950,0
DA:954,0
DA:957,0
DA:959,0
DA:962,0
DA:963,0
DA:972,0
DA:974,0
DA:989,0
DA:992,0
DA:998,0
DA:1001,0
DA:1004,0
DA:1005,0
DA:1009,0
DA:1011,0
DA:1020,0
DA:1021,0
DA:1022,0
DA:1023,0
DA:1025,0
DA:1026,0
DA:1027,0
DA:1028,0
DA:1032,0
DA:1036,0
DA:1044,0
DA:1046,0
DA:1047,0
DA:1048,0
DA:1049,0
DA:1050,0
DA:1051,0
DA:1052,0
DA:1053,0
DA:1054,0
DA:1056,0
DA:1057,0
DA:1058,0
DA:1061,0
DA:1062,0
DA:1063,0
DA:1064,0
DA:1066,0
DA:1067,0
DA:1068,0
DA:1069,0
DA:1070,0
DA:1071,0
DA:1073,0
DA:1074,0
DA:1076,0
DA:1094,22
DA:1095,0
DA:1108,0
DA:1110,0
DA:1111,0
DA:1112,0
DA:1113,0
DA:1114,0
DA:1115,0
DA:1116,0
DA:1126,22
DA:1127,0
DA:1128,0
DA:1129,0
DA:1130,0
DA:1132,0
DA:1135,0
DA:1140,0
DA:1146,0
DA:1149,0
DA:1151,0
DA:1164,0
DA:1175,0
DA:1176,0
DA:1177,0
DA:1178,0
DA:1179,0
DA:1180,0
DA:1182,0
DA:1183,0
DA:1184,0
DA:1185,0
DA:1186,0
DA:1187,0
DA:1188,0
DA:1191,0
DA:1192,0
DA:1193,0
DA:1194,0
DA:1195,0
DA:1202,0
DA:1205,22
DA:1206,0
DA:1223,0
DA:1225,0
DA:1230,0
DA:1244,22
DA:1245,0
DA:1251,0
DA:1252,0
DA:1253,0
DA:1255,0
DA:1263,0
DA:1265,0
DA:1266,0
DA:1271,0
DA:1274,0
DA:1276,0
DA:1279,22
LF:506
LH:25
BRDA:13,0,0,0
BRDA:13,0,1,0
BRDA:14,1,0,0
BRDA:14,1,1,0
BRDA:21,2,0,0
BRDA:21,2,1,0
BRDA:23,3,0,0
BRDA:23,3,1,0
BRDA:25,4,0,0
BRDA:25,4,1,0
BRDA:29,5,0,0
BRDA:29,5,1,0
BRDA:30,6,0,0
BRDA:30,6,1,0
BRDA:35,7,0,0
BRDA:35,7,1,0
BRDA:36,8,0,0
BRDA:36,8,1,0
BRDA:40,9,0,0
BRDA:40,9,1,0
BRDA:43,10,0,0
BRDA:43,10,1,0
BRDA:44,11,0,0
BRDA:44,11,1,0
BRDA:60,12,0,0
BRDA:60,12,1,0
BRDA:60,13,0,0
BRDA:60,13,1,0
BRDA:64,14,0,0
BRDA:64,14,1,0
BRDA:64,15,0,0
BRDA:64,15,1,0
BRDA:64,15,2,0
BRDA:78,16,0,0
BRDA:78,16,1,0
BRDA:84,17,0,0
BRDA:84,17,1,0
BRDA:112,18,0,0
BRDA:112,18,1,0
BRDA:124,19,0,0
BRDA:124,19,1,0
BRDA:124,20,0,0
BRDA:124,20,1,0
BRDA:125,21,0,0
BRDA:125,21,1,0
BRDA:125,22,0,0
BRDA:125,22,1,0
BRDA:129,23,0,0
BRDA:129,23,1,0
BRDA:130,24,0,0
BRDA:130,24,1,0
BRDA:130,25,0,0
BRDA:130,25,1,0
BRDA:131,26,0,0
BRDA:131,26,1,0
BRDA:131,27,0,0
BRDA:131,27,1,0
BRDA:135,28,0,0
BRDA:135,28,1,0
BRDA:135,29,0,0
BRDA:135,29,1,0
BRDA:138,30,0,0
BRDA:138,30,1,0
BRDA:139,31,0,0
BRDA:139,31,1,0
BRDA:139,32,0,0
BRDA:139,32,1,0
BRDA:141,33,0,0
BRDA:141,33,1,0
BRDA:141,34,0,0
BRDA:141,34,1,0
BRDA:142,35,0,0
BRDA:142,35,1,0
BRDA:142,36,0,0
BRDA:142,36,1,0
BRDA:160,37,0,0
BRDA:160,37,1,0
BRDA:169,38,0,0
BRDA:169,38,1,0
BRDA:173,39,0,0
BRDA:173,39,1,0
BRDA:174,40,0,0
BRDA:174,40,1,0
BRDA:175,41,0,0
BRDA:175,41,1,0
BRDA:175,42,0,0
BRDA:175,42,1,0
BRDA:179,43,0,0
BRDA:179,43,1,0
BRDA:179,44,0,0
BRDA:179,44,1,0
BRDA:179,44,2,0
BRDA:190,45,0,0
BRDA:190,45,1,0
BRDA:192,46,0,0
BRDA:192,46,1,0
BRDA:211,47,0,0
BRDA:211,47,1,0
BRDA:224,48,0,0
BRDA:224,48,1,0
BRDA:237,49,0,0
BRDA:237,49,1,0
BRDA:250,50,0,0
BRDA:250,50,1,0
BRDA:263,51,0,0
BRDA:263,51,1,0
BRDA:268,52,0,0
BRDA:268,52,1,0
BRDA:272,53,0,0
BRDA:272,53,1,0
BRDA:283,54,0,0
BRDA:283,54,1,0
BRDA:295,55,0,0
BRDA:295,55,1,0
BRDA:346,56,0,0
BRDA:346,56,1,0
BRDA:346,57,0,0
BRDA:346,57,1,0
BRDA:347,58,0,0
BRDA:347,58,1,0
BRDA:347,59,0,0
BRDA:347,59,1,0
BRDA:348,60,0,0
BRDA:348,60,1,0
BRDA:348,61,0,0
BRDA:348,61,1,0
BRDA:349,62,0,0
BRDA:349,62,1,0
BRDA:349,63,0,0
BRDA:349,63,1,0
BRDA:363,64,0,0
BRDA:363,64,1,0
BRDA:363,65,0,0
BRDA:363,65,1,0
BRDA:363,65,2,0
BRDA:364,66,0,0
BRDA:364,66,1,0
BRDA:364,67,0,0
BRDA:364,67,1,0
BRDA:364,67,2,0
BRDA:368,68,0,0
BRDA:368,68,1,0
BRDA:371,69,0,0
BRDA:371,69,1,0
BRDA:371,70,0,0
BRDA:371,70,1,0
BRDA:372,71,0,0
BRDA:372,71,1,0
BRDA:372,72,0,0
BRDA:372,72,1,0
BRDA:375,73,0,0
BRDA:375,73,1,0
BRDA:377,74,0,0
BRDA:377,74,1,0
BRDA:377,75,0,0
BRDA:377,75,1,0
BRDA:377,75,2,0
BRDA:382,76,0,0
BRDA:382,76,1,0
BRDA:382,76,2,0
BRDA:382,76,3,0
BRDA:384,77,0,0
BRDA:384,77,1,0
BRDA:388,78,0,0
BRDA:388,78,1,0
BRDA:426,79,0,0
BRDA:426,79,1,0
BRDA:441,80,0,0
BRDA:441,80,1,0
BRDA:441,81,0,0
BRDA:441,81,1,0
BRDA:441,81,2,0
BRDA:442,82,0,0
BRDA:442,82,1,0
BRDA:442,83,0,0
BRDA:442,83,1,0
BRDA:442,83,2,0
BRDA:442,84,0,0
BRDA:442,84,1,0
BRDA:444,85,0,0
BRDA:444,85,1,0
BRDA:444,86,0,0
BRDA:444,86,1,0
BRDA:445,87,0,0
BRDA:445,87,1,0
BRDA:445,88,0,0
BRDA:445,88,1,0
BRDA:446,89,0,0
BRDA:446,89,1,0
BRDA:446,90,0,0
BRDA:446,90,1,0
BRDA:447,91,0,0
BRDA:447,91,1,0
BRDA:447,92,0,0
BRDA:447,92,1,0
BRDA:451,93,0,0
BRDA:451,93,1,0
BRDA:451,94,0,0
BRDA:451,94,1,0
BRDA:451,94,2,0
BRDA:451,94,3,0
BRDA:451,94,4,0
BRDA:452,95,0,0
BRDA:452,95,1,0
BRDA:452,96,0,0
BRDA:452,96,1,0
BRDA:452,96,2,0
BRDA:452,96,3,0
BRDA:452,96,4,0
BRDA:453,97,0,0
BRDA:453,97,1,0
BRDA:454,98,0,0
BRDA:454,98,1,0
BRDA:459,99,0,0
BRDA:459,99,1,0
BRDA:459,99,2,0
BRDA:461,100,0,0
BRDA:461,100,1,0
BRDA:483,101,0,0
BRDA:483,101,1,0
BRDA:485,102,0,0
BRDA:485,102,1,0
BRDA:485,103,0,0
BRDA:485,103,1,0
BRDA:485,103,2,0
BRDA:486,104,0,0
BRDA:486,104,1,0
BRDA:486,105,0,0
BRDA:486,105,1,0
BRDA:486,105,2,0
BRDA:488,106,0,0
BRDA:488,106,1,0
BRDA:488,107,0,0
BRDA:488,107,1,0
BRDA:495,108,0,0
BRDA:495,108,1,0
BRDA:505,109,0,0
BRDA:505,109,1,0
BRDA:526,110,0,0
BRDA:526,110,1,0
BRDA:538,111,0,0
BRDA:538,111,1,0
BRDA:557,112,0,0
BRDA:557,112,1,0
BRDA:565,113,0,0
BRDA:565,113,1,0
BRDA:566,114,0,0
BRDA:566,114,1,0
BRDA:567,115,0,0
BRDA:567,115,1,0
BRDA:582,116,0,0
BRDA:582,116,1,0
BRDA:620,117,0,0
BRDA:620,117,1,0
BRDA:620,118,0,0
BRDA:620,118,1,0
BRDA:647,119,0,0
BRDA:647,119,1,0
BRDA:647,120,0,0
BRDA:647,120,1,0
BRDA:649,121,0,0
BRDA:649,121,1,0
BRDA:650,122,0,0
BRDA:650,122,1,0
BRDA:651,123,0,0
BRDA:651,123,1,0
BRDA:652,124,0,0
BRDA:652,124,1,0
BRDA:653,125,0,0
BRDA:653,125,1,0
BRDA:653,126,0,0
BRDA:653,126,1,0
BRDA:654,127,0,0
BRDA:654,127,1,0
BRDA:654,128,0,0
BRDA:654,128,1,0
BRDA:655,129,0,0
BRDA:655,129,1,0
BRDA:655,130,0,0
BRDA:655,130,1,0
BRDA:657,131,0,0
BRDA:657,131,1,0
BRDA:666,132,0,0
BRDA:666,132,1,0
BRDA:667,133,0,0
BRDA:667,133,1,0
BRDA:685,134,0,0
BRDA:685,134,1,0
BRDA:688,135,0,0
BRDA:688,135,1,0
BRDA:688,135,2,0
BRDA:688,135,3,0
BRDA:688,135,4,0
BRDA:688,135,5,0
BRDA:688,135,6,0
BRDA:689,136,0,0
BRDA:689,136,1,0
BRDA:691,137,0,0
BRDA:691,137,1,0
BRDA:691,138,0,0
BRDA:691,138,1,0
BRDA:692,139,0,0
BRDA:692,139,1,0
BRDA:692,140,0,0
BRDA:692,140,1,0
BRDA:694,141,0,0
BRDA:694,141,1,0
BRDA:694,142,0,0
BRDA:694,142,1,0
BRDA:694,142,2,0
BRDA:697,143,0,0
BRDA:697,143,1,0
BRDA:699,144,0,0
BRDA:699,144,1,0
BRDA:700,145,0,0
BRDA:700,145,1,0
BRDA:706,146,0,0
BRDA:706,146,1,0
BRDA:706,146,2,0
BRDA:707,147,0,0
BRDA:707,147,1,0
BRDA:707,147,2,0
BRDA:720,148,0,0
BRDA:720,148,1,0
BRDA:728,149,0,0
BRDA:728,149,1,0
BRDA:729,150,0,0
BRDA:729,150,1,0
BRDA:731,151,0,0
BRDA:731,151,1,0
BRDA:731,152,0,0
BRDA:731,152,1,0
BRDA:732,153,0,0
BRDA:732,153,1,0
BRDA:743,154,0,0
BRDA:743,154,1,0
BRDA:743,155,0,0
BRDA:743,155,1,0
BRDA:788,156,0,0
BRDA:788,156,1,0
BRDA:789,157,0,0
BRDA:789,157,1,0
BRDA:789,158,0,0
BRDA:789,158,1,0
BRDA:790,159,0,0
BRDA:790,159,1,0
BRDA:790,160,0,0
BRDA:790,160,1,0
BRDA:791,161,0,0
BRDA:791,161,1,0
BRDA:791,162,0,0
BRDA:791,162,1,0
BRDA:828,163,0,0
BRDA:828,163,1,0
BRDA:837,164,0,0
BRDA:837,164,1,0
BRDA:854,165,0,0
BRDA:854,165,1,0
BRDA:854,166,0,0
BRDA:854,166,1,0
BRDA:855,167,0,0
BRDA:855,167,1,0
BRDA:855,168,0,0
BRDA:855,168,1,0
BRDA:856,169,0,0
BRDA:856,169,1,0
BRDA:856,170,0,0
BRDA:856,170,1,0
BRDA:857,171,0,0
BRDA:857,171,1,0
BRDA:857,172,0,0
BRDA:857,172,1,0
BRDA:865,173,0,0
BRDA:865,173,1,0
BRDA:865,173,2,0
BRDA:866,174,0,0
BRDA:866,174,1,0
BRDA:867,175,0,0
BRDA:867,175,1,0
BRDA:869,176,0,0
BRDA:869,176,1,0
BRDA:871,177,0,0
BRDA:871,177,1,0
BRDA:871,178,0,0
BRDA:871,178,1,0
BRDA:872,179,0,0
BRDA:872,179,1,0
BRDA:874,180,0,0
BRDA:874,180,1,0
BRDA:874,181,0,0
BRDA:874,181,1,0
BRDA:874,181,2,0
BRDA:880,182,0,0
BRDA:880,182,1,0
BRDA:880,183,0,0
BRDA:880,183,1,0
BRDA:903,184,0,0
BRDA:904,185,0,0
BRDA:904,185,1,0
BRDA:908,186,0,0
BRDA:908,186,1,0
BRDA:944,187,0,0
BRDA:957,188,0,0
BRDA:957,188,1,0
BRDA:962,189,0,0
BRDA:962,189,1,0
BRDA:972,190,0,0
BRDA:972,190,1,0
BRDA:1001,191,0,0
BRDA:1001,191,1,0
BRDA:1004,192,0,0
BRDA:1004,192,1,0
BRDA:1009,193,0,0
BRDA:1009,193,1,0
BRDA:1022,194,0,0
BRDA:1022,194,1,0
BRDA:1023,195,0,0
BRDA:1023,195,1,0
BRDA:1023,196,0,0
BRDA:1023,196,1,0
BRDA:1025,197,0,0
BRDA:1025,197,1,0
BRDA:1026,198,0,0
BRDA:1026,198,1,0
BRDA:1028,199,0,0
BRDA:1028,199,1,0
BRDA:1028,200,0,0
BRDA:1028,200,1,0
BRDA:1044,201,0,0
BRDA:1044,201,1,0
BRDA:1049,202,0,0
BRDA:1049,202,1,0
BRDA:1050,203,0,0
BRDA:1050,203,1,0
BRDA:1051,204,0,0
BRDA:1051,204,1,0
BRDA:1052,205,0,0
BRDA:1052,205,1,0
BRDA:1052,206,0,0
BRDA:1052,206,1,0
BRDA:1054,207,0,0
BRDA:1054,207,1,0
BRDA:1054,207,2,0
BRDA:1056,208,0,0
BRDA:1056,208,1,0
BRDA:1057,209,0,0
BRDA:1057,209,1,0
BRDA:1062,210,0,0
BRDA:1062,210,1,0
BRDA:1062,211,0,0
BRDA:1062,211,1,0
BRDA:1063,212,0,0
BRDA:1063,212,1,0
BRDA:1063,213,0,0
BRDA:1063,213,1,0
BRDA:1063,214,0,0
BRDA:1063,214,1,0
BRDA:1064,215,0,0
BRDA:1064,215,1,0
BRDA:1066,216,0,0
BRDA:1066,216,1,0
BRDA:1066,217,0,0
BRDA:1066,217,1,0
BRDA:1067,218,0,0
BRDA:1067,218,1,0
BRDA:1067,219,0,0
BRDA:1067,219,1,0
BRDA:1068,220,0,0
BRDA:1068,220,1,0
BRDA:1068,221,0,0
BRDA:1068,221,1,0
BRDA:1069,222,0,0
BRDA:1069,222,1,0
BRDA:1069,223,0,0
BRDA:1069,223,1,0
BRDA:1070,224,0,0
BRDA:1070,224,1,0
BRDA:1070,225,0,0
BRDA:1070,225,1,0
BRDA:1071,226,0,0
BRDA:1071,226,1,0
BRDA:1071,227,0,0
BRDA:1071,227,1,0
BRDA:1074,228,0,0
BRDA:1074,228,1,0
BRDA:1080,229,0,0
BRDA:1080,229,1,0
BRDA:1087,230,0,0
BRDA:1087,230,1,0
BRDA:1108,231,0,0
BRDA:1108,231,1,0
BRDA:1112,232,0,0
BRDA:1112,232,1,0
BRDA:1112,233,0,0
BRDA:1112,233,1,0
BRDA:1113,234,0,0
BRDA:1113,234,1,0
BRDA:1113,235,0,0
BRDA:1113,235,1,0
BRDA:1114,236,0,0
BRDA:1114,236,1,0
BRDA:1114,237,0,0
BRDA:1114,237,1,0
BRDA:1121,238,0,0
BRDA:1121,238,1,0
BRDA:1149,239,0,0
BRDA:1149,239,1,0
BRDA:1162,240,0,0
BRDA:1162,240,1,0
BRDA:1162,241,0,0
BRDA:1162,241,1,0
BRDA:1165,242,0,0
BRDA:1165,242,1,0
BRDA:1166,243,0,0
BRDA:1166,243,1,0
BRDA:1166,243,2,0
BRDA:1167,244,0,0
BRDA:1167,244,1,0
BRDA:1167,245,0,0
BRDA:1167,245,1,0
BRDA:1168,246,0,0
BRDA:1168,246,1,0
BRDA:1168,247,0,0
BRDA:1168,247,1,0
BRDA:1169,248,0,0
BRDA:1169,248,1,0
BRDA:1169,249,0,0
BRDA:1169,249,1,0
BRDA:1172,250,0,0
BRDA:1172,250,1,0
BRDA:1172,251,0,0
BRDA:1172,251,1,0
BRDA:1176,252,0,0
BRDA:1176,252,1,0
BRDA:1179,253,0,0
BRDA:1179,253,1,0
BRDA:1184,254,0,0
BRDA:1184,254,1,0
BRDA:1185,255,0,0
BRDA:1185,255,1,0
BRDA:1187,256,0,0
BRDA:1187,256,1,0
BRDA:1187,257,0,0
BRDA:1187,257,1,0
BRDA:1188,258,0,0
BRDA:1188,258,1,0
BRDA:1192,259,0,0
BRDA:1192,259,1,0
BRDA:1192,260,0,0
BRDA:1192,260,1,0
BRDA:1193,261,0,0
BRDA:1193,261,1,0
BRDA:1223,262,0,0
BRDA:1223,262,1,0
BRDA:1228,263,0,0
BRDA:1228,263,1,0
BRDA:1228,264,0,0
BRDA:1228,264,1,0
BRDA:1231,265,0,0
BRDA:1231,265,1,0
BRDA:1232,266,0,0
BRDA:1232,266,1,0
BRDA:1233,267,0,0
BRDA:1233,267,1,0
BRDA:1233,268,0,0
BRDA:1233,268,1,0
BRDA:1234,269,0,0
BRDA:1234,269,1,0
BRDA:1234,270,0,0
BRDA:1234,270,1,0
BRDA:1235,271,0,0
BRDA:1235,271,1,0
BRDA:1235,272,0,0
BRDA:1235,272,1,0
BRDA:1236,273,0,0
BRDA:1236,273,1,0
BRDA:1236,274,0,0
BRDA:1236,274,1,0
BRDA:1237,275,0,0
BRDA:1237,275,1,0
BRDA:1237,276,0,0
BRDA:1237,276,1,0
BRDA:1238,277,0,0
BRDA:1238,277,1,0
BRDA:1238,278,0,0
BRDA:1238,278,1,0
BRDA:1239,279,0,0
BRDA:1239,279,1,0
BRDA:1239,280,0,0
BRDA:1239,280,1,0
BRDA:1251,281,0,0
BRDA:1251,281,1,0
BRF:592
BRH:0
end_of_record
TN:
SF:src\services\reportXlsxExportService.js
FN:3,(anonymous_0)
FN:9,(anonymous_1)
FN:25,(anonymous_2)
FN:50,(anonymous_3)
FN:51,(anonymous_4)
FN:58,(anonymous_5)
FN:88,(anonymous_6)
FN:93,(anonymous_7)
FN:99,(anonymous_8)
FN:112,(anonymous_9)
FN:146,(anonymous_10)
FN:159,(anonymous_11)
FN:176,(anonymous_12)
FN:187,(anonymous_13)
FN:204,(anonymous_14)
FN:215,(anonymous_15)
FN:226,(anonymous_16)
FN:230,(anonymous_17)
FN:231,(anonymous_18)
FN:248,(anonymous_19)
FN:259,(anonymous_20)
FNF:21
FNH:0
FNDA:0,(anonymous_0)
FNDA:0,(anonymous_1)
FNDA:0,(anonymous_2)
FNDA:0,(anonymous_3)
FNDA:0,(anonymous_4)
FNDA:0,(anonymous_5)
FNDA:0,(anonymous_6)
FNDA:0,(anonymous_7)
FNDA:0,(anonymous_8)
FNDA:0,(anonymous_9)
FNDA:0,(anonymous_10)
FNDA:0,(anonymous_11)
[...]
BRDA:13188,1943,1,0
BRDA:13189,1944,0,0
BRDA:13189,1944,1,0
BRDA:13194,1945,0,0
BRDA:13194,1945,1,0
BRDA:13194,1946,0,0
BRDA:13194,1946,1,0
BRDA:13196,1947,0,0
BRDA:13196,1947,1,0
BRDA:13200,1948,0,0
BRDA:13200,1948,1,0
BRDA:13204,1949,0,0
BRDA:13204,1949,1,0
BRDA:13206,1950,0,0
BRDA:13206,1950,1,0
BRDA:13214,1951,0,0
BRDA:13214,1951,1,0
BRDA:13214,1952,0,0
BRDA:13214,1952,1,0
BRDA:13216,1953,0,0
BRDA:13216,1953,1,0
BRDA:13220,1954,0,0
BRDA:13220,1954,1,0
BRDA:13233,1955,0,0
BRDA:13233,1955,1,0
BRDA:13246,1956,0,0
BRDA:13246,1956,1,0
BRDA:13249,1957,0,0
BRDA:13249,1957,1,0
BRDA:13258,1958,0,0
BRDA:13258,1958,1,0
BRDA:13274,1959,0,0
BRDA:13274,1959,1,0
BRDA:13274,1960,0,0
BRDA:13274,1960,1,0
BRDA:13280,1961,0,0
BRDA:13280,1961,1,0
BRDA:13280,1962,0,0
BRDA:13280,1962,1,0
BRDA:13286,1963,0,0
BRDA:13286,1963,1,0
BRDA:13292,1964,0,0
BRDA:13292,1964,1,0
BRDA:13295,1965,0,0
BRDA:13295,1965,1,0
BRDA:13295,1966,0,0
BRDA:13295,1966,1,0
BRDA:13297,1967,0,0
BRDA:13297,1967,1,0
BRDA:13301,1968,0,0
BRDA:13301,1968,1,0
BRDA:13303,1969,0,0
BRDA:13303,1969,1,0
BRDA:13306,1970,0,0
BRDA:13306,1970,1,0
BRDA:13308,1971,0,0
BRDA:13308,1971,1,0
BRDA:13310,1972,0,0
BRDA:13310,1972,1,0
BRDA:13311,1973,0,0
BRDA:13311,1973,1,0
BRDA:13323,1974,0,0
BRDA:13323,1974,1,0
BRDA:13323,1975,0,0
BRDA:13323,1975,1,0
BRDA:13323,1975,2,0
BRDA:13324,1976,0,0
BRDA:13324,1976,1,0
BRDA:13325,1977,0,0
BRDA:13325,1977,1,0
BRDA:13326,1978,0,0
BRDA:13326,1978,1,0
BRDA:13329,1979,0,0
BRDA:13329,1979,1,0
BRDA:13330,1980,0,0
BRDA:13330,1980,1,0
BRDA:13333,1981,0,0
BRDA:13333,1981,1,0
BRDA:13334,1982,0,0
BRDA:13334,1982,1,0
BRDA:13336,1983,0,0
BRDA:13336,1983,1,0
BRDA:13361,1984,0,0
BRDA:13361,1984,1,0
BRDA:13385,1985,0,0
BRDA:13385,1985,1,0
BRDA:13391,1986,0,0
BRDA:13391,1986,1,0
BRDA:13391,1986,2,0
BRDA:13397,1987,0,0
BRDA:13397,1987,1,0
BRDA:13403,1988,0,0
BRDA:13403,1988,1,0
BRDA:13403,1989,0,0
BRDA:13403,1989,1,0
BRDA:13409,1990,0,0
BRDA:13409,1990,1,0
BRDA:13409,1990,2,0
BRDA:13412,1991,0,0
BRDA:13412,1991,1,0
BRDA:13413,1992,0,0
BRDA:13413,1992,1,0
BRDA:13415,1993,0,0
BRDA:13415,1993,1,0
BRDA:13417,1994,0,0
BRDA:13417,1994,1,0
BRDA:13419,1995,0,0
BRDA:13419,1995,1,0
BRDA:13421,1996,0,0
BRDA:13421,1996,1,0
BRDA:13423,1997,0,0
BRDA:13423,1997,1,0
BRDA:13425,1998,0,0
BRDA:13425,1998,1,0
BRDA:13427,1999,0,0
BRDA:13427,1999,1,0
BRDA:13429,2000,0,0
BRDA:13429,2000,1,0
BRDA:13431,2001,0,0
BRDA:13431,2001,1,0
BRDA:13433,2002,0,0
BRDA:13433,2002,1,0
BRDA:13435,2003,0,0
BRDA:13435,2003,1,0
BRDA:13437,2004,0,0
BRDA:13437,2004,1,0
BRDA:13439,2005,0,0
BRDA:13439,2005,1,0
BRDA:13441,2006,0,0
BRDA:13441,2006,1,0
BRDA:13447,2007,0,0
BRDA:13447,2007,1,0
BRDA:13451,2008,0,0
BRDA:13451,2008,1,0
BRDA:13456,2009,0,0
BRDA:13456,2009,1,0
BRDA:13456,2010,0,0
BRDA:13456,2010,1,0
BRDA:13458,2011,0,0
BRDA:13458,2011,1,0
BRDA:13458,2012,0,0
BRDA:13458,2012,1,0
BRDA:13461,2013,0,0
BRDA:13461,2013,1,0
BRDA:13466,2014,0,0
BRDA:13466,2014,1,0
BRDA:13466,2015,0,0
BRDA:13466,2015,1,0
BRDA:13468,2016,0,0
BRDA:13468,2016,1,0
BRDA:13472,2017,0,0
BRDA:13472,2017,1,0
BRDA:13472,2018,0,0
BRDA:13472,2018,1,0
BRDA:13474,2019,0,0
BRDA:13474,2019,1,0
BRDA:13504,2020,0,0
BRDA:13504,2020,1,0
BRDA:13510,2021,0,0
BRDA:13510,2021,1,0
BRDA:13519,2022,0,0
BRDA:13519,2022,1,0
BRDA:13523,2023,0,0
BRDA:13523,2023,1,0
BRDA:13532,2024,0,0
BRDA:13532,2024,1,0
BRDA:13534,2025,0,0
BRDA:13534,2025,1,0
BRDA:13538,2026,0,0
BRDA:13538,2026,1,0
BRDA:13552,2027,0,0
BRDA:13552,2027,1,0
BRDA:13561,2028,0,0
BRDA:13561,2028,1,0
BRDA:13563,2029,0,0
BRDA:13563,2029,1,0
BRDA:13564,2030,0,0
BRDA:13564,2030,1,0
BRDA:13569,2031,0,0
BRDA:13569,2031,1,0
BRDA:13572,2032,0,0
BRDA:13572,2032,1,0
BRDA:13574,2033,0,0
BRDA:13574,2033,1,0
BRDA:13576,2034,0,0
BRDA:13576,2034,1,0
BRDA:13579,2035,0,0
BRDA:13579,2035,1,0
BRDA:13581,2036,0,0
BRDA:13581,2036,1,0
BRDA:13583,2037,0,0
BRDA:13583,2037,1,0
BRDA:13588,2038,0,0
BRDA:13588,2038,1,0
BRDA:13594,2039,0,0
BRDA:13594,2039,1,0
BRDA:13596,2040,0,0
BRDA:13596,2040,1,0
BRDA:13598,2041,0,0
BRDA:13598,2041,1,0
BRDA:13612,2042,0,0
BRDA:13612,2042,1,0
BRDA:13613,2043,0,0
BRDA:13613,2043,1,0
BRDA:13615,2044,0,0
BRDA:13615,2044,1,0
BRDA:13627,2045,0,0
BRDA:13627,2045,1,0
BRDA:13627,2046,0,0
BRDA:13627,2046,1,0
BRDA:13628,2047,0,0
BRDA:13628,2047,1,0
BRDA:13628,2048,0,0
BRDA:13628,2048,1,0
BRDA:13629,2049,0,0
BRDA:13629,2049,1,0
BRDA:13629,2050,0,0
BRDA:13629,2050,1,0
BRDA:13630,2051,0,0
BRDA:13630,2051,1,0
BRDA:13630,2052,0,0
BRDA:13630,2052,1,0
BRDA:13630,2052,2,0
BRDA:13632,2053,0,0
BRDA:13632,2053,1,0
BRDA:13632,2054,0,0
BRDA:13632,2054,1,0
BRDA:13634,2055,0,0
BRDA:13634,2055,1,0
BRDA:13635,2056,0,0
BRDA:13635,2056,1,0
BRDA:13635,2056,2,0
BRDA:13635,2056,3,0
BRDA:13641,2057,0,0
BRDA:13641,2057,1,0
BRDA:13642,2058,0,0
BRDA:13642,2058,1,0
BRDA:13642,2058,2,0
BRDA:13642,2058,3,0
BRDA:13642,2058,4,0
BRDA:13642,2058,5,0
BRDA:13642,2058,6,0
BRDA:13642,2058,7,0
BRDA:13642,2058,8,0
BRDA:13642,2058,9,0
BRDA:13666,2059,0,0
BRDA:13666,2059,1,0
BRDA:13667,2060,0,0
BRDA:13667,2060,1,0
BRDA:13667,2060,2,0
BRDA:13667,2060,3,0
BRDA:13667,2060,4,0
BRDA:13674,2061,0,0
BRDA:13674,2061,1,0
BRDA:13675,2062,0,0
BRDA:13675,2062,1,0
BRDA:13675,2062,2,0
BRDA:13675,2062,3,0
BRDA:13675,2062,4,0
BRDA:13682,2063,0,0
BRDA:13682,2063,1,0
BRDA:13683,2064,0,0
BRDA:13683,2064,1,0
BRDA:13683,2064,2,0
BRDA:13683,2064,3,0
BRDA:13683,2064,4,0
BRDA:13690,2065,0,0
BRDA:13690,2065,1,0
BRDA:13691,2066,0,0
BRDA:13691,2066,1,0
BRDA:13691,2066,2,0
BRDA:13691,2066,3,0
BRDA:13697,2067,0,0
BRDA:13697,2067,1,0
BRDA:13698,2068,0,0
BRDA:13698,2068,1,0
BRDA:13698,2068,2,0
BRDA:13698,2068,3,0
BRDA:13698,2068,4,0
BRDA:13698,2068,5,0
BRDA:13698,2068,6,0
BRDA:13698,2068,7,0
BRDA:13698,2068,8,0
BRDA:13721,2069,0,0
BRDA:13721,2069,1,0
BRDA:13722,2070,0,0
BRDA:13722,2070,1,0
BRDA:13722,2070,2,0
BRDA:13722,2070,3,0
BRDA:13728,2071,0,0
BRDA:13728,2071,1,0
BRDA:13729,2072,0,0
BRDA:13729,2072,1,0
BRDA:13729,2072,2,0
BRDA:13729,2072,3,0
BRDA:13729,2072,4,0
BRDA:13742,2073,0,0
BRDA:13742,2073,1,0
BRDA:13743,2074,0,0
BRDA:13743,2074,1,0
BRDA:13743,2074,2,0
BRDA:13743,2074,3,0
BRDA:13743,2074,4,0
BRDA:13757,2075,0,0
BRDA:13757,2075,1,0
BRDA:13761,2076,0,0
BRDA:13761,2076,1,0
BRDA:13762,2077,0,0
BRDA:13762,2077,1,0
BRDA:13764,2078,0,0
BRDA:13764,2078,1,0
BRDA:13764,2079,0,0
BRDA:13764,2079,1,0
BRDA:13770,2080,0,0
BRDA:13770,2080,1,0
BRDA:13771,2081,0,0
BRDA:13771,2081,1,0
BRDA:13772,2082,0,0
BRDA:13772,2082,1,0
BRDA:13773,2083,0,0
BRDA:13773,2083,1,0
BRDA:13774,2084,0,0
BRDA:13774,2084,1,0
BRDA:13774,2084,2,0
BRDA:13779,2085,0,0
BRDA:13779,2085,1,0
BRDA:13783,2086,0,0
BRDA:13783,2086,1,0
BRDA:13784,2087,0,0
BRDA:13784,2087,1,0
BRDA:13790,2088,0,0
BRDA:13790,2088,1,0
BRDA:13791,2089,0,0
BRDA:13791,2089,1,0
BRDA:13810,2090,0,0
BRDA:13810,2090,1,0
BRDA:13811,2091,0,0
BRDA:13811,2091,1,0
BRDA:13815,2092,0,0
BRDA:13815,2092,1,0
BRDA:13817,2093,0,0
BRDA:13817,2093,1,0
BRDA:13818,2094,0,0
BRDA:13818,2094,1,0
BRDA:13825,2095,0,0
BRDA:13825,2095,1,0
BRDA:13826,2096,0,0
BRDA:13826,2096,1,0
BRDA:13833,2097,0,0
BRDA:13833,2097,1,0
BRDA:13844,2098,0,0
BRDA:13844,2098,1,0
BRDA:13845,2099,0,0
BRDA:13845,2099,1,0
BRDA:13863,2100,0,0
BRDA:13863,2100,1,0
BRDA:13868,2101,0,0
BRDA:13868,2101,1,0
BRDA:13885,2102,0,0
BRDA:13885,2102,1,0
BRDA:13957,2103,0,0
BRDA:13957,2103,1,0
BRDA:13958,2104,0,0
BRDA:13958,2104,1,0
BRDA:13958,2104,2,0
BRDA:13958,2104,3,0
BRDA:13958,2104,4,0
BRDA:13958,2104,5,0
BRDA:13958,2104,6,0
BRDA:13958,2104,7,0
BRDA:13958,2104,8,0
BRDA:13965,2105,0,0
BRDA:13965,2105,1,0
BRDA:13966,2106,0,0
BRDA:13966,2106,1,0
BRDA:13966,2106,2,0
BRDA:13966,2106,3,0
BRDA:13966,2106,4,0
BRDA:13966,2106,5,0
BRDA:13973,2107,0,0
BRDA:13973,2107,1,0
BRDA:13974,2108,0,0
BRDA:13974,2108,1,0
BRDA:13974,2108,2,0
BRDA:13974,2108,3,0
BRDA:13974,2108,4,0
BRDA:13974,2108,5,0
BRDA:13985,2109,0,0
BRDA:13985,2109,1,0
BRDA:13986,2110,0,0
BRDA:13986,2110,1,0
BRDA:13986,2110,2,0
BRDA:13986,2110,3,0
BRDA:13986,2110,4,0
BRDA:13986,2110,5,0
BRDA:13993,2111,0,0
BRDA:13993,2111,1,0
BRDA:13994,2112,0,0
BRDA:13994,2112,1,0
BRDA:13994,2112,2,0
BRDA:13994,2112,3,0
BRDA:13994,2112,4,0
BRDA:13994,2112,5,0
BRDA:14003,2113,0,0
BRDA:14003,2113,1,0
BRDA:14007,2114,0,0
BRDA:14007,2114,1,0
BRDA:14008,2115,0,0
BRDA:14008,2115,1,0
BRDA:14008,2115,2,0
BRDA:14008,2115,3,0
BRDA:14008,2115,4,0
BRDA:14008,2115,5,0
BRDA:14017,2116,0,0
BRDA:14017,2116,1,0
BRDA:14020,2117,0,0
BRDA:14020,2117,1,0
BRDA:14021,2118,0,0
BRDA:14021,2118,1,0
BRDA:14021,2118,2,0
BRDA:14021,2118,3,0
BRDA:14021,2118,4,0
BRDA:14021,2118,5,0
BRDA:14030,2119,0,0
BRDA:14030,2119,1,0
BRDA:14083,2120,0,0
BRDA:14083,2120,1,0
BRDA:14084,2121,0,0
BRDA:14084,2121,1,0
BRDA:14084,2121,2,0
BRDA:14084,2121,3,0
BRDA:14098,2122,0,0
BRDA:14098,2122,1,0
BRDA:14098,2123,0,0
BRDA:14098,2123,1,0
BRDA:14103,2124,0,0
BRDA:14103,2124,1,0
BRDA:14104,2125,0,0
BRDA:14104,2125,1,0
BRDA:14104,2125,2,0
BRDA:14104,2125,3,0
BRDA:14129,2126,0,0
BRDA:14129,2126,1,0
BRDA:14129,2127,0,0
BRDA:14129,2127,1,0
BRDA:14133,2128,0,0
BRDA:14133,2128,1,0
BRDA:14134,2129,0,0
BRDA:14134,2129,1,0
BRDA:14134,2129,2,0
BRDA:14134,2129,3,0
BRDA:14159,2130,0,0
BRDA:14159,2130,1,0
BRDA:14159,2131,0,0
BRDA:14159,2131,1,0
BRDA:14179,2132,0,0
BRDA:14179,2132,1,0
BRDA:14182,2133,0,0
BRDA:14182,2133,1,0
BRDA:14183,2134,0,0
BRDA:14183,2134,1,0
BRDA:14186,2135,0,0
BRDA:14186,2135,1,0
BRDA:14192,2136,0,0
BRDA:14192,2136,1,0
BRDA:14192,2136,2,0
BRDA:14205,2137,0,0
BRDA:14205,2137,1,0
BRDA:14206,2138,0,0
BRDA:14206,2138,1,0
BRDA:14208,2139,0,0
BRDA:14208,2139,1,0
BRDA:14210,2140,0,0
BRDA:14210,2140,1,0
BRDA:14212,2141,0,0
BRDA:14212,2141,1,0
BRDA:14212,2142,0,0
BRDA:14212,2142,1,0
BRDA:14222,2143,0,0
BRDA:14222,2143,1,0
BRDA:14222,2144,0,0
BRDA:14222,2144,1,0
BRDA:14226,2145,0,0
BRDA:14226,2145,1,0
BRDA:14226,2146,0,0
BRDA:14226,2146,1,0
BRDA:14227,2147,0,0
BRDA:14227,2147,1,0
BRDA:14228,2148,0,0
BRDA:14228,2148,1,0
BRDA:14228,2148,2,0
BRDA:14239,2149,0,0
BRDA:14239,2149,1,0
BRDA:14239,2150,0,0
BRDA:14239,2150,1,0
BRDA:14241,2151,0,0
BRDA:14241,2151,1,0
BRDA:14242,2152,0,0
BRDA:14242,2152,1,0
BRDA:14242,2152,2,0
BRDA:14253,2153,0,0
BRDA:14253,2153,1,0
BRDA:14255,2154,0,0
BRDA:14255,2154,1,0
BRDA:14255,2154,2,0
BRDA:14256,2155,0,0
BRDA:14256,2155,1,0
BRDA:14256,2155,2,0
BRDA:14257,2156,0,0
BRDA:14257,2156,1,0
BRDA:14257,2156,2,0
BRDA:14258,2157,0,0
BRDA:14258,2157,1,0
BRDA:14258,2157,2,0
BRDA:14302,2158,0,0
BRDA:14302,2158,1,0
BRDA:14320,2159,0,0
BRDA:14320,2159,1,0
BRDA:14323,2160,0,0
BRDA:14323,2160,1,0
BRDA:14324,2161,0,0
BRDA:14324,2161,1,0
BRDA:14324,2161,2,0
BRDA:14335,2162,0,0
BRDA:14335,2162,1,0
BRDA:14336,2163,0,0
BRDA:14336,2163,1,0
BRDA:14363,2164,0,0
BRDA:14363,2164,1,0
BRDA:14374,2165,0,0
BRDA:14374,2165,1,0
BRDA:14374,2166,0,0
BRDA:14374,2166,1,0
BRDA:14375,2167,0,0
BRDA:14375,2167,1,0
BRDA:14376,2168,0,0
BRDA:14376,2168,1,0
BRDA:14377,2169,0,0
BRDA:14377,2169,1,0
BRDA:14379,2170,0,0
BRDA:14379,2170,1,0
BRDA:14399,2171,0,0
BRDA:14399,2171,1,0
BRDA:14402,2172,0,0
BRDA:14402,2172,1,0
BRDA:14404,2173,0,0
BRDA:14404,2173,1,0
BRDA:14406,2174,0,0
BRDA:14406,2174,1,0
BRDA:14412,2175,0,0
BRDA:14412,2175,1,0
BRDA:14414,2176,0,0
BRDA:14414,2176,1,0
BRDA:14420,2177,0,0
BRDA:14420,2177,1,0
BRDA:14426,2178,0,0
BRDA:14426,2178,1,0
BRDA:14430,2179,0,0
BRDA:14430,2179,1,0
BRDA:14440,2180,0,0
BRDA:14440,2180,1,0
BRDA:14440,2181,0,0
BRDA:14440,2181,1,0
BRDA:14441,2182,0,0
BRDA:14441,2182,1,0
BRDA:14442,2183,0,0
BRDA:14442,2183,1,0
BRDA:14443,2184,0,0
BRDA:14443,2184,1,0
BRDA:14447,2185,0,0
BRDA:14447,2185,1,0
BRDA:14455,2186,0,0
BRDA:14455,2186,1,0
BRDA:14464,2187,0,0
BRDA:14464,2187,1,0
BRDA:14465,2188,0,0
BRDA:14465,2188,1,0
BRDA:14483,2189,0,0
BRDA:14483,2189,1,0
BRDA:14488,2190,0,0
BRDA:14488,2190,1,0
BRDA:14488,2191,0,0
BRDA:14488,2191,1,0
BRDA:14503,2192,0,0
BRDA:14503,2192,1,0
BRDA:14503,2193,0,0
BRDA:14503,2193,1,0
BRDA:14506,2194,0,0
BRDA:14506,2194,1,0
BRDA:14529,2195,0,0
BRDA:14529,2195,1,0
BRDA:14545,2196,0,22
BRDA:14545,2196,1,22
BRDA:14545,2196,2,0
BRDA:14546,2197,0,22
BRDA:14546,2197,1,0
BRDA:14546,2197,2,22
BRDA:14550,2198,0,0
BRDA:14550,2198,1,0
BRDA:14551,2199,0,0
BRDA:14551,2199,1,0
BRDA:14551,2199,2,0
BRDA:14555,2200,0,0
BRDA:14555,2200,1,0
BRDA:14561,2201,0,0
BRDA:14561,2201,1,0
BRDA:14575,2202,0,0
BRDA:14575,2202,1,0
BRDA:14596,2203,0,0
BRDA:14596,2203,1,0
BRDA:14596,2204,0,0
BRDA:14596,2204,1,0
BRDA:14598,2205,0,0
BRDA:14598,2205,1,0
BRDA:14599,2206,0,0
BRDA:14599,2206,1,0
BRDA:14602,2207,0,0
BRDA:14602,2207,1,0
BRDA:14605,2208,0,0
BRDA:14605,2208,1,0
BRDA:14607,2209,0,0
BRDA:14607,2209,1,0
BRDA:14608,2210,0,0
BRDA:14608,2210,1,0
BRDA:14608,2210,2,0
BRDA:14608,2210,3,0
BRDA:14609,2211,0,0
BRDA:14609,2211,1,0
BRDA:14609,2211,2,0
BRDA:14609,2211,3,0
BRDA:14617,2212,0,0
BRDA:14617,2212,1,0
BRDA:14621,2213,0,0
BRDA:14621,2213,1,0
BRDA:14622,2214,0,0
BRDA:14622,2214,1,0
BRDA:14625,2215,0,0
BRDA:14625,2215,1,0
BRDA:14631,2216,0,0
BRDA:14631,2216,1,0
BRDA:14649,2217,0,0
BRDA:14649,2217,1,0
BRDA:14655,2218,0,0
BRDA:14655,2218,1,0
BRDA:14656,2219,0,0
BRDA:14656,2219,1,0
BRDA:14658,2220,0,0
BRDA:14658,2220,1,0
BRDA:14658,2220,2,0
BRDA:14658,2220,3,0
BRDA:14664,2221,0,0
BRDA:14664,2221,1,0
BRDA:14664,2222,0,0
BRDA:14664,2222,1,0
BRDA:14666,2223,0,0
BRDA:14666,2223,1,0
BRDA:14667,2224,0,0
BRDA:14667,2224,1,0
BRDA:14667,2224,2,0
BRDA:14670,2225,0,0
BRDA:14670,2225,1,0
BRDA:14670,2225,2,0
BRDA:14673,2226,0,0
BRDA:14673,2226,1,0
BRDA:14673,2227,0,0
BRDA:14673,2227,1,0
BRDA:14676,2228,0,0
BRDA:14676,2228,1,0
BRDA:14678,2229,0,0
BRDA:14678,2229,1,0
BRDA:14679,2230,0,0
BRDA:14679,2230,1,0
BRDA:14680,2231,0,0
BRDA:14680,2231,1,0
BRDA:14685,2232,0,0
BRDA:14685,2232,1,0
BRDA:14707,2233,0,0
BRDA:14707,2233,1,0
BRDA:14707,2234,0,0
BRDA:14707,2234,1,0
BRDA:14712,2235,0,0
BRDA:14712,2235,1,0
BRDA:14716,2236,0,0
BRDA:14716,2236,1,0
BRDA:14719,2237,0,0
BRDA:14719,2237,1,0
BRDA:14734,2238,0,0
BRDA:14734,2238,1,0
BRDA:14735,2239,0,0
BRDA:14735,2239,1,0
BRDA:14736,2240,0,0
BRDA:14736,2240,1,0
BRDA:14737,2241,0,0
BRDA:14737,2241,1,0
BRDA:14737,2242,0,0
BRDA:14737,2242,1,0
BRDA:14737,2242,2,0
BRDA:14739,2243,0,0
BRDA:14739,2243,1,0
BRDA:14739,2244,0,0
BRDA:14739,2244,1,0
BRDA:14739,2244,2,0
BRDA:14741,2245,0,0
BRDA:14741,2245,1,0
BRDA:14741,2246,0,0
BRDA:14741,2246,1,0
BRDA:14742,2247,0,0
BRDA:14742,2247,1,0
BRDA:14743,2248,0,0
BRDA:14743,2248,1,0
BRDA:14744,2249,0,0
BRDA:14744,2249,1,0
BRDA:14744,2250,0,0
BRDA:14744,2250,1,0
BRDA:14747,2251,0,0
BRDA:14747,2251,1,0
BRDA:14747,2251,2,0
BRDA:14750,2252,0,0
BRDA:14750,2252,1,0
BRDA:14750,2252,2,0
BRDA:14753,2253,0,0
BRDA:14753,2253,1,0
BRDA:14753,2253,2,0
BRDA:14753,2253,3,0
BRDA:14753,2253,4,0
BRDA:14753,2253,5,0
BRDA:14753,2253,6,0
BRDA:14753,2253,7,0
BRDA:14753,2253,8,0
BRDA:14753,2253,9,0
BRDA:14753,2253,10,0
BRDA:14753,2253,11,0
BRDA:14753,2253,12,0
BRDA:14769,2254,0,0
BRDA:14769,2254,1,0
BRDA:14770,2255,0,0
BRDA:14770,2255,1,0
BRDA:14771,2256,0,0
BRDA:14771,2256,1,0
BRDA:14772,2257,0,0
BRDA:14772,2257,1,0
BRDA:14776,2258,0,0
BRDA:14776,2258,1,0
BRDA:14777,2259,0,0
BRDA:14777,2259,1,0
BRDA:14778,2260,0,0
BRDA:14778,2260,1,0
BRDA:14779,2261,0,0
BRDA:14779,2261,1,0
BRDA:14800,2262,0,0
BRDA:14800,2262,1,0
BRDA:14800,2263,0,0
BRDA:14800,2263,1,0
BRDA:14802,2264,0,0
BRDA:14802,2264,1,0
BRDA:14810,2265,0,0
BRDA:14810,2265,1,0
BRDA:14810,2266,0,0
BRDA:14810,2266,1,0
BRDA:14819,2267,0,0
BRDA:14819,2267,1,0
BRDA:14824,2268,0,0
BRDA:14824,2268,1,0
BRDA:14824,2269,0,0
BRDA:14824,2269,1,0
BRDA:14824,2269,2,0
BRDA:14827,2270,0,0
BRDA:14827,2270,1,0
BRDA:14828,2271,0,0
BRDA:14828,2271,1,0
BRDA:14828,2272,0,0
BRDA:14828,2272,1,0
BRDA:14833,2273,0,0
BRDA:14833,2273,1,0
BRDA:14834,2274,0,0
BRDA:14834,2274,1,0
BRDA:14835,2275,0,0
BRDA:14835,2275,1,0
BRDA:14835,2275,2,0
BRDA:14844,2276,0,0
BRDA:14844,2276,1,0
BRDA:14845,2277,0,0
BRDA:14845,2277,1,0
BRDA:14857,2278,0,0
BRDA:14857,2278,1,0
BRDA:14858,2279,0,0
BRDA:14858,2279,1,0
BRDA:14859,2280,0,0
BRDA:14859,2280,1,0
BRDA:14860,2281,0,0
BRDA:14860,2281,1,0
BRDA:14861,2282,0,0
BRDA:14861,2282,1,0
BRDA:14862,2283,0,0
BRDA:14862,2283,1,0
BRDA:14863,2284,0,0
BRDA:14863,2284,1,0
BRDA:14887,2285,0,22
BRDA:14887,2285,1,22
BRDA:14887,2285,2,0
BRDA:14888,2286,0,22
BRDA:14888,2286,1,22
BRDA:14888,2286,2,0
BRDA:14903,2287,0,0
BRDA:14903,2287,1,0
BRDA:14909,2288,0,0
BRDA:14909,2288,1,0
BRDA:14909,2289,0,0
BRDA:14909,2289,1,0
BRDA:14912,2290,0,0
BRDA:14912,2290,1,0
BRDA:14919,2291,0,0
BRDA:14919,2291,1,0
BRDA:14920,2292,0,0
BRDA:14920,2292,1,0
BRDA:14926,2293,0,0
BRDA:14926,2293,1,0
BRDA:14927,2294,0,0
BRDA:14927,2294,1,0
BRDA:14933,2295,0,0
BRDA:14933,2295,1,0
BRDA:14934,2296,0,0
BRDA:14934,2296,1,0
BRDA:14939,2297,0,0
BRDA:14939,2297,1,0
BRDA:14939,2298,0,0
BRDA:14939,2298,1,0
BRDA:14953,2299,0,0
BRDA:14953,2299,1,0
BRDA:14955,2300,0,0
BRDA:14955,2300,1,0
BRDA:14961,2301,0,0
BRDA:14961,2301,1,0
BRDA:14962,2302,0,0
BRDA:14962,2302,1,0
BRDA:14966,2303,0,0
BRDA:14966,2303,1,0
BRDA:14981,2304,0,0
BRDA:14981,2304,1,0
BRDA:15015,2305,0,0
BRDA:15015,2305,1,0
BRDA:15017,2306,0,0
BRDA:15017,2306,1,0
BRDA:15024,2307,0,0
BRDA:15024,2307,1,0
BRDA:15024,2308,0,0
BRDA:15024,2308,1,0
BRDA:15027,2309,0,0
BRDA:15027,2309,1,0
BRDA:15027,2309,2,0
BRDA:15030,2310,0,0
BRDA:15030,2310,1,0
BRDA:15032,2311,0,0
BRDA:15032,2311,1,0
BRDA:15038,2312,0,0
BRDA:15038,2312,1,0
BRDA:15057,2313,0,0
BRDA:15057,2313,1,0
BRDA:15057,2314,0,0
BRDA:15057,2314,1,0
BRDA:15060,2315,0,0
BRDA:15060,2315,1,0
BRDA:15080,2316,0,0
BRDA:15080,2316,1,0
BRDA:15097,2317,0,0
BRDA:15097,2317,1,0
BRDA:15102,2318,0,0
BRDA:15102,2318,1,0
BRDA:15104,2319,0,0
BRDA:15104,2319,1,0
BRDA:15105,2320,0,0
BRDA:15105,2320,1,0
BRDA:15112,2321,0,0
BRDA:15112,2321,1,0
BRDA:15113,2322,0,0
BRDA:15113,2322,1,0
BRDA:15115,2323,0,0
BRDA:15115,2323,1,0
BRDA:15160,2324,0,0
BRDA:15160,2324,1,0
BRDA:15161,2325,0,0
BRDA:15161,2325,1,0
BRDA:15184,2326,0,0
BRDA:15184,2326,1,0
BRDA:15185,2327,0,0
BRDA:15185,2327,1,0
BRDA:15185,2328,0,0
BRDA:15185,2328,1,0
BRDA:15188,2329,0,0
BRDA:15188,2329,1,0
BRDA:15197,2330,0,0
BRDA:15197,2330,1,0
BRDA:15209,2331,0,0
BRDA:15209,2331,1,0
BRDA:15210,2332,0,0
BRDA:15210,2332,1,0
BRDA:15210,2333,0,0
BRDA:15210,2333,1,0
BRDA:15214,2334,0,0
BRDA:15214,2334,1,0
BRDA:15236,2335,0,0
BRDA:15236,2335,1,0
BRDA:15238,2336,0,0
BRDA:15238,2336,1,0
BRDA:15239,2337,0,0
BRDA:15239,2337,1,0
BRDA:15248,2338,0,0
BRDA:15248,2338,1,0
BRDA:15250,2339,0,0
BRDA:15250,2339,1,0
BRDA:15260,2340,0,0
BRDA:15271,2341,0,0
BRDA:15271,2341,1,0
BRDA:15271,2342,0,0
BRDA:15271,2342,1,0
BRDA:15300,2343,0,0
BRDA:15300,2344,0,0
BRDA:15300,2345,0,0
BRDA:15300,2346,0,0
BRDA:15300,2347,0,0
BRDA:15304,2348,0,0
BRDA:15304,2348,1,0
BRDA:15321,2349,0,0
BRDA:15325,2350,0,0
BRDA:15325,2350,1,0
BRDA:15330,2351,0,0
BRDA:15330,2351,1,0
BRDA:15337,2352,0,0
BRDA:15337,2353,0,0
BRDA:15340,2354,0,0
BRDA:15340,2355,0,0
BRF:5092
BRH:135
end_of_record
TN:
SF:src\utils\telebirr\standingOrderCrypto.js
FN:3,(anonymous_0)
FN:11,(anonymous_1)
FN:15,(anonymous_2)
FN:27,(anonymous_3)
FN:39,(anonymous_4)
FN:55,(anonymous_5)
FNF:6
FNH:0
FNDA:0,(anonymous_0)
FNDA:0,(anonymous_1)
FNDA:0,(anonymous_2)
FNDA:0,(anonymous_3)
FNDA:0,(anonymous_4)
FNDA:0,(anonymous_5)
DA:1,0
DA:3,0
DA:4,0
DA:5,0
DA:6,0
DA:8,0
DA:11,0
DA:12,0
DA:15,0
DA:16,0
DA:17,0
DA:18,0
DA:19,0
DA:20,0
DA:27,0
DA:28,0
DA:29,0
DA:30,0
DA:31,0
DA:32,0
DA:39,0
DA:40,0
DA:41,0
DA:44,0
DA:52,0
DA:55,0
DA:56,0
DA:57,0
DA:58,0
DA:66,0
DA:69,0
LF:31
LH:0
BRDA:4,0,0,0
BRDA:4,0,1,0
BRDA:6,1,0,0
BRDA:6,1,1,0
BRDA:57,2,0,0
BRDA:57,2,1,0
BRF:6
BRH:0
end_of_record
TN:
SF:src\utils\telebirr\tools.js
FN:15,signRequestObject
FN:49,(anonymous_1)
FN:59,createTimeStamp
FN:64,createNonceStr
FNF:4
FNH:0
FNDA:0,signRequestObject
FNDA:0,(anonymous_1)
FNDA:0,createTimeStamp
FNDA:0,createNonceStr
DA:1,22
DA:2,22
DA:5,22
DA:16,0
DA:17,0
DA:18,0
DA:19,0
DA:20,0
DA:22,0
DA:23,0
DA:26,0
DA:27,0
DA:28,0
DA:29,0
DA:30,0
DA:32,0
DA:33,0
DA:37,0
DA:39,0
DA:40,0
DA:41,0
DA:42,0
DA:44,0
DA:45,0
DA:46,0
DA:49,22
DA:50,0
DA:53,0
DA:54,0
DA:55,0
DA:56,0
DA:60,0
DA:65,0
DA:103,0
DA:104,0
DA:105,0
DA:106,0
DA:108,0
DA:111,22
LF:39
LH:5
BRDA:19,0,0,0
BRDA:19,0,1,0
BRDA:26,1,0,0
BRDA:26,1,1,0
BRDA:29,2,0,0
BRDA:29,2,1,0
BRF:6
BRH:0
end_of_record
