{"numFailedTestSuites":1,"numFailedTests":8,"numPassedTestSuites":0,"numPassedTests":4,"numPendingTestSuites":0,"numPendingTests":0,"numRuntimeErrorTestSuites":0,"numTodoTests":0,"numTotalTestSuites":1,"numTotalTests":12,"openHandles":[],"snapshot":{"added":0,"didUpdate":false,"failure":false,"filesAdded":0,"filesRemoved":0,"filesRemovedList":[],"filesUnmatched":0,"filesUpdated":0,"matched":0,"total":0,"unchecked":0,"uncheckedKeysByFile":[],"unmatched":0,"updated":0},"startTime":1772782020957,"success":false,"testResults":[{"assertionResults":[{"ancestorTitles":["services/subscriptionEnforcement"],"duration":9,"failing":false,"failureDetails":[{"matcherResult":{"actual":true,"expected":false,"message":"\u001b[2mexpect(\u001b[22m\u001b[31mreceived\u001b[39m\u001b[2m).\u001b[22mtoBe\u001b[2m(\u001b[22m\u001b[32mexpected\u001b[39m\u001b[2m) // Object.is equality\u001b[22m\n\nExpected: \u001b[32mfalse\u001b[39m\nReceived: \u001b[31mtrue\u001b[39m","name":"toBe","pass":false}}],"failureMessages":["Error: \u001b[2mexpect(\u001b[22m\u001b[31mreceived\u001b[39m\u001b[2m).\u001b[22mtoBe\u001b[2m(\u001b[22m\u001b[32mexpected\u001b[39m\u001b[2m) // Object.is equality\u001b[22m\n\nExpected: \u001b[32mfalse\u001b[39m\nReceived: \u001b[31mtrue\u001b[39m\n    at Object.toBe (D:\\Projects\\mirachpos\\api\\tests\\unit\\subscriptionEnforcementService.test.js:25:25)"],"fullName":"services/subscriptionEnforcement returns NO_SUBSCRIPTION when tenant has no active or trial subscription","invocations":1,"location":null,"numPassingAsserts":0,"retryReasons":[],"startAt":1772782021664,"status":"failed","title":"returns NO_SUBSCRIPTION when tenant has no active or trial subscription"},{"ancestorTitles":["services/subscriptionEnforcement"],"duration":10,"failing":false,"failureDetails":[{}],"failureMessages":["TypeError: Cannot read properties of null (reading 'devices')\n    at Object.devices (D:\\Projects\\mirachpos\\api\\tests\\unit\\subscriptionEnforcementService.test.js:48:23)"],"fullName":"services/subscriptionEnforcement uses active subscription when within period and returns allowed=true","invocations":1,"location":null,"numPassingAsserts":3,"retryReasons":[],"startAt":1772782021709,"status":"failed","title":"uses active subscription when within period and returns allowed=true"},{"ancestorTitles":["services/subscriptionEnforcement"],"duration":15,"failing":false,"failureDetails":[{"matcherResult":{"actual":true,"expected":false,"message":"\u001b[2mexpect(\u001b[22m\u001b[31mreceived\u001b[39m\u001b[2m).\u001b[22mtoBe\u001b[2m(\u001b[22m\u001b[32mexpected\u001b[39m\u001b[2m) // Object.is equality\u001b[22m\n\nExpected: \u001b[32mfalse\u001b[39m\nReceived: \u001b[31mtrue\u001b[39m","name":"toBe","pass":false}}],"failureMessages":["Error: \u001b[2mexpect(\u001b[22m\u001b[31mreceived\u001b[39m\u001b[2m).\u001b[22mtoBe\u001b[2m(\u001b[22m\u001b[32mexpected\u001b[39m\u001b[2m) // Object.is equality\u001b[22m\n\nExpected: \u001b[32mfalse\u001b[39m\nReceived: \u001b[31mtrue\u001b[39m\n    at Object.toBe (D:\\Projects\\mirachpos\\api\\tests\\unit\\subscriptionEnforcementService.test.js:72:25)"],"fullName":"services/subscriptionEnforcement returns PLAN_LIMIT_EXCEEDED when usage hits resource limit","invocations":1,"location":null,"numPassingAsserts":0,"retryReasons":[],"startAt":1772782021749,"status":"failed","title":"returns PLAN_LIMIT_EXCEEDED when usage hits resource limit"},{"ancestorTitles":["services/subscriptionEnforcement"],"duration":3,"failing":false,"failureDetails":[{"matcherResult":{"actual":true,"expected":false,"message":"\u001b[2mexpect(\u001b[22m\u001b[31mreceived\u001b[39m\u001b[2m).\u001b[22mtoBe\u001b[2m(\u001b[22m\u001b[32mexpected\u001b[39m\u001b[2m) // Object.is equality\u001b[22m\n\nExpected: \u001b[32mfalse\u001b[39m\nReceived: \u001b[31mtrue\u001b[39m","name":"toBe","pass":false}}],"failureMessages":["Error: \u001b[2mexpect(\u001b[22m\u001b[31mreceived\u001b[39m\u001b[2m).\u001b[22mtoBe\u001b[2m(\u001b[22m\u001b[32mexpected\u001b[39m\u001b[2m) // Object.is equality\u001b[22m\n\nExpected: \u001b[32mfalse\u001b[39m\nReceived: \u001b[31mtrue\u001b[39m\n    at Object.toBe (D:\\Projects\\mirachpos\\api\\tests\\unit\\subscriptionEnforcementService.test.js:95:25)"],"fullName":"services/subscriptionEnforcement checkFeatureAccess returns FEATURE_NOT_AVAILABLE when plan lacks feature","invocations":1,"location":null,"numPassingAsserts":0,"retryReasons":[],"startAt":1772782021786,"status":"failed","title":"checkFeatureAccess returns FEATURE_NOT_AVAILABLE when plan lacks feature"},{"ancestorTitles":["services/subscriptionEnforcement"],"duration":34,"failing":false,"failureDetails":[],"failureMessages":[],"fullName":"services/subscriptionEnforcement requireSubscription middleware 400s when tenant cannot be identified","invocations":1,"location":null,"numPassingAsserts":3,"retryReasons":[],"startAt":1772782021811,"status":"passed","title":"requireSubscription middleware 400s when tenant cannot be identified"},{"ancestorTitles":["services/subscriptionEnforcement"],"duration":3,"failing":false,"failureDetails":[],"failureMessages":[],"fullName":"services/subscriptionEnforcement requireFeature middleware passes when feature is available","invocations":1,"location":null,"numPassingAsserts":2,"retryReasons":[],"startAt":1772782021883,"status":"passed","title":"requireFeature middleware passes when feature is available"},{"ancestorTitles":["services/subscriptionEnforcement"],"duration":9,"failing":false,"failureDetails":[{"matcherResult":{"actual":"pro","expected":"growth","message":"\u001b[2mexpect(\u001b[22m\u001b[31mreceived\u001b[39m\u001b[2m).\u001b[22mtoBe\u001b[2m(\u001b[22m\u001b[32mexpected\u001b[39m\u001b[2m) // Object.is equality\u001b[22m\n\nExpected: \u001b[32m\"\u001b[7mg\u001b[27mro\u001b[7mwth\u001b[27m\"\u001b[39m\nReceived: \u001b[31m\"\u001b[7mp\u001b[27mro\"\u001b[39m","name":"toBe","pass":false}}],"failureMessages":["Error: \u001b[2mexpect(\u001b[22m\u001b[31mreceived\u001b[39m\u001b[2m).\u001b[22mtoBe\u001b[2m(\u001b[22m\u001b[32mexpected\u001b[39m\u001b[2m) // Object.is equality\u001b[22m\n\nExpected: \u001b[32m\"\u001b[7mg\u001b[27mro\u001b[7mwth\u001b[27m\"\u001b[39m\nReceived: \u001b[31m\"\u001b[7mp\u001b[27mro\"\u001b[39m\n    at Object.toBe (D:\\Projects\\mirachpos\\api\\tests\\unit\\subscriptionEnforcementService.test.js:156:22)"],"fullName":"services/subscriptionEnforcement uses trial subscription when no active subscription exists","invocations":1,"location":null,"numPassingAsserts":1,"retryReasons":[],"startAt":1772782021898,"status":"failed","title":"uses trial subscription when no active subscription exists"},{"ancestorTitles":["services/subscriptionEnforcement"],"duration":2,"failing":false,"failureDetails":[],"failureMessages":[],"fullName":"services/subscriptionEnforcement checkFeatureAccess returns allowed for pro plan features","invocations":1,"location":null,"numPassingAsserts":3,"retryReasons":[],"startAt":1772782021914,"status":"passed","title":"checkFeatureAccess returns allowed for pro plan features"},{"ancestorTitles":["services/subscriptionEnforcement"],"duration":8,"failing":false,"failureDetails":[{"matcherResult":{"message":"\u001b[2mexpect(\u001b[22m\u001b[31mjest.fn()\u001b[39m\u001b[2m).\u001b[22mtoHaveBeenCalledWith\u001b[2m(\u001b[22m\u001b[32m...expected\u001b[39m\u001b[2m)\u001b[22m\n\nExpected: \u001b[32m403\u001b[39m\n\nNumber of calls: \u001b[31m0\u001b[39m","pass":false}}],"failureMessages":["Error: \u001b[2mexpect(\u001b[22m\u001b[31mjest.fn()\u001b[39m\u001b[2m).\u001b[22mtoHaveBeenCalledWith\u001b[2m(\u001b[22m\u001b[32m...expected\u001b[39m\u001b[2m)\u001b[22m\n\nExpected: \u001b[32m403\u001b[39m\n\nNumber of calls: \u001b[31m0\u001b[39m\n    at Object.toHaveBeenCalledWith (D:\\Projects\\mirachpos\\api\\tests\\unit\\subscriptionEnforcementService.test.js:207:24)"],"fullName":"services/subscriptionEnforcement requireSubscription middleware 403s when plan limit exceeded","invocations":1,"location":null,"numPassingAsserts":0,"retryReasons":[],"startAt":1772782021925,"status":"failed","title":"requireSubscription middleware 403s when plan limit exceeded"},{"ancestorTitles":["services/subscriptionEnforcement"],"duration":2,"failing":false,"failureDetails":[{"matcherResult":{"message":"\u001b[2mexpect(\u001b[22m\u001b[31mjest.fn()\u001b[39m\u001b[2m).\u001b[22mtoHaveBeenCalledWith\u001b[2m(\u001b[22m\u001b[32m...expected\u001b[39m\u001b[2m)\u001b[22m\n\nExpected: \u001b[32m403\u001b[39m\n\nNumber of calls: \u001b[31m0\u001b[39m","pass":false}}],"failureMessages":["Error: \u001b[2mexpect(\u001b[22m\u001b[31mjest.fn()\u001b[39m\u001b[2m).\u001b[22mtoHaveBeenCalledWith\u001b[2m(\u001b[22m\u001b[32m...expected\u001b[39m\u001b[2m)\u001b[22m\n\nExpected: \u001b[32m403\u001b[39m\n\nNumber of calls: \u001b[31m0\u001b[39m\n    at Object.toHaveBeenCalledWith (D:\\Projects\\mirachpos\\api\\tests\\unit\\subscriptionEnforcementService.test.js:233:24)"],"fullName":"services/subscriptionEnforcement requireFeature middleware 403s when feature not available","invocations":1,"location":null,"numPassingAsserts":0,"retryReasons":[],"startAt":1772782021935,"status":"failed","title":"requireFeature middleware 403s when feature not available"},{"ancestorTitles":["services/subscriptionEnforcement"],"duration":22,"failing":false,"failureDetails":[{"matcherResult":{"actual":true,"expected":false,"message":"\u001b[2mexpect(\u001b[22m\u001b[31mreceived\u001b[39m\u001b[2m).\u001b[22mtoBe\u001b[2m(\u001b[22m\u001b[32mexpected\u001b[39m\u001b[2m) // Object.is equality\u001b[22m\n\nExpected: \u001b[32mfalse\u001b[39m\nReceived: \u001b[31mtrue\u001b[39m","name":"toBe","pass":false}}],"failureMessages":["Error: \u001b[2mexpect(\u001b[22m\u001b[31mreceived\u001b[39m\u001b[2m).\u001b[22mtoBe\u001b[2m(\u001b[22m\u001b[32mexpected\u001b[39m\u001b[2m) // Object.is equality\u001b[22m\n\nExpected: \u001b[32mfalse\u001b[39m\nReceived: \u001b[31mtrue\u001b[39m\n    at Object.toBe (D:\\Projects\\mirachpos\\api\\tests\\unit\\subscriptionEnforcementService.test.js:260:25)"],"fullName":"services/subscriptionEnforcement checkPlanLimits counts devices correctly","invocations":1,"location":null,"numPassingAsserts":0,"retryReasons":[],"startAt":1772782021944,"status":"failed","title":"checkPlanLimits counts devices correctly"},{"ancestorTitles":["services/subscriptionEnforcement"],"duration":7,"failing":false,"failureDetails":[],"failureMessages":[],"fullName":"services/subscriptionEnforcement checkPlanLimits counts tables with branch filter","invocations":1,"location":null,"numPassingAsserts":2,"retryReasons":[],"startAt":1772782021992,"status":"passed","title":"checkPlanLimits counts tables with branch filter"}],"endTime":1772782022246,"message":"\u001b[1m\u001b[31m  \u001b[1m● \u001b[22m\u001b[1mservices/subscriptionEnforcement › returns NO_SUBSCRIPTION when tenant has no active or trial subscription\u001b[39m\u001b[22m\n\n    \u001b[2mexpect(\u001b[22m\u001b[31mreceived\u001b[39m\u001b[2m).\u001b[22mtoBe\u001b[2m(\u001b[22m\u001b[32mexpected\u001b[39m\u001b[2m) // Object.is equality\u001b[22m\n\n    Expected: \u001b[32mfalse\u001b[39m\n    Received: \u001b[31mtrue\u001b[39m\n\u001b[2m\u001b[22m\n\u001b[2m    \u001b[0m \u001b[90m 23 |\u001b[39m     \u001b[36mconst\u001b[39m res \u001b[33m=\u001b[39m \u001b[36mawait\u001b[39m checkPlanLimits(\u001b[32m't_test'\u001b[39m\u001b[33m,\u001b[39m \u001b[32m'devices'\u001b[39m)\u001b[33m;\u001b[39m\u001b[22m\n\u001b[2m     \u001b[90m 24 |\u001b[39m\u001b[22m\n\u001b[2m    \u001b[31m\u001b[1m>\u001b[22m\u001b[2m\u001b[39m\u001b[90m 25 |\u001b[39m     expect(res\u001b[33m.\u001b[39mallowed)\u001b[33m.\u001b[39mtoBe(\u001b[36mfalse\u001b[39m)\u001b[33m;\u001b[39m\u001b[22m\n\u001b[2m     \u001b[90m    |\u001b[39m                         \u001b[31m\u001b[1m^\u001b[22m\u001b[2m\u001b[39m\u001b[22m\n\u001b[2m     \u001b[90m 26 |\u001b[39m     expect(res\u001b[33m.\u001b[39merror)\u001b[33m.\u001b[39mtoBe(\u001b[32m'NO_SUBSCRIPTION'\u001b[39m)\u001b[33m;\u001b[39m\u001b[22m\n\u001b[2m     \u001b[90m 27 |\u001b[39m   })\u001b[33m;\u001b[39m\u001b[22m\n\u001b[2m     \u001b[90m 28 |\u001b[39m\u001b[0m\u001b[22m\n\u001b[2m\u001b[22m\n\u001b[2m      \u001b[2mat Object.toBe (\u001b[22m\u001b[2m\u001b[0m\u001b[36mtests/unit/subscriptionEnforcementService.test.js\u001b[39m\u001b[0m\u001b[2m:25:25)\u001b[22m\u001b[2m\u001b[22m\n\n\u001b[1m\u001b[31m  \u001b[1m● \u001b[22m\u001b[1mservices/subscriptionEnforcement › uses active subscription when within period and returns allowed=true\u001b[39m\u001b[22m\n\n    TypeError: Cannot read properties of null (reading 'devices')\n\u001b[2m\u001b[22m\n\u001b[2m    \u001b[0m \u001b[90m 46 |\u001b[39m     expect(res\u001b[33m.\u001b[39mplan)\u001b[33m.\u001b[39mtoBe(\u001b[32m'pro'\u001b[39m)\u001b[33m;\u001b[39m\u001b[22m\n\u001b[2m     \u001b[90m 47 |\u001b[39m     expect(res\u001b[33m.\u001b[39musage)\u001b[33m.\u001b[39mtoEqual({ devices\u001b[33m:\u001b[39m \u001b[35m0\u001b[39m\u001b[33m,\u001b[39m staff\u001b[33m:\u001b[39m \u001b[35m0\u001b[39m\u001b[33m,\u001b[39m tables\u001b[33m:\u001b[39m \u001b[35m0\u001b[39m\u001b[33m,\u001b[39m branches\u001b[33m:\u001b[39m \u001b[35m1\u001b[39m })\u001b[33m;\u001b[39m\u001b[22m\n\u001b[2m    \u001b[31m\u001b[1m>\u001b[22m\u001b[2m\u001b[39m\u001b[90m 48 |\u001b[39m     expect(res\u001b[33m.\u001b[39mchecks\u001b[33m.\u001b[39mdevices\u001b[33m.\u001b[39mallowed)\u001b[33m.\u001b[39mtoBe(\u001b[36mtrue\u001b[39m)\u001b[33m;\u001b[39m\u001b[22m\n\u001b[2m     \u001b[90m    |\u001b[39m                       \u001b[31m\u001b[1m^\u001b[22m\u001b[2m\u001b[39m\u001b[22m\n\u001b[2m     \u001b[90m 49 |\u001b[39m   })\u001b[33m;\u001b[39m\u001b[22m\n\u001b[2m     \u001b[90m 50 |\u001b[39m\u001b[22m\n\u001b[2m     \u001b[90m 51 |\u001b[39m   it(\u001b[32m'returns PLAN_LIMIT_EXCEEDED when usage hits resource limit'\u001b[39m\u001b[33m,\u001b[39m \u001b[36masync\u001b[39m () \u001b[33m=>\u001b[39m {\u001b[0m\u001b[22m\n\u001b[2m\u001b[22m\n\u001b[2m      \u001b[2mat Object.devices (\u001b[22m\u001b[2m\u001b[0m\u001b[36mtests/unit/subscriptionEnforcementService.test.js\u001b[39m\u001b[0m\u001b[2m:48:23)\u001b[22m\u001b[2m\u001b[22m\n\n\u001b[1m\u001b[31m  \u001b[1m● \u001b[22m\u001b[1mservices/subscriptionEnforcement › returns PLAN_LIMIT_EXCEEDED when usage hits resource limit\u001b[39m\u001b[22m\n\n    \u001b[2mexpect(\u001b[22m\u001b[31mreceived\u001b[39m\u001b[2m).\u001b[22mtoBe\u001b[2m(\u001b[22m\u001b[32mexpected\u001b[39m\u001b[2m) // Object.is equality\u001b[22m\n\n    Expected: \u001b[32mfalse\u001b[39m\n    Received: \u001b[31mtrue\u001b[39m\n\u001b[2m\u001b[22m\n\u001b[2m    \u001b[0m \u001b[90m 70 |\u001b[39m     \u001b[36mconst\u001b[39m res \u001b[33m=\u001b[39m \u001b[36mawait\u001b[39m checkPlanLimits(\u001b[32m't_test'\u001b[39m\u001b[33m,\u001b[39m \u001b[32m'staff'\u001b[39m)\u001b[33m;\u001b[39m\u001b[22m\n\u001b[2m     \u001b[90m 71 |\u001b[39m\u001b[22m\n\u001b[2m    \u001b[31m\u001b[1m>\u001b[22m\u001b[2m\u001b[39m\u001b[90m 72 |\u001b[39m     expect(res\u001b[33m.\u001b[39mallowed)\u001b[33m.\u001b[39mtoBe(\u001b[36mfalse\u001b[39m)\u001b[33m;\u001b[39m\u001b[22m\n\u001b[2m     \u001b[90m    |\u001b[39m                         \u001b[31m\u001b[1m^\u001b[22m\u001b[2m\u001b[39m\u001b[22m\n\u001b[2m     \u001b[90m 73 |\u001b[39m     expect(res\u001b[33m.\u001b[39merror)\u001b[33m.\u001b[39mtoBe(\u001b[32m'PLAN_LIMIT_EXCEEDED'\u001b[39m)\u001b[33m;\u001b[39m\u001b[22m\n\u001b[2m     \u001b[90m 74 |\u001b[39m     expect(res\u001b[33m.\u001b[39mresource)\u001b[33m.\u001b[39mtoBe(\u001b[32m'staff'\u001b[39m)\u001b[33m;\u001b[39m\u001b[22m\n\u001b[2m     \u001b[90m 75 |\u001b[39m     expect(res\u001b[33m.\u001b[39mlimit)\u001b[33m.\u001b[39mtoBe(\u001b[35m2\u001b[39m)\u001b[33m;\u001b[39m\u001b[0m\u001b[22m\n\u001b[2m\u001b[22m\n\u001b[2m      \u001b[2mat Object.toBe (\u001b[22m\u001b[2m\u001b[0m\u001b[36mtests/unit/subscriptionEnforcementService.test.js\u001b[39m\u001b[0m\u001b[2m:72:25)\u001b[22m\u001b[2m\u001b[22m\n\n\u001b[1m\u001b[31m  \u001b[1m● \u001b[22m\u001b[1mservices/subscriptionEnforcement › checkFeatureAccess returns FEATURE_NOT_AVAILABLE when plan lacks feature\u001b[39m\u001b[22m\n\n    \u001b[2mexpect(\u001b[22m\u001b[31mreceived\u001b[39m\u001b[2m).\u001b[22mtoBe\u001b[2m(\u001b[22m\u001b[32mexpected\u001b[39m\u001b[2m) // Object.is equality\u001b[22m\n\n    Expected: \u001b[32mfalse\u001b[39m\n    Received: \u001b[31mtrue\u001b[39m\n\u001b[2m\u001b[22m\n\u001b[2m    \u001b[0m \u001b[90m 93 |\u001b[39m     \u001b[36mconst\u001b[39m res \u001b[33m=\u001b[39m \u001b[36mawait\u001b[39m checkFeatureAccess(\u001b[32m't_test'\u001b[39m\u001b[33m,\u001b[39m \u001b[32m'inventory'\u001b[39m)\u001b[33m;\u001b[39m\u001b[22m\n\u001b[2m     \u001b[90m 94 |\u001b[39m\u001b[22m\n\u001b[2m    \u001b[31m\u001b[1m>\u001b[22m\u001b[2m\u001b[39m\u001b[90m 95 |\u001b[39m     expect(res\u001b[33m.\u001b[39mallowed)\u001b[33m.\u001b[39mtoBe(\u001b[36mfalse\u001b[39m)\u001b[33m;\u001b[39m\u001b[22m\n\u001b[2m     \u001b[90m    |\u001b[39m                         \u001b[31m\u001b[1m^\u001b[22m\u001b[2m\u001b[39m\u001b[22m\n\u001b[2m     \u001b[90m 96 |\u001b[39m     expect(res\u001b[33m.\u001b[39merror)\u001b[33m.\u001b[39mtoBe(\u001b[32m'FEATURE_NOT_AVAILABLE'\u001b[39m)\u001b[33m;\u001b[39m\u001b[22m\n\u001b[2m     \u001b[90m 97 |\u001b[39m     expect(res\u001b[33m.\u001b[39mfeature)\u001b[33m.\u001b[39mtoBe(\u001b[32m'inventory'\u001b[39m)\u001b[33m;\u001b[39m\u001b[22m\n\u001b[2m     \u001b[90m 98 |\u001b[39m   })\u001b[33m;\u001b[39m\u001b[0m\u001b[22m\n\u001b[2m\u001b[22m\n\u001b[2m      \u001b[2mat Object.toBe (\u001b[22m\u001b[2m\u001b[0m\u001b[36mtests/unit/subscriptionEnforcementService.test.js\u001b[39m\u001b[0m\u001b[2m:95:25)\u001b[22m\u001b[2m\u001b[22m\n\n\u001b[1m\u001b[31m  \u001b[1m● \u001b[22m\u001b[1mservices/subscriptionEnforcement › uses trial subscription when no active subscription exists\u001b[39m\u001b[22m\n\n    \u001b[2mexpect(\u001b[22m\u001b[31mreceived\u001b[39m\u001b[2m).\u001b[22mtoBe\u001b[2m(\u001b[22m\u001b[32mexpected\u001b[39m\u001b[2m) // Object.is equality\u001b[22m\n\n    Expected: \u001b[32m\"\u001b[7mg\u001b[27mro\u001b[7mwth\u001b[27m\"\u001b[39m\n    Received: \u001b[31m\"\u001b[7mp\u001b[27mro\"\u001b[39m\n\u001b[2m\u001b[22m\n\u001b[2m    \u001b[0m \u001b[90m 154 |\u001b[39m\u001b[22m\n\u001b[2m     \u001b[90m 155 |\u001b[39m     expect(res\u001b[33m.\u001b[39mallowed)\u001b[33m.\u001b[39mtoBe(\u001b[36mtrue\u001b[39m)\u001b[33m;\u001b[39m\u001b[22m\n\u001b[2m    \u001b[31m\u001b[1m>\u001b[22m\u001b[2m\u001b[39m\u001b[90m 156 |\u001b[39m     expect(res\u001b[33m.\u001b[39mplan)\u001b[33m.\u001b[39mtoBe(\u001b[32m'growth'\u001b[39m)\u001b[33m;\u001b[39m\u001b[22m\n\u001b[2m     \u001b[90m     |\u001b[39m                      \u001b[31m\u001b[1m^\u001b[22m\u001b[2m\u001b[39m\u001b[22m\n\u001b[2m     \u001b[90m 157 |\u001b[39m     expect(res\u001b[33m.\u001b[39misTrial)\u001b[33m.\u001b[39mtoBe(\u001b[36mtrue\u001b[39m)\u001b[33m;\u001b[39m\u001b[22m\n\u001b[2m     \u001b[90m 158 |\u001b[39m   })\u001b[33m;\u001b[39m\u001b[22m\n\u001b[2m     \u001b[90m 159 |\u001b[39m\u001b[0m\u001b[22m\n\u001b[2m\u001b[22m\n\u001b[2m      \u001b[2mat Object.toBe (\u001b[22m\u001b[2m\u001b[0m\u001b[36mtests/unit/subscriptionEnforcementService.test.js\u001b[39m\u001b[0m\u001b[2m:156:22)\u001b[22m\u001b[2m\u001b[22m\n\n\u001b[1m\u001b[31m  \u001b[1m● \u001b[22m\u001b[1mservices/subscriptionEnforcement › requireSubscription middleware 403s when plan limit exceeded\u001b[39m\u001b[22m\n\n    \u001b[2mexpect(\u001b[22m\u001b[31mjest.fn()\u001b[39m\u001b[2m).\u001b[22mtoHaveBeenCalledWith\u001b[2m(\u001b[22m\u001b[32m...expected\u001b[39m\u001b[2m)\u001b[22m\n\n    Expected: \u001b[32m403\u001b[39m\n\n    Number of calls: \u001b[31m0\u001b[39m\n\u001b[2m\u001b[22m\n\u001b[2m    \u001b[0m \u001b[90m 205 |\u001b[39m     \u001b[36mawait\u001b[39m mw(req\u001b[33m,\u001b[39m res\u001b[33m,\u001b[39m next)\u001b[33m;\u001b[39m\u001b[22m\n\u001b[2m     \u001b[90m 206 |\u001b[39m\u001b[22m\n\u001b[2m    \u001b[31m\u001b[1m>\u001b[22m\u001b[2m\u001b[39m\u001b[90m 207 |\u001b[39m     expect(res\u001b[33m.\u001b[39mstatus)\u001b[33m.\u001b[39mtoHaveBeenCalledWith(\u001b[35m403\u001b[39m)\u001b[33m;\u001b[39m\u001b[22m\n\u001b[2m     \u001b[90m     |\u001b[39m                        \u001b[31m\u001b[1m^\u001b[22m\u001b[2m\u001b[39m\u001b[22m\n\u001b[2m     \u001b[90m 208 |\u001b[39m     expect(res\u001b[33m.\u001b[39mjson)\u001b[33m.\u001b[39mtoHaveBeenCalledWith(expect\u001b[33m.\u001b[39mobjectContaining({ error\u001b[33m:\u001b[39m \u001b[32m'PLAN_LIMIT_EXCEEDED'\u001b[39m }))\u001b[33m;\u001b[39m\u001b[22m\n\u001b[2m     \u001b[90m 209 |\u001b[39m     expect(next)\u001b[33m.\u001b[39mnot\u001b[33m.\u001b[39mtoHaveBeenCalled()\u001b[33m;\u001b[39m\u001b[22m\n\u001b[2m     \u001b[90m 210 |\u001b[39m   })\u001b[33m;\u001b[39m\u001b[0m\u001b[22m\n\u001b[2m\u001b[22m\n\u001b[2m      \u001b[2mat Object.toHaveBeenCalledWith (\u001b[22m\u001b[2m\u001b[0m\u001b[36mtests/unit/subscriptionEnforcementService.test.js\u001b[39m\u001b[0m\u001b[2m:207:24)\u001b[22m\u001b[2m\u001b[22m\n\n\u001b[1m\u001b[31m  \u001b[1m● \u001b[22m\u001b[1mservices/subscriptionEnforcement › requireFeature middleware 403s when feature not available\u001b[39m\u001b[22m\n\n    \u001b[2mexpect(\u001b[22m\u001b[31mjest.fn()\u001b[39m\u001b[2m).\u001b[22mtoHaveBeenCalledWith\u001b[2m(\u001b[22m\u001b[32m...expected\u001b[39m\u001b[2m)\u001b[22m\n\n    Expected: \u001b[32m403\u001b[39m\n\n    Number of calls: \u001b[31m0\u001b[39m\n\u001b[2m\u001b[22m\n\u001b[2m    \u001b[0m \u001b[90m 231 |\u001b[39m     \u001b[36mawait\u001b[39m mw(req\u001b[33m,\u001b[39m res\u001b[33m,\u001b[39m next)\u001b[33m;\u001b[39m\u001b[22m\n\u001b[2m     \u001b[90m 232 |\u001b[39m\u001b[22m\n\u001b[2m    \u001b[31m\u001b[1m>\u001b[22m\u001b[2m\u001b[39m\u001b[90m 233 |\u001b[39m     expect(res\u001b[33m.\u001b[39mstatus)\u001b[33m.\u001b[39mtoHaveBeenCalledWith(\u001b[35m403\u001b[39m)\u001b[33m;\u001b[39m\u001b[22m\n\u001b[2m     \u001b[90m     |\u001b[39m                        \u001b[31m\u001b[1m^\u001b[22m\u001b[2m\u001b[39m\u001b[22m\n\u001b[2m     \u001b[90m 234 |\u001b[39m     expect(res\u001b[33m.\u001b[39mjson)\u001b[33m.\u001b[39mtoHaveBeenCalledWith(expect\u001b[33m.\u001b[39mobjectContaining({ error\u001b[33m:\u001b[39m \u001b[32m'FEATURE_NOT_AVAILABLE'\u001b[39m }))\u001b[33m;\u001b[39m\u001b[22m\n\u001b[2m     \u001b[90m 235 |\u001b[39m     expect(next)\u001b[33m.\u001b[39mnot\u001b[33m.\u001b[39mtoHaveBeenCalled()\u001b[33m;\u001b[39m\u001b[22m\n\u001b[2m     \u001b[90m 236 |\u001b[39m   })\u001b[33m;\u001b[39m\u001b[0m\u001b[22m\n\u001b[2m\u001b[22m\n\u001b[2m      \u001b[2mat Object.toHaveBeenCalledWith (\u001b[22m\u001b[2m\u001b[0m\u001b[36mtests/unit/subscriptionEnforcementService.test.js\u001b[39m\u001b[0m\u001b[2m:233:24)\u001b[22m\u001b[2m\u001b[22m\n\n\u001b[1m\u001b[31m  \u001b[1m● \u001b[22m\u001b[1mservices/subscriptionEnforcement › checkPlanLimits counts devices correctly\u001b[39m\u001b[22m\n\n    \u001b[2mexpect(\u001b[22m\u001b[31mreceived\u001b[39m\u001b[2m).\u001b[22mtoBe\u001b[2m(\u001b[22m\u001b[32mexpected\u001b[39m\u001b[2m) // Object.is equality\u001b[22m\n\n    Expected: \u001b[32mfalse\u001b[39m\n    Received: \u001b[31mtrue\u001b[39m\n\u001b[2m\u001b[22m\n\u001b[2m    \u001b[0m \u001b[90m 258 |\u001b[39m     \u001b[36mconst\u001b[39m res \u001b[33m=\u001b[39m \u001b[36mawait\u001b[39m checkPlanLimits(\u001b[32m't_test'\u001b[39m\u001b[33m,\u001b[39m \u001b[32m'devices'\u001b[39m)\u001b[33m;\u001b[39m\u001b[22m\n\u001b[2m     \u001b[90m 259 |\u001b[39m\u001b[22m\n\u001b[2m    \u001b[31m\u001b[1m>\u001b[22m\u001b[2m\u001b[39m\u001b[90m 260 |\u001b[39m     expect(res\u001b[33m.\u001b[39mallowed)\u001b[33m.\u001b[39mtoBe(\u001b[36mfalse\u001b[39m)\u001b[33m;\u001b[39m\u001b[22m\n\u001b[2m     \u001b[90m     |\u001b[39m                         \u001b[31m\u001b[1m^\u001b[22m\u001b[2m\u001b[39m\u001b[22m\n\u001b[2m     \u001b[90m 261 |\u001b[39m     expect(res\u001b[33m.\u001b[39merror)\u001b[33m.\u001b[39mtoBe(\u001b[32m'PLAN_LIMIT_EXCEEDED'\u001b[39m)\u001b[33m;\u001b[39m\u001b[22m\n\u001b[2m     \u001b[90m 262 |\u001b[39m     expect(res\u001b[33m.\u001b[39mresource)\u001b[33m.\u001b[39mtoBe(\u001b[32m'devices'\u001b[39m)\u001b[33m;\u001b[39m\u001b[22m\n\u001b[2m     \u001b[90m 263 |\u001b[39m     expect(res\u001b[33m.\u001b[39mcurrent)\u001b[33m.\u001b[39mtoBe(\u001b[35m3\u001b[39m)\u001b[33m;\u001b[39m\u001b[0m\u001b[22m\n\u001b[2m\u001b[22m\n\u001b[2m      \u001b[2mat Object.toBe (\u001b[22m\u001b[2m\u001b[0m\u001b[36mtests/unit/subscriptionEnforcementService.test.js\u001b[39m\u001b[0m\u001b[2m:260:25)\u001b[22m\u001b[2m\u001b[22m\n","name":"D:\\Projects\\mirachpos\\api\\tests\\unit\\subscriptionEnforcementService.test.js","startTime":1772782021068,"status":"failed","summary":""}],"wasInterrupted":false}
