{"total": {"lines":{"total":293,"covered":292,"skipped":0,"pct":99.65},"statements":{"total":293,"covered":292,"skipped":0,"pct":99.65},"functions":{"total":30,"covered":25,"skipped":0,"pct":83.33},"branches":{"total":137,"covered":126,"skipped":0,"pct":91.97},"branchesTrue":{"total":0,"covered":0,"skipped":0,"pct":100}}
,"D:\\Projects\\mirachpos\\usePersistedState.ts": {"lines":{"total":49,"covered":48,"skipped":0,"pct":97.95},"functions":{"total":10,"covered":6,"skipped":0,"pct":60},"statements":{"total":49,"covered":48,"skipped":0,"pct":97.95},"branches":{"total":28,"covered":23,"skipped":0,"pct":82.14}}
,"D:\\Projects\\mirachpos\\components\\Modal.tsx": {"lines":{"total":27,"covered":27,"skipped":0,"pct":100},"functions":{"total":2,"covered":2,"skipped":0,"pct":100},"statements":{"total":27,"covered":27,"skipped":0,"pct":100},"branches":{"total":10,"covered":10,"skipped":0,"pct":100}}
,"D:\\Projects\\mirachpos\\hooks\\usePosIdleTimeout.ts": {"lines":{"total":64,"covered":64,"skipped":0,"pct":100},"functions":{"total":3,"covered":2,"skipped":0,"pct":66.66},"statements":{"total":64,"covered":64,"skipped":0,"pct":100},"branches":{"total":31,"covered":31,"skipped":0,"pct":100}}
,"D:\\Projects\\mirachpos\\hooks\\useSessionEventWiring.ts": {"lines":{"total":46,"covered":46,"skipped":0,"pct":100},"functions":{"total":4,"covered":4,"skipped":0,"pct":100},"statements":{"total":46,"covered":46,"skipped":0,"pct":100},"branches":{"total":22,"covered":18,"skipped":0,"pct":81.81}}
,"D:\\Projects\\mirachpos\\utils\\exportUtils.ts": {"lines":{"total":107,"covered":107,"skipped":0,"pct":100},"functions":{"total":11,"covered":11,"skipped":0,"pct":100},"statements":{"total":107,"covered":107,"skipped":0,"pct":100},"branches":{"total":46,"covered":44,"skipped":0,"pct":95.65}}
}
